99.03.14 12:43 B f:\mirror1\d\changcheng\beimen.c --> www1.yn.cninfo.net /mudcctx/mudlib/d/changcheng beimen.c
99.03.14 12:43 B f:\mirror1\d\changcheng\changcheng1.c --> www1.yn.cninfo.net /mudcctx/mudlib/d/changcheng changcheng1.c
99.03.14 12:43 B f:\mirror1\d\changcheng\changcheng10.c --> www1.yn.cninfo.net /mudcctx/mudlib/d/changcheng changcheng10.c
99.03.14 12:43 B f:\mirror1\d\changcheng\changcheng11.c --> www1.yn.cninfo.net /mudcctx/mudlib/d/changcheng changcheng11.c
99.03.14 12:43 B f:\mirror1\d\changcheng\changcheng12.c --> www1.yn.cninfo.net /mudcctx/mudlib/d/changcheng changcheng12.c
99.03.14 12:43 B f:\mirror1\d\changcheng\changcheng13.c --> www1.yn.cninfo.net /mudcctx/mudlib/d/changcheng changcheng13.c
99.03.14 12:43 B f:\mirror1\d\changcheng\changcheng14.c --> www1.yn.cninfo.net /mudcctx/mudlib/d/changcheng changcheng14.c
99.03.14 12:43 B f:\mirror1\d\changcheng\changcheng15.c --> www1.yn.cninfo.net /mudcctx/mudlib/d/changcheng changcheng15.c
99.03.14 12:43 B f:\mirror1\d\changcheng\changcheng16.c --> www1.yn.cninfo.net /mudcctx/mudlib/d/changcheng changcheng16.c
99.03.14 12:43 B f:\mirror1\d\changcheng\changcheng17.c --> www1.yn.cninfo.net /mudcctx/mudlib/d/changcheng changcheng17.c
99.03.14 12:43 B f:\mirror1\d\changcheng\changcheng18.c --> www1.yn.cninfo.net /mudcctx/mudlib/d/changcheng changcheng18.c
99.03.14 12:43 B f:\mirror1\d\changcheng\changcheng19.c --> www1.yn.cninfo.net /mudcctx/mudlib/d/changcheng changcheng19.c
99.03.14 12:43 B f:\mirror1\d\changcheng\changcheng2.c --> www1.yn.cninfo.net /mudcctx/mudlib/d/changcheng changcheng2.c
99.03.14 12:43 B f:\mirror1\d\changcheng\changcheng20.c --> www1.yn.cninfo.net /mudcctx/mudlib/d/changcheng changcheng20.c
99.03.14 12:43 B f:\mirror1\d\changcheng\changcheng21.c --> www1.yn.cninfo.net /mudcctx/mudlib/d/changcheng changcheng21.c
99.03.14 12:43 B f:\mirror1\d\changcheng\changcheng3.c --> www1.yn.cninfo.net /mudcctx/mudlib/d/changcheng changcheng3.c
99.03.14 12:43 B f:\mirror1\d\changcheng\changcheng4.c --> www1.yn.cninfo.net /mudcctx/mudlib/d/changcheng changcheng4.c
99.03.14 12:43 B f:\mirror1\d\changcheng\changcheng5.c --> www1.yn.cninfo.net /mudcctx/mudlib/d/changcheng changcheng5.c
99.03.14 12:43 B f:\mirror1\d\changcheng\changcheng6.c --> www1.yn.cninfo.net /mudcctx/mudlib/d/changcheng changcheng6.c
99.03.14 12:43 B f:\mirror1\d\changcheng\changcheng7.c --> www1.yn.cninfo.net /mudcctx/mudlib/d/changcheng changcheng7.c
99.03.14 12:43 B f:\mirror1\d\changcheng\changcheng8.c --> www1.yn.cninfo.net /mudcctx/mudlib/d/changcheng changcheng8.c
99.03.14 12:43 B f:\mirror1\d\changcheng\changcheng9.c --> www1.yn.cninfo.net /mudcctx/mudlib/d/changcheng changcheng9.c
99.03.14 12:43 B f:\mirror1\d\changcheng\FengHuoTai1-1.c --> www1.yn.cninfo.net /mudcctx/mudlib/d/changcheng FengHuoTai1-1.c
99.03.14 12:43 B f:\mirror1\d\changcheng\FengHuoTai1-2.c --> www1.yn.cninfo.net /mudcctx/mudlib/d/changcheng FengHuoTai1-2.c
99.03.14 12:43 B f:\mirror1\d\changcheng\FengHuoTai2-1.c --> www1.yn.cninfo.net /mudcctx/mudlib/d/changcheng FengHuoTai2-1.c
99.03.14 12:43 B f:\mirror1\d\changcheng\FengHuoTai2-2.c --> www1.yn.cninfo.net /mudcctx/mudlib/d/changcheng FengHuoTai2-2.c
99.03.14 12:43 B f:\mirror1\d\changcheng\juyguan.c --> www1.yn.cninfo.net /mudcctx/mudlib/d/changcheng juyguan.c
99.03.14 12:43 B f:\mirror1\d\changcheng\nroad1.c --> www1.yn.cninfo.net /mudcctx/mudlib/d/changcheng nroad1.c
99.03.14 12:43 B f:\mirror1\d\changcheng\nroad2.c --> www1.yn.cninfo.net /mudcctx/mudlib/d/changcheng nroad2.c
