Can't find "mudos", ignoring old binaries.
Try invoking the driver using the full pathname.
System Error: init_addr_server: connect: 由于目标机器积极拒绝，无法连接。


Loading preloaded files ...
Initializations complete.

Accepting connections on port 5555.
Accepting connections on port 2000.
Accepting connections on port 2002.
Accepting connections on port 2003.
Accepting connections on port 2004.

执行时段错误：*Bad argument 2 to present()
Expected: object Got: 0.

程式：d/guiyun/matou.c 第 205 行
呼叫来自：d/guiyun/matou.c 的 rjinbing() 第 205 行，物件： d/guiyun/matou ("0(0)")

执行时段错误：*Bad argument 2 to present()
Expected: object Got: 0.

程式：d/guiyun/matou.c 第 205 行
呼叫来自：d/guiyun/matou.c 的 rjinbing() 第 205 行，物件： d/guiyun/matou ("0(0)")

执行时段错误：*Bad argument 2 to present()
Expected: object Got: 0.

程式：d/guiyun/matou.c 第 204 行
呼叫来自：d/guiyun/matou.c 的 rjinbing() 第 204 行，物件： d/guiyun/matou ("0(0)")

执行时段错误：*Bad argument 2 to present()
Expected: object Got: 0.

程式：d/guiyun/matou.c 第 204 行
呼叫来自：d/guiyun/matou.c 的 rjinbing() 第 204 行，物件： d/guiyun/matou ("0(0)")
错误讯息被拦截: 
执行时段错误：*Error in loading object '/quest/menpaijob/taohua/xiake'

程式：cmds/arch/updatedir.c 第 75 行
呼叫来自：feature/command.c 的 command_hook() 第 67 行，物件： clone/user/user#1195 ("某人(hxsd)")
呼叫来自：cmds/arch/updatedir.c 的 main() 第 40 行，物件： cmds/arch/updatedir ("0(0)")
呼叫来自：cmds/arch/updatedir.c 的 updatefile() 第 75 行，物件： cmds/arch/updatedir ("0(0)")
呼叫来自：cmds/arch/updatedir.c 的 CATCH() 第 75 行，物件： cmds/arch/updatedir ("0(0)")
