Failed to load condition daemon /kungfu/condition/zmqidu_poison, removed from quest/haojie/jobnpc/23#1668 ("Œ‚”¬≥¨(wu)")
Error: 0
Failed to load condition daemon /kungfu/condition/tangmen_busy, removed from d/biwu/champion_xy#1231 ("¡Ó∫¸÷«÷€(bhs)")
Error: 0
Failed to load condition daemon /kungfu/condition/"psgc, removed from clone/user/user#1275 ("ƒ≥»À(hxsd)")
Error: 0
Failed to load condition daemon /kungfu/condition/zimu-zhen, removed from kungfu/class/lingjiu/xuzhu#2413 ("–È÷Ò(xu zhu)")
Error: 0
Failed to load condition daemon /kungfu/condition/zimu-zhen, removed from kungfu/class/lingjiu/xuzhu#2413 ("–È÷Ò(xu zhu)")
Error: 0
Failed to load condition daemon /kungfu/condition/zmqidu_poison, removed from kungfu/class/lingjiu/qiupopo#3485 ("Ù√∆≈∆≈(qiu popo)")
Error: 0
Failed to load condition daemon /kungfu/condition/zimu-zhen, removed from kungfu/class/lingjiu/qiupopo#3485 ("Ù√∆≈∆≈(qiu popo)")
Error: 0
Failed to load condition daemon /kungfu/condition/zmqidu_poison, removed from kungfu/class/lingjiu/zhoupopo#3477 ("÷‹∆≈∆≈(zhou popo)")
Error: 0
Failed to load condition daemon /kungfu/condition/zimu-zhen, removed from kungfu/class/lingjiu/zhoupopo#3477 ("÷‹∆≈∆≈(zhou popo)")
Error: 0
Failed to load condition daemon /kungfu/condition/zmqidu_poison, removed from quest/haojie/jobnpc/9#3229 ("–‹–°—‡(xiong)")
Error: 0
Failed to load condition daemon /kungfu/condition/0, removed from clone/user/user#1324 ("ƒ≥»À(hxsd)")
Error: 0
Failed to load condition daemon /kungfu/condition/x2_sandu, removed from kungfu/class/lingjiu/xuzhu#1533 ("–È÷Ò(xu zhu)")
Error: 0
Failed to load condition daemon /kungfu/condition/x2_sandu, removed from kungfu/class/lingjiu/xuzhu#1533 ("–È÷Ò(xu zhu)")
Error: 0
Failed to load condition daemon /kungfu/condition/x2_sandu, removed from kungfu/class/lingjiu/xuzhu#1533 ("–È÷Ò(xu zhu)")
Error: 0
Failed to load condition daemon /kungfu/condition/x2_sandu, removed from kungfu/class/lingjiu/xuzhu#1533 ("–È÷Ò(xu zhu)")
Error: 0
Failed to load condition daemon /kungfu/condition/x2_sandu, removed from kungfu/class/lingjiu/qiupopo#1604 ("Ù√∆≈∆≈(qiu popo)")
Error: 0
Failed to load condition daemon /kungfu/condition/x2_sandu, removed from quest/shenshu/npc/man#669 ("π´◊”∏Á(gongzi)")
Error: 0
Failed to load condition daemon /kungfu/condition/x2_sandu, removed from kungfu/class/lingjiu/zhoupopo#1596 ("÷‹∆≈∆≈(zhou popo)")
Error: 0
Failed to load condition daemon /kungfu/condition/x2_sandu, removed from kungfu/class/lingjiu/zhoupopo#1596 ("÷‹∆≈∆≈(zhou popo)")
Error: 0
Failed to load condition daemon /kungfu/condition/x2_sandu, removed from quest/shenshu/npc/man#669 ("[33m[µÿ…∑√≈]…± ÷≥¬Àƒ[2;37;0m(killer)")
Error: 0
Failed to load condition daemon /kungfu/condition/x2_sandu, removed from quest/shenshu/npc/man#674 ("…Ω‘Ù(shan zei)")
Error: 0
Failed to load condition daemon /kungfu/condition/x2_sandu, removed from d/lingjiu/npc/lanjian#1588 ("¿ºΩ£(lan jian)")
Error: 0
Failed to load condition daemon /kungfu/condition/x2_sandu, removed from quest/shenshu/npc/man#669 ("[33m[µÿ…∑√≈]…± ÷≥¬Àƒ[2;37;0m(killer)")
Error: 0
Failed to load condition daemon /kungfu/condition/x2_sandu, removed from kungfu/class/lingjiu/meijian#1580 ("√∑Ω£(mei jian)")
Error: 0
