keeny((player))  ‘Õº–¥»Î /data/FENG  ß∞‹°£
city4((player))  ‘Õº–¥»Î /data/games/mj_data.o  ß∞‹°£
city4((player))  ‘Õº–¥»Î /data/games/mj_data.o  ß∞‹°£
city4((player))  ‘Õº–¥»Î /data/games/mj_data.o  ß∞‹°£
city4((player))  ‘Õº–¥»Î /data/games/mj_data.o  ß∞‹°£
city4((player))  ‘Õº–¥»Î /data/games/mj_data.o  ß∞‹°£
city4((player))  ‘Õº–¥»Î /data/games/mj_data.o  ß∞‹°£
city4((player))  ‘Õº–¥»Î /data/games/mj_data.o  ß∞‹°£
city4((player))  ‘Õº–¥»Î /data/games/mj_data.o  ß∞‹°£
city4((player))  ‘Õº–¥»Î /data/games/mj_data.o  ß∞‹°£
city4((player))  ‘Õº–¥»Î /data/games/mj_data.o  ß∞‹°£
city4((player))  ‘Õº–¥»Î /data/games/mj_data.o  ß∞‹°£
city4((player))  ‘Õº–¥»Î /data/games/mj_data.o  ß∞‹°£
city4((player))  ‘Õº–¥»Î /data/games/mj_data.o  ß∞‹°£
city4((player))  ‘Õº–¥»Î /data/games/mj_data.o  ß∞‹°£
city4((player))  ‘Õº–¥»Î /data/games/mj_data.o  ß∞‹°£
city4((player))  ‘Õº–¥»Î /data/games/mj_data.o  ß∞‹°£
city4((player))  ‘Õº–¥»Î /data/games/mj_data.o  ß∞‹°£
city4((player))  ‘Õº–¥»Î /data/games/mj_data.o  ß∞‹°£
city4((player))  ‘Õº–¥»Î /data/games/mj_data.o  ß∞‹°£
city4((player))  ‘Õº–¥»Î /data/games/mj_data.o  ß∞‹°£
city4((player))  ‘Õº–¥»Î /data/user/t/tiandi.pet.o  ß∞‹°£
city4((player))  ‘Õº–¥»Î /data/user/t/tiandi.pet.o  ß∞‹°£
city4((player))  ‘Õº–¥»Î /data/user/t/tiandi.pet.o  ß∞‹°£
city4((player))  ‘Õº–¥»Î /data/user/t/tiandi.pet.o  ß∞‹°£
fury((player))  ‘Õº–¥»Î /data/FENG  ß∞‹°£
rains((player))  ‘Õº–¥»Î /data/FENG  ß∞‹°£
xdb((player))  ‘Õº–¥»Î /data/FENG  ß∞‹°£
lting((player))  ‘Õº–¥»Î /data/FENG  ß∞‹°£
ramsay((player))  ‘Õº–¥»Î /data/FENG  ß∞‹°£
yqh((arch))  ‘Õº–¥»Î /data/FENG  ß∞‹°£
pingan((player))  ‘Õº–¥»Î /data/diary/w  ß∞‹°£
pingan((player))  ‘Õº–¥»Î /data/diary/w/witch  ß∞‹°£
pingan((player))  ‘Õº–¥»Î /data/diary/f  ß∞‹°£
pingan((player))  ‘Õº–¥»Î /data/diary/f/fall  ß∞‹°£
fenying((player))  ‘Õº–¥»Î /data/FENG  ß∞‹°£
lds((player))  ‘Õº–¥»Î /data/FENG  ß∞‹°£
admire((player))  ‘Õº–¥»Î /data/FENG  ß∞‹°£
admire((player))  ‘Õº–¥»Î /data/FENG  ß∞‹°£
pingan((player))  ‘Õº–¥»Î /data/diary/l  ß∞‹°£
pingan((player))  ‘Õº–¥»Î /data/diary/l/lxudd  ß∞‹°£
pingan((player))  ‘Õº–¥»Î /data/diary/m  ß∞‹°£
pingan((player))  ‘Õº–¥»Î /data/diary/m/mygirl  ß∞‹°£
niua((player))  ‘Õº–¥»Î /data/FENG  ß∞‹°£
fury((player))  ‘Õº–¥»Î /data/FENG  ß∞‹°£
lexy((player))  ‘Õº–¥»Î /data/FENG  ß∞‹°£
kenxin((player))  ‘Õº–¥»Î /data/FENG  ß∞‹°£
legend((player))  ‘Õº–¥»Î /data/FENG  ß∞‹°£
weivj((player))  ‘Õº–¥»Î /data/FENG  ß∞‹°£
bullet((player))  ‘Õº–¥»Î /data/FENG  ß∞‹°£
hurry((player))  ‘Õº–¥»Î /data/FENG  ß∞‹°£
MudOS((player))  ‘Õº–¥»Î /data/FENG  ß∞‹°£
pingan((player))  ‘Õº–¥»Î /data/diary/e  ß∞‹°£
pingan((player))  ‘Õº–¥»Î /data/diary/e/evil  ß∞‹°£
pingan((player))  ‘Õº–¥»Î /data/diary/q  ß∞‹°£
pingan((player))  ‘Õº–¥»Î /data/diary/q/quanjia  ß∞‹°£
lting((player))  ‘Õº–¥»Î /data/FENG  ß∞‹°£
fenying((player))  ‘Õº–¥»Î /data/FENG  ß∞‹°£
niua((player))  ‘Õº–¥»Î /data/FENG  ß∞‹°£
killman((player))  ‘Õº–¥»Î /data/FENG  ß∞‹°£
pingan((player))  ‘Õº–¥»Î /data/diary/z  ß∞‹°£
pingan((player))  ‘Õº–¥»Î /data/diary/z/zhword  ß∞‹°£
pingan((player))  ‘Õº–¥»Î /data/diary/j  ß∞‹°£
pingan((player))  ‘Õº–¥»Î /data/diary/j/jazz  ß∞‹°£
city4((player))  ‘Õº–¥»Î /data/games/mj_data.o  ß∞‹°£
city4((player))  ‘Õº–¥»Î /data/games/mj_data.o  ß∞‹°£
city4((player))  ‘Õº–¥»Î /data/games/mj_data.o  ß∞‹°£
city4((player))  ‘Õº–¥»Î /data/games/mj_data.o  ß∞‹°£
city4((player))  ‘Õº–¥»Î /data/games/mj_data.o  ß∞‹°£
city4((player))  ‘Õº–¥»Î /data/games/mj_data.o  ß∞‹°£
city4((player))  ‘Õº–¥»Î /data/games/mj_data.o  ß∞‹°£
city4((player))  ‘Õº–¥»Î /data/games/mj_data.o  ß∞‹°£
city4((player))  ‘Õº–¥»Î /data/games/mj_data.o  ß∞‹°£
city4((player))  ‘Õº–¥»Î /data/games/mj_data.o  ß∞‹°£
city4((player))  ‘Õº–¥»Î /data/games/mj_data.o  ß∞‹°£
city4((player))  ‘Õº–¥»Î /data/games/mj_data.o  ß∞‹°£
city4((player))  ‘Õº–¥»Î /data/games/mj_data.o  ß∞‹°£
city4((player))  ‘Õº–¥»Î /data/games/mj_data.o  ß∞‹°£
city4((player))  ‘Õº–¥»Î /data/games/mj_data.o  ß∞‹°£
city4((player))  ‘Õº–¥»Î /data/games/mj_data.o  ß∞‹°£
city4((player))  ‘Õº–¥»Î /data/games/mj_data.o  ß∞‹°£
city4((player))  ‘Õº–¥»Î /data/games/mj_data.o  ß∞‹°£
city4((player))  ‘Õº–¥»Î /data/games/mj_data.o  ß∞‹°£
city4((player))  ‘Õº–¥»Î /data/games/mj_data.o  ß∞‹°£
city4((player))  ‘Õº–¥»Î /data/games/mj_data.o  ß∞‹°£
city4((player))  ‘Õº–¥»Î /data/games/mj_data.o  ß∞‹°£
city4((player))  ‘Õº–¥»Î /data/games/mj_data.o  ß∞‹°£
city4((player))  ‘Õº–¥»Î /data/games/mj_data.o  ß∞‹°£
city4((player))  ‘Õº–¥»Î /data/games/mj_data.o  ß∞‹°£
city4((player))  ‘Õº–¥»Î /data/games/mj_data.o  ß∞‹°£
city4((player))  ‘Õº–¥»Î /data/games/mj_data.o  ß∞‹°£
city4((player))  ‘Õº–¥»Î /data/games/mj_data.o  ß∞‹°£
city4((player))  ‘Õº–¥»Î /data/games/mj_data.o  ß∞‹°£
city4((player))  ‘Õº–¥»Î /data/games/mj_data.o  ß∞‹°£
city4((player))  ‘Õº–¥»Î /data/games/mj_data.o  ß∞‹°£
city4((player))  ‘Õº–¥»Î /data/games/mj_data.o  ß∞‹°£
city4((player))  ‘Õº–¥»Î /data/games/mj_data.o  ß∞‹°£
city4((player))  ‘Õº–¥»Î /data/games/mj_data.o  ß∞‹°£
city4((player))  ‘Õº–¥»Î /data/games/mj_data.o  ß∞‹°£
city4((player))  ‘Õº–¥»Î /data/games/mj_data.o  ß∞‹°£
city4((player))  ‘Õº–¥»Î /data/games/mj_data.o  ß∞‹°£
city4((player))  ‘Õº–¥»Î /data/games/mj_data.o  ß∞‹°£
yfy((player))  ‘Õº–¥»Î /data/FENG  ß∞‹°£
shazi((player))  ‘Õº–¥»Î /data/FENG  ß∞‹°£
pingan((player))  ‘Õº–¥»Î /data/diary/l  ß∞‹°£
pingan((player))  ‘Õº–¥»Î /data/diary/l/lovepk  ß∞‹°£
pingan((player))  ‘Õº–¥»Î /data/diary/t  ß∞‹°£
pingan((player))  ‘Õº–¥»Î /data/diary/t/thankyou  ß∞‹°£
vip((player))  ‘Õº–¥»Î /data/FENG  ß∞‹°£
city4((player))  ‘Õº–¥»Î /data/games/mj_data.o  ß∞‹°£
city4((player))  ‘Õº–¥»Î /data/games/mj_data.o  ß∞‹°£
city4((player))  ‘Õº–¥»Î /data/games/mj_data.o  ß∞‹°£
city4((player))  ‘Õº–¥»Î /data/games/mj_data.o  ß∞‹°£
city4((player))  ‘Õº–¥»Î /data/games/mj_data.o  ß∞‹°£
city4((player))  ‘Õº–¥»Î /data/games/mj_data.o  ß∞‹°£
city4((player))  ‘Õº–¥»Î /data/user/t/tiandi.pet.o  ß∞‹°£
city4((player))  ‘Õº–¥»Î /data/user/t/tiandi.pet.o  ß∞‹°£
city4((player))  ‘Õº–¥»Î /data/user/t/tiandi.pet.o  ß∞‹°£
pingan((player))  ‘Õº–¥»Î /data/diary/p  ß∞‹°£
pingan((player))  ‘Õº–¥»Î /data/diary/p/pinghua  ß∞‹°£
pingan((player))  ‘Õº–¥»Î /data/diary/w  ß∞‹°£
pingan((player))  ‘Õº–¥»Î /data/diary/w/wuliao  ß∞‹°£
city4((player))  ‘Õº–¥»Î /data/user/t/tiandi.pet.o  ß∞‹°£
lanse((player))  ‘Õº–¥»Î /data/FENG  ß∞‹°£
pingan((player))  ‘Õº–¥»Î /data/diary/z  ß∞‹°£
pingan((player))  ‘Õº–¥»Î /data/diary/z/zyou  ß∞‹°£
pingan((player))  ‘Õº–¥»Î /data/diary/f  ß∞‹°£
pingan((player))  ‘Õº–¥»Î /data/diary/f/fge  ß∞‹°£
lanse((player))  ‘Õº–¥»Î /data/FENG  ß∞‹°£
pingan((player))  ‘Õº–¥»Î /data/diary/o  ß∞‹°£
pingan((player))  ‘Õº–¥»Î /data/diary/o/ooooooo  ß∞‹°£
pingan((player))  ‘Õº–¥»Î /data/diary/f  ß∞‹°£
pingan((player))  ‘Õº–¥»Î /data/diary/f/fox  ß∞‹°£
redd((player))  ‘Õº–¥»Î /data/FENG  ß∞‹°£
smap((player))  ‘Õº–¥»Î /data/FENG  ß∞‹°£
adico((player))  ‘Õº–¥»Î /data/FENG  ß∞‹°£
tttyyy((player))  ‘Õº–¥»Î /data/FENG  ß∞‹°£
xdb((player))  ‘Õº–¥»Î /data/FENG  ß∞‹°£
pingan((player))  ‘Õº–¥»Î /data/diary/f  ß∞‹°£
pingan((player))  ‘Õº–¥»Î /data/diary/f/ftoiloveyou  ß∞‹°£
pingan((player))  ‘Õº–¥»Î /data/diary/f  ß∞‹°£
pingan((player))  ‘Õº–¥»Î /data/diary/f/ftolove  ß∞‹°£
weivj((player))  ‘Õº–¥»Î /data/FENG  ß∞‹°£
ifcan((player))  ‘Õº–¥»Î /data/FENG  ß∞‹°£
cooller((player))  ‘Õº–¥»Î /data/FENG  ß∞‹°£
city4((player))  ‘Õº–¥»Î /data/user/t/tiandi.pet.o  ß∞‹°£
pingan((player))  ‘Õº–¥»Î /data/diary/u  ß∞‹°£
pingan((player))  ‘Õº–¥»Î /data/diary/u/uuu  ß∞‹°£
pingan((player))  ‘Õº–¥»Î /data/diary/p  ß∞‹°£
pingan((player))  ‘Õº–¥»Î /data/diary/p/pinghua  ß∞‹°£
pingan((player))  ‘Õº–¥»Î /data/diary/p  ß∞‹°£
pingan((player))  ‘Õº–¥»Î /data/diary/p/pinghua  ß∞‹°£
pingan((player))  ‘Õº–¥»Î /data/diary/u  ß∞‹°£
pingan((player))  ‘Õº–¥»Î /data/diary/u/uuu  ß∞‹°£
city4((player))  ‘Õº–¥»Î /data/user/t/tiandi.pet.o  ß∞‹°£
city4((player))  ‘Õº–¥»Î /data/user/t/tiandi.pet.o  ß∞‹°£
pease((player))  ‘Õº–¥»Î /data/FENG  ß∞‹°£
hagi((player))  ‘Õº–¥»Î /data/FENG  ß∞‹°£
fury((player))  ‘Õº–¥»Î /data/FENG  ß∞‹°£
touch((player))  ‘Õº–¥»Î /data/FENG  ß∞‹°£
pingan((player))  ‘Õº–¥»Î /data/diary/r  ß∞‹°£
pingan((player))  ‘Õº–¥»Î /data/diary/r/ruomei  ß∞‹°£
pingan((player))  ‘Õº–¥»Î /data/diary/l  ß∞‹°£
pingan((player))  ‘Õº–¥»Î /data/diary/l/loveyou  ß∞‹°£
fall((player))  ‘Õº–¥»Î /data/FENG  ß∞‹°£
pingan((player))  ‘Õº–¥»Î /data/diary/q  ß∞‹°£
pingan((player))  ‘Õº–¥»Î /data/diary/q/qingxin  ß∞‹°£
pingan((player))  ‘Õº–¥»Î /data/diary/s  ß∞‹°£
pingan((player))  ‘Õº–¥»Î /data/diary/s/selina  ß∞‹°£
pease((player))  ‘Õº–¥»Î /data/FENG  ß∞‹°£
pease((player))  ‘Õº–¥»Î /data/FENG  ß∞‹°£
burner((player))  ‘Õº–¥»Î /data/FENG  ß∞‹°£
wuchang((player))  ‘Õº–¥»Î /data/FENG  ß∞‹°£
canme((player))  ‘Õº–¥»Î /data/FENG  ß∞‹°£
canme((player))  ‘Õº–¥»Î /data/FENG  ß∞‹°£
kanfeng((player))  ‘Õº–¥»Î /data/FENG  ß∞‹°£
wanbbb((player))  ‘Õº–¥»Î /data/FENG  ß∞‹°£
pingan((player))  ‘Õº–¥»Î /data/diary/f  ß∞‹°£
pingan((player))  ‘Õº–¥»Î /data/diary/f/forcoin  ß∞‹°£
pingan((player))  ‘Õº–¥»Î /data/diary/n  ß∞‹°£
pingan((player))  ‘Õº–¥»Î /data/diary/n/nam  ß∞‹°£
pingan((player))  ‘Õº–¥»Î /data/diary/h  ß∞‹°£
pingan((player))  ‘Õº–¥»Î /data/diary/h/huoer  ß∞‹°£
pingan((player))  ‘Õº–¥»Î /data/diary/l  ß∞‹°£
pingan((player))  ‘Õº–¥»Î /data/diary/l/lver  ß∞‹°£
lanmo((player))  ‘Õº–¥»Î /data/FENG  ß∞‹°£
liud((player))  ‘Õº–¥»Î /data/FENG  ß∞‹°£
liud((player))  ‘Õº–¥»Î /data/FENG  ß∞‹°£
liud((player))  ‘Õº–¥»Î /data/FENG  ß∞‹°£
liud((player))  ‘Õº–¥»Î /data/FENG  ß∞‹°£
badman((player))  ‘Õº–¥»Î /data/FENG  ß∞‹°£
jccg((player))  ‘Õº–¥»Î /data/FENG  ß∞‹°£
dhxy((arch))  ‘Õº–¥»Î /backup/2004-1-16/user/t/backup/2004-1-18/user/t/tyr.o  ß∞‹°£
dhxy((arch))  ‘Õº–¥»Î /backup/2004-1-18/user/t/tyr.o  ß∞‹°£
dhxy((arch))  ‘Õº–¥»Î /backup/2004-1-18/user/t/tyr.o  ß∞‹°£
dhxy((arch))  ‘Õº–¥»Î /backup/2004-1-17/user/t/tyr.o  ß∞‹°£
pingan((player))  ‘Õº–¥»Î /data/diary/t  ß∞‹°£
pingan((player))  ‘Õº–¥»Î /data/diary/t/tyr  ß∞‹°£
pingan((player))  ‘Õº–¥»Î /data/diary/n  ß∞‹°£
pingan((player))  ‘Õº–¥»Î /data/diary/n/nsx  ß∞‹°£
pingan((player))  ‘Õº–¥»Î /data/diary/t  ß∞‹°£
pingan((player))  ‘Õº–¥»Î /data/diary/t/tya  ß∞‹°£
pingan((player))  ‘Õº–¥»Î /data/diary/l  ß∞‹°£
pingan((player))  ‘Õº–¥»Î /data/diary/l/lotus  ß∞‹°£
pingan((player))  ‘Õº–¥»Î /data/diary/t  ß∞‹°£
pingan((player))  ‘Õº–¥»Î /data/diary/t/tsy  ß∞‹°£
pingan((player))  ‘Õº–¥»Î /data/diary/w  ß∞‹°£
pingan((player))  ‘Õº–¥»Î /data/diary/w/wayao  ß∞‹°£
hsdummy((player))  ‘Õº–¥»Î /data/FENG  ß∞‹°£
hedaxia((player))  ‘Õº–¥»Î /data/FENG  ß∞‹°£
xiamihs((player))  ‘Õº–¥»Î /data/FENG  ß∞‹°£
roland((player))  ‘Õº–¥»Î /data/FENG  ß∞‹°£
city4((player))  ‘Õº–¥»Î /data/games/mj_data.o  ß∞‹°£
city4((player))  ‘Õº–¥»Î /data/games/mj_data.o  ß∞‹°£
city4((player))  ‘Õº–¥»Î /data/games/mj_data.o  ß∞‹°£
city4((player))  ‘Õº–¥»Î /data/games/mj_data.o  ß∞‹°£
city4((player))  ‘Õº–¥»Î /data/games/mj_data.o  ß∞‹°£
city4((player))  ‘Õº–¥»Î /data/games/mj_data.o  ß∞‹°£
wuhuashanyi((player))  ‘Õº–¥»Î /data/FENG  ß∞‹°£
feiying((player))  ‘Õº–¥»Î /data/FENG  ß∞‹°£
tlt((player))  ‘Õº–¥»Î /data/FENG  ß∞‹°£
xiaoyu((player))  ‘Õº–¥»Î /data/FENG  ß∞‹°£
ziying((player))  ‘Õº–¥»Î /data/FENG  ß∞‹°£
liuf((player))  ‘Õº–¥»Î /data/FENG  ß∞‹°£
xiamihs((player))  ‘Õº–¥»Î /data/FENG  ß∞‹°£
sway((player))  ‘Õº–¥»Î /data/FENG  ß∞‹°£
sway((player))  ‘Õº–¥»Î /data/FENG  ß∞‹°£
liua((player))  ‘Õº–¥»Î /data/FENG  ß∞‹°£
fealose((player))  ‘Õº–¥»Î /data/FENG  ß∞‹°£
city4((player))  ‘Õº–¥»Î /data/user/t/tiandi.pet.o  ß∞‹°£
city4((player))  ‘Õº–¥»Î /data/user/t/tiandi.pet.o  ß∞‹°£
city4((player))  ‘Õº–¥»Î /data/user/t/tiandi.pet.o  ß∞‹°£
patrick((player))  ‘Õº–¥»Î /data/FENG  ß∞‹°£
hammerwho((player))  ‘Õº–¥»Î /data/FENG  ß∞‹°£
sense((player))  ‘Õº–¥»Î /data/FENG  ß∞‹°£
shashengwan((player))  ‘Õº–¥»Î /data/FENG  ß∞‹°£
badman((player))  ‘Õº–¥»Î /data/FENG  ß∞‹°£
liub((player))  ‘Õº–¥»Î /data/FENG  ß∞‹°£
yube((player))  ‘Õº–¥»Î /data/FENG  ß∞‹°£
liuf((player))  ‘Õº–¥»Î /data/FENG  ß∞‹°£
liuzhi((player))  ‘Õº–¥»Î /data/FENG  ß∞‹°£
liue((player))  ‘Õº–¥»Î /data/FENG  ß∞‹°£
pease((player))  ‘Õº–¥»Î /data/FENG  ß∞‹°£
ijn((player))  ‘Õº–¥»Î /data/FENG  ß∞‹°£
city4((player))  ‘Õº–¥»Î /data/user/t/tiandi.pet.o  ß∞‹°£
irstar((player))  ‘Õº–¥»Î /data/FENG  ß∞‹°£
slb((player))  ‘Õº–¥»Î /data/FENG  ß∞‹°£
tttyyy((player))  ‘Õº–¥»Î /data/FENG  ß∞‹°£
slsl((player))  ‘Õº–¥»Î /data/FENG  ß∞‹°£
night((player))  ‘Õº–¥»Î /data/FENG  ß∞‹°£
pingan((player))  ‘Õº–¥»Î /data/diary/e  ß∞‹°£
pingan((player))  ‘Õº–¥»Î /data/diary/e/eeeam  ß∞‹°£
pingan((player))  ‘Õº–¥»Î /data/diary/c  ß∞‹°£
pingan((player))  ‘Õº–¥»Î /data/diary/c/csam  ß∞‹°£
saint((player))  ‘Õº–¥»Î /data/FENG  ß∞‹°£
mrmr((player))  ‘Õº–¥»Î /data/FENG  ß∞‹°£
dance((player))  ‘Õº–¥»Î /data/FENG  ß∞‹°£
xinfan((player))  ‘Õº–¥»Î /data/FENG  ß∞‹°£
dance((player))  ‘Õº–¥»Î /data/FENG  ß∞‹°£
slb((player))  ‘Õº–¥»Î /data/FENG  ß∞‹°£
alive((player))  ‘Õº–¥»Î /data/FENG  ß∞‹°£
wlgf((player))  ‘Õº–¥»Î /data/FENG  ß∞‹°£
ctaohua((player))  ‘Õº–¥»Î /data/FENG  ß∞‹°£
xmenger((player))  ‘Õº–¥»Î /data/FENG  ß∞‹°£
liud((player))  ‘Õº–¥»Î /data/FENG  ß∞‹°£
jsnjsss((player))  ‘Õº–¥»Î /data/FENG  ß∞‹°£
raul((player))  ‘Õº–¥»Î /data/FENG  ß∞‹°£
raul((player))  ‘Õº–¥»Î /data/FENG  ß∞‹°£
dhxy((arch))  ‘Õº–¥»Î /backup/2004-12-24/user/c/cmore.o  ß∞‹°£
void((player))  ‘Õº–¥»Î /data/FENG  ß∞‹°£
lingshan((player))  ‘Õº–¥»Î /data/FENG  ß∞‹°£
xiaoxuan((player))  ‘Õº–¥»Î /data/FENG  ß∞‹°£
xiamihs((player))  ‘Õº–¥»Î /data/FENG  ß∞‹°£
city4((player))  ‘Õº–¥»Î /data/user/t/tiandi.pet.o  ß∞‹°£
city4((player))  ‘Õº–¥»Î /data/user/t/tiandi.pet.o  ß∞‹°£
zhmn((player))  ‘Õº–¥»Î /data/FENG  ß∞‹°£
keen((player))  ‘Õº–¥»Î /data/FENG  ß∞‹°£
pingan((player))  ‘Õº–¥»Î /data/diary/x  ß∞‹°£
pingan((player))  ‘Õº–¥»Î /data/diary/x/xiaoxiami  ß∞‹°£
pingan((player))  ‘Õº–¥»Î /data/diary/l  ß∞‹°£
pingan((player))  ‘Õº–¥»Î /data/diary/l/lxy  ß∞‹°£
qazqaz((player))  ‘Õº–¥»Î /data/FENG  ß∞‹°£
ctaohua((player))  ‘Õº–¥»Î /data/FENG  ß∞‹°£
city4((player))  ‘Õº–¥»Î /data/user/t/tiandi.pet.o  ß∞‹°£
wuhuashanyi((player))  ‘Õº–¥»Î /data/FENG  ß∞‹°£
spray((player))  ‘Õº–¥»Î /data/FENG  ß∞‹°£
city4((player))  ‘Õº–¥»Î /data/games/mj_data.o  ß∞‹°£
city4((player))  ‘Õº–¥»Î /data/games/mj_data.o  ß∞‹°£
city4((player))  ‘Õº–¥»Î /data/games/mj_data.o  ß∞‹°£
city4((player))  ‘Õº–¥»Î /data/games/mj_data.o  ß∞‹°£
city4((player))  ‘Õº–¥»Î /data/games/mj_data.o  ß∞‹°£
city4((player))  ‘Õº–¥»Î /data/games/mj_data.o  ß∞‹°£
city4((player))  ‘Õº–¥»Î /data/games/mj_data.o  ß∞‹°£
city4((player))  ‘Õº–¥»Î /data/games/mj_data.o  ß∞‹°£
city4((player))  ‘Õº–¥»Î /data/games/mj_data.o  ß∞‹°£
city4((player))  ‘Õº–¥»Î /data/games/mj_data.o  ß∞‹°£
city4((player))  ‘Õº–¥»Î /data/games/mj_data.o  ß∞‹°£
city4((player))  ‘Õº–¥»Î /data/games/mj_data.o  ß∞‹°£
city4((player))  ‘Õº–¥»Î /data/games/mj_data.o  ß∞‹°£
city4((player))  ‘Õº–¥»Î /data/games/mj_data.o  ß∞‹°£
city4((player))  ‘Õº–¥»Î /data/games/mj_data.o  ß∞‹°£
city4((player))  ‘Õº–¥»Î /data/games/mj_data.o  ß∞‹°£
city4((player))  ‘Õº–¥»Î /data/games/mj_data.o  ß∞‹°£
city4((player))  ‘Õº–¥»Î /data/games/mj_data.o  ß∞‹°£
city4((player))  ‘Õº–¥»Î /data/games/mj_data.o  ß∞‹°£
city4((player))  ‘Õº–¥»Î /data/games/mj_data.o  ß∞‹°£
city4((player))  ‘Õº–¥»Î /data/games/mj_data.o  ß∞‹°£
city4((player))  ‘Õº–¥»Î /data/games/mj_data.o  ß∞‹°£
city4((player))  ‘Õº–¥»Î /data/games/mj_data.o  ß∞‹°£
city4((player))  ‘Õº–¥»Î /data/games/mj_data.o  ß∞‹°£
city4((player))  ‘Õº–¥»Î /data/games/mj_data.o  ß∞‹°£
city4((player))  ‘Õº–¥»Î /data/games/mj_data.o  ß∞‹°£
city4((player))  ‘Õº–¥»Î /data/games/mj_data.o  ß∞‹°£
city4((player))  ‘Õº–¥»Î /data/games/mj_data.o  ß∞‹°£
city4((player))  ‘Õº–¥»Î /data/games/mj_data.o  ß∞‹°£
city4((player))  ‘Õº–¥»Î /data/games/mj_data.o  ß∞‹°£
city4((player))  ‘Õº–¥»Î /data/games/mj_data.o  ß∞‹°£
city4((player))  ‘Õº–¥»Î /data/games/mj_data.o  ß∞‹°£
city4((player))  ‘Õº–¥»Î /data/games/mj_data.o  ß∞‹°£
city4((player))  ‘Õº–¥»Î /data/games/mj_data.o  ß∞‹°£
city4((player))  ‘Õº–¥»Î /data/games/mj_data.o  ß∞‹°£
city4((player))  ‘Õº–¥»Î /data/games/mj_data.o  ß∞‹°£
city4((player))  ‘Õº–¥»Î /data/games/mj_data.o  ß∞‹°£
city4((player))  ‘Õº–¥»Î /data/games/mj_data.o  ß∞‹°£
city4((player))  ‘Õº–¥»Î /data/games/mj_data.o  ß∞‹°£
city4((player))  ‘Õº–¥»Î /data/games/mj_data.o  ß∞‹°£
city4((player))  ‘Õº–¥»Î /data/games/mj_data.o  ß∞‹°£
city4((player))  ‘Õº–¥»Î /data/games/mj_data.o  ß∞‹°£
city4((player))  ‘Õº–¥»Î /data/games/mj_data.o  ß∞‹°£
city4((player))  ‘Õº–¥»Î /data/games/mj_data.o  ß∞‹°£
city4((player))  ‘Õº–¥»Î /data/games/mj_data.o  ß∞‹°£
city4((player))  ‘Õº–¥»Î /data/games/mj_data.o  ß∞‹°£
city4((player))  ‘Õº–¥»Î /data/games/mj_data.o  ß∞‹°£
city4((player))  ‘Õº–¥»Î /data/games/mj_data.o  ß∞‹°£
city4((player))  ‘Õº–¥»Î /data/games/mj_data.o  ß∞‹°£
city4((player))  ‘Õº–¥»Î /data/games/mj_data.o  ß∞‹°£
city4((player))  ‘Õº–¥»Î /data/games/mj_data.o  ß∞‹°£
city4((player))  ‘Õº–¥»Î /data/games/mj_data.o  ß∞‹°£
city4((player))  ‘Õº–¥»Î /data/games/mj_data.o  ß∞‹°£
city4((player))  ‘Õº–¥»Î /data/games/mj_data.o  ß∞‹°£
city4((player))  ‘Õº–¥»Î /data/games/mj_data.o  ß∞‹°£
city4((player))  ‘Õº–¥»Î /data/games/mj_data.o  ß∞‹°£
city4((player))  ‘Õº–¥»Î /data/games/mj_data.o  ß∞‹°£
city4((player))  ‘Õº–¥»Î /data/games/mj_data.o  ß∞‹°£
city4((player))  ‘Õº–¥»Î /data/games/mj_data.o  ß∞‹°£
city4((player))  ‘Õº–¥»Î /data/games/mj_data.o  ß∞‹°£
city4((player))  ‘Õº–¥»Î /data/games/mj_data.o  ß∞‹°£
city4((player))  ‘Õº–¥»Î /data/games/mj_data.o  ß∞‹°£
city4((player))  ‘Õº–¥»Î /data/games/mj_data.o  ß∞‹°£
city4((player))  ‘Õº–¥»Î /data/games/mj_data.o  ß∞‹°£
city4((player))  ‘Õº–¥»Î /data/games/mj_data.o  ß∞‹°£
city4((player))  ‘Õº–¥»Î /data/games/mj_data.o  ß∞‹°£
city4((player))  ‘Õº–¥»Î /data/games/mj_data.o  ß∞‹°£
city4((player))  ‘Õº–¥»Î /data/games/mj_data.o  ß∞‹°£
city4((player))  ‘Õº–¥»Î /data/games/mj_data.o  ß∞‹°£
city4((player))  ‘Õº–¥»Î /data/games/mj_data.o  ß∞‹°£
city4((player))  ‘Õº–¥»Î /data/games/mj_data.o  ß∞‹°£
city4((player))  ‘Õº–¥»Î /data/games/mj_data.o  ß∞‹°£
city4((player))  ‘Õº–¥»Î /data/games/mj_data.o  ß∞‹°£
city4((player))  ‘Õº–¥»Î /data/games/mj_data.o  ß∞‹°£
city4((player))  ‘Õº–¥»Î /data/games/mj_data.o  ß∞‹°£
city4((player))  ‘Õº–¥»Î /data/games/mj_data.o  ß∞‹°£
city4((player))  ‘Õº–¥»Î /data/games/mj_data.o  ß∞‹°£
city4((player))  ‘Õº–¥»Î /data/games/mj_data.o  ß∞‹°£
city4((player))  ‘Õº–¥»Î /data/games/mj_data.o  ß∞‹°£
city4((player))  ‘Õº–¥»Î /data/games/mj_data.o  ß∞‹°£
city4((player))  ‘Õº–¥»Î /data/games/mj_data.o  ß∞‹°£
city4((player))  ‘Õº–¥»Î /data/games/mj_data.o  ß∞‹°£
city4((player))  ‘Õº–¥»Î /data/games/mj_data.o  ß∞‹°£
city4((player))  ‘Õº–¥»Î /data/games/mj_data.o  ß∞‹°£
city4((player))  ‘Õº–¥»Î /data/games/mj_data.o  ß∞‹°£
city4((player))  ‘Õº–¥»Î /data/games/mj_data.o  ß∞‹°£
city4((player))  ‘Õº–¥»Î /data/games/mj_data.o  ß∞‹°£
city4((player))  ‘Õº–¥»Î /data/games/mj_data.o  ß∞‹°£
city4((player))  ‘Õº–¥»Î /data/games/mj_data.o  ß∞‹°£
city4((player))  ‘Õº–¥»Î /data/games/mj_data.o  ß∞‹°£
city4((player))  ‘Õº–¥»Î /data/games/mj_data.o  ß∞‹°£
city4((player))  ‘Õº–¥»Î /data/games/mj_data.o  ß∞‹°£
city4((player))  ‘Õº–¥»Î /data/games/mj_data.o  ß∞‹°£
city4((player))  ‘Õº–¥»Î /data/games/mj_data.o  ß∞‹°£
city4((player))  ‘Õº–¥»Î /data/games/mj_data.o  ß∞‹°£
city4((player))  ‘Õº–¥»Î /data/games/mj_data.o  ß∞‹°£
city4((player))  ‘Õº–¥»Î /data/games/mj_data.o  ß∞‹°£
city4((player))  ‘Õº–¥»Î /data/games/mj_data.o  ß∞‹°£
city4((player))  ‘Õº–¥»Î /data/games/mj_data.o  ß∞‹°£
city4((player))  ‘Õº–¥»Î /data/games/mj_data.o  ß∞‹°£
city4((player))  ‘Õº–¥»Î /data/games/mj_data.o  ß∞‹°£
city4((player))  ‘Õº–¥»Î /data/games/mj_data.o  ß∞‹°£
city4((player))  ‘Õº–¥»Î /data/games/mj_data.o  ß∞‹°£
city4((player))  ‘Õº–¥»Î /data/games/mj_data.o  ß∞‹°£
city4((player))  ‘Õº–¥»Î /data/games/mj_data.o  ß∞‹°£
city4((player))  ‘Õº–¥»Î /data/games/mj_data.o  ß∞‹°£
city4((player))  ‘Õº–¥»Î /data/games/mj_data.o  ß∞‹°£
city4((player))  ‘Õº–¥»Î /data/games/mj_data.o  ß∞‹°£
city4((player))  ‘Õº–¥»Î /data/games/mj_data.o  ß∞‹°£
city4((player))  ‘Õº–¥»Î /data/games/mj_data.o  ß∞‹°£
city4((player))  ‘Õº–¥»Î /data/games/mj_data.o  ß∞‹°£
city4((player))  ‘Õº–¥»Î /data/games/mj_data.o  ß∞‹°£
city4((player))  ‘Õº–¥»Î /data/games/mj_data.o  ß∞‹°£
city4((player))  ‘Õº–¥»Î /data/games/mj_data.o  ß∞‹°£
city4((player))  ‘Õº–¥»Î /data/games/mj_data.o  ß∞‹°£
city4((player))  ‘Õº–¥»Î /data/games/mj_data.o  ß∞‹°£
city4((player))  ‘Õº–¥»Î /data/games/mj_data.o  ß∞‹°£
city4((player))  ‘Õº–¥»Î /data/games/mj_data.o  ß∞‹°£
city4((player))  ‘Õº–¥»Î /data/games/mj_data.o  ß∞‹°£
city4((player))  ‘Õº–¥»Î /data/games/mj_data.o  ß∞‹°£
city4((player))  ‘Õº–¥»Î /data/games/mj_data.o  ß∞‹°£
city4((player))  ‘Õº–¥»Î /data/games/mj_data.o  ß∞‹°£
city4((player))  ‘Õº–¥»Î /data/games/mj_data.o  ß∞‹°£
city4((player))  ‘Õº–¥»Î /data/games/mj_data.o  ß∞‹°£
city4((player))  ‘Õº–¥»Î /data/games/mj_data.o  ß∞‹°£
city4((player))  ‘Õº–¥»Î /data/games/mj_data.o  ß∞‹°£
city4((player))  ‘Õº–¥»Î /data/games/mj_data.o  ß∞‹°£
city4((player))  ‘Õº–¥»Î /data/games/mj_data.o  ß∞‹°£
city4((player))  ‘Õº–¥»Î /data/games/mj_data.o  ß∞‹°£
city4((player))  ‘Õº–¥»Î /data/games/mj_data.o  ß∞‹°£
city4((player))  ‘Õº–¥»Î /data/games/mj_data.o  ß∞‹°£
city4((player))  ‘Õº–¥»Î /data/games/mj_data.o  ß∞‹°£
city4((player))  ‘Õº–¥»Î /data/games/mj_data.o  ß∞‹°£
city4((player))  ‘Õº–¥»Î /data/games/mj_data.o  ß∞‹°£
city4((player))  ‘Õº–¥»Î /data/games/mj_data.o  ß∞‹°£
city4((player))  ‘Õº–¥»Î /data/games/mj_data.o  ß∞‹°£
city4((player))  ‘Õº–¥»Î /data/games/mj_data.o  ß∞‹°£
city4((player))  ‘Õº–¥»Î /data/games/mj_data.o  ß∞‹°£
city4((player))  ‘Õº–¥»Î /data/games/mj_data.o  ß∞‹°£
city4((player))  ‘Õº–¥»Î /data/games/mj_data.o  ß∞‹°£
city4((player))  ‘Õº–¥»Î /data/games/mj_data.o  ß∞‹°£
city4((player))  ‘Õº–¥»Î /data/games/mj_data.o  ß∞‹°£
city4((player))  ‘Õº–¥»Î /data/games/mj_data.o  ß∞‹°£
city4((player))  ‘Õº–¥»Î /data/games/mj_data.o  ß∞‹°£
city4((player))  ‘Õº–¥»Î /data/games/mj_data.o  ß∞‹°£
city4((player))  ‘Õº–¥»Î /data/games/mj_data.o  ß∞‹°£
city4((player))  ‘Õº–¥»Î /data/games/mj_data.o  ß∞‹°£
city4((player))  ‘Õº–¥»Î /data/games/mj_data.o  ß∞‹°£
city4((player))  ‘Õº–¥»Î /data/games/mj_data.o  ß∞‹°£
city4((player))  ‘Õº–¥»Î /data/games/mj_data.o  ß∞‹°£
city4((player))  ‘Õº–¥»Î /data/games/mj_data.o  ß∞‹°£
city4((player))  ‘Õº–¥»Î /data/games/mj_data.o  ß∞‹°£
city4((player))  ‘Õº–¥»Î /data/games/mj_data.o  ß∞‹°£
city4((player))  ‘Õº–¥»Î /data/games/mj_data.o  ß∞‹°£
city4((player))  ‘Õº–¥»Î /data/games/mj_data.o  ß∞‹°£
city4((player))  ‘Õº–¥»Î /data/games/mj_data.o  ß∞‹°£
city4((player))  ‘Õº–¥»Î /data/games/mj_data.o  ß∞‹°£
city4((player))  ‘Õº–¥»Î /data/games/mj_data.o  ß∞‹°£
city4((player))  ‘Õº–¥»Î /data/games/mj_data.o  ß∞‹°£
city4((player))  ‘Õº–¥»Î /data/games/mj_data.o  ß∞‹°£
city4((player))  ‘Õº–¥»Î /data/games/mj_data.o  ß∞‹°£
city4((player))  ‘Õº–¥»Î /data/games/mj_data.o  ß∞‹°£
city4((player))  ‘Õº–¥»Î /data/games/mj_data.o  ß∞‹°£
city4((player))  ‘Õº–¥»Î /data/games/mj_data.o  ß∞‹°£
city4((player))  ‘Õº–¥»Î /data/games/mj_data.o  ß∞‹°£
city4((player))  ‘Õº–¥»Î /data/games/mj_data.o  ß∞‹°£
city4((player))  ‘Õº–¥»Î /data/games/mj_data.o  ß∞‹°£
city4((player))  ‘Õº–¥»Î /data/games/mj_data.o  ß∞‹°£
city4((player))  ‘Õº–¥»Î /data/games/mj_data.o  ß∞‹°£
city4((player))  ‘Õº–¥»Î /data/games/mj_data.o  ß∞‹°£
city4((player))  ‘Õº–¥»Î /data/games/mj_data.o  ß∞‹°£
city4((player))  ‘Õº–¥»Î /data/games/mj_data.o  ß∞‹°£
city4((player))  ‘Õº–¥»Î /data/games/mj_data.o  ß∞‹°£
city4((player))  ‘Õº–¥»Î /data/games/mj_data.o  ß∞‹°£
city4((player))  ‘Õº–¥»Î /data/games/mj_data.o  ß∞‹°£
city4((player))  ‘Õº–¥»Î /data/games/mj_data.o  ß∞‹°£
city4((player))  ‘Õº–¥»Î /data/games/mj_data.o  ß∞‹°£
city4((player))  ‘Õº–¥»Î /data/games/mj_data.o  ß∞‹°£
city4((player))  ‘Õº–¥»Î /data/games/mj_data.o  ß∞‹°£
city4((player))  ‘Õº–¥»Î /data/games/mj_data.o  ß∞‹°£
city4((player))  ‘Õº–¥»Î /data/games/mj_data.o  ß∞‹°£
city4((player))  ‘Õº–¥»Î /data/games/mj_data.o  ß∞‹°£
city4((player))  ‘Õº–¥»Î /data/games/mj_data.o  ß∞‹°£
city4((player))  ‘Õº–¥»Î /data/games/mj_data.o  ß∞‹°£
city4((player))  ‘Õº–¥»Î /data/games/mj_data.o  ß∞‹°£
city4((player))  ‘Õº–¥»Î /data/games/mj_data.o  ß∞‹°£
city4((player))  ‘Õº–¥»Î /data/games/mj_data.o  ß∞‹°£
city4((player))  ‘Õº–¥»Î /data/games/mj_data.o  ß∞‹°£
city4((player))  ‘Õº–¥»Î /data/games/mj_data.o  ß∞‹°£
city4((player))  ‘Õº–¥»Î /data/games/mj_data.o  ß∞‹°£
city4((player))  ‘Õº–¥»Î /data/games/mj_data.o  ß∞‹°£
city4((player))  ‘Õº–¥»Î /data/games/mj_data.o  ß∞‹°£
city4((player))  ‘Õº–¥»Î /data/games/mj_data.o  ß∞‹°£
city4((player))  ‘Õº–¥»Î /data/games/mj_data.o  ß∞‹°£
city4((player))  ‘Õº–¥»Î /data/games/mj_data.o  ß∞‹°£
city4((player))  ‘Õº–¥»Î /data/games/mj_data.o  ß∞‹°£
city4((player))  ‘Õº–¥»Î /data/games/mj_data.o  ß∞‹°£
city4((player))  ‘Õº–¥»Î /data/games/mj_data.o  ß∞‹°£
city4((player))  ‘Õº–¥»Î /data/games/mj_data.o  ß∞‹°£
city4((player))  ‘Õº–¥»Î /data/games/mj_data.o  ß∞‹°£
city4((player))  ‘Õº–¥»Î /data/games/mj_data.o  ß∞‹°£
city4((player))  ‘Õº–¥»Î /data/games/mj_data.o  ß∞‹°£
city4((player))  ‘Õº–¥»Î /data/games/mj_data.o  ß∞‹°£
city4((player))  ‘Õº–¥»Î /data/games/mj_data.o  ß∞‹°£
city4((player))  ‘Õº–¥»Î /data/games/mj_data.o  ß∞‹°£
city4((player))  ‘Õº–¥»Î /data/games/mj_data.o  ß∞‹°£
city4((player))  ‘Õº–¥»Î /data/games/mj_data.o  ß∞‹°£
city4((player))  ‘Õº–¥»Î /data/games/mj_data.o  ß∞‹°£
city4((player))  ‘Õº–¥»Î /data/games/mj_data.o  ß∞‹°£
city4((player))  ‘Õº–¥»Î /data/games/mj_data.o  ß∞‹°£
city4((player))  ‘Õº–¥»Î /data/games/mj_data.o  ß∞‹°£
city4((player))  ‘Õº–¥»Î /data/games/mj_data.o  ß∞‹°£
city4((player))  ‘Õº–¥»Î /data/games/mj_data.o  ß∞‹°£
city4((player))  ‘Õº–¥»Î /data/games/mj_data.o  ß∞‹°£
city4((player))  ‘Õº–¥»Î /data/games/mj_data.o  ß∞‹°£
city4((player))  ‘Õº–¥»Î /data/games/mj_data.o  ß∞‹°£
city4((player))  ‘Õº–¥»Î /data/games/mj_data.o  ß∞‹°£
city4((player))  ‘Õº–¥»Î /data/games/mj_data.o  ß∞‹°£
city4((player))  ‘Õº–¥»Î /data/games/mj_data.o  ß∞‹°£
city4((player))  ‘Õº–¥»Î /data/games/mj_data.o  ß∞‹°£
city4((player))  ‘Õº–¥»Î /data/games/mj_data.o  ß∞‹°£
city4((player))  ‘Õº–¥»Î /data/games/mj_data.o  ß∞‹°£
city4((player))  ‘Õº–¥»Î /data/games/mj_data.o  ß∞‹°£
city4((player))  ‘Õº–¥»Î /data/games/mj_data.o  ß∞‹°£
city4((player))  ‘Õº–¥»Î /data/games/mj_data.o  ß∞‹°£
city4((player))  ‘Õº–¥»Î /data/games/mj_data.o  ß∞‹°£
city4((player))  ‘Õº–¥»Î /data/games/mj_data.o  ß∞‹°£
city4((player))  ‘Õº–¥»Î /data/games/mj_data.o  ß∞‹°£
city4((player))  ‘Õº–¥»Î /data/games/mj_data.o  ß∞‹°£
city4((player))  ‘Õº–¥»Î /data/games/mj_data.o  ß∞‹°£
city4((player))  ‘Õº–¥»Î /data/games/mj_data.o  ß∞‹°£
city4((player))  ‘Õº–¥»Î /data/games/mj_data.o  ß∞‹°£
city4((player))  ‘Õº–¥»Î /data/games/mj_data.o  ß∞‹°£
city4((player))  ‘Õº–¥»Î /data/games/mj_data.o  ß∞‹°£
city4((player))  ‘Õº–¥»Î /data/games/mj_data.o  ß∞‹°£
city4((player))  ‘Õº–¥»Î /data/games/mj_data.o  ß∞‹°£
city4((player))  ‘Õº–¥»Î /data/games/mj_data.o  ß∞‹°£
city4((player))  ‘Õº–¥»Î /data/games/mj_data.o  ß∞‹°£
city4((player))  ‘Õº–¥»Î /data/games/mj_data.o  ß∞‹°£
city4((player))  ‘Õº–¥»Î /data/games/mj_data.o  ß∞‹°£
city4((player))  ‘Õº–¥»Î /data/games/mj_data.o  ß∞‹°£
city4((player))  ‘Õº–¥»Î /data/games/mj_data.o  ß∞‹°£
city4((player))  ‘Õº–¥»Î /data/games/mj_data.o  ß∞‹°£
city4((player))  ‘Õº–¥»Î /data/games/mj_data.o  ß∞‹°£
city4((player))  ‘Õº–¥»Î /data/games/mj_data.o  ß∞‹°£
city4((player))  ‘Õº–¥»Î /data/games/mj_data.o  ß∞‹°£
city4((player))  ‘Õº–¥»Î /data/games/mj_data.o  ß∞‹°£
city4((player))  ‘Õº–¥»Î /data/games/mj_data.o  ß∞‹°£
city4((player))  ‘Õº–¥»Î /data/games/mj_data.o  ß∞‹°£
city4((player))  ‘Õº–¥»Î /data/games/mj_data.o  ß∞‹°£
city4((player))  ‘Õº–¥»Î /data/games/mj_data.o  ß∞‹°£
city4((player))  ‘Õº–¥»Î /data/games/mj_data.o  ß∞‹°£
city4((player))  ‘Õº–¥»Î /data/games/mj_data.o  ß∞‹°£
city4((player))  ‘Õº–¥»Î /data/games/mj_data.o  ß∞‹°£
city4((player))  ‘Õº–¥»Î /data/games/mj_data.o  ß∞‹°£
city4((player))  ‘Õº–¥»Î /data/games/mj_data.o  ß∞‹°£
city4((player))  ‘Õº–¥»Î /data/games/mj_data.o  ß∞‹°£
city4((player))  ‘Õº–¥»Î /data/games/mj_data.o  ß∞‹°£
city4((player))  ‘Õº–¥»Î /data/games/mj_data.o  ß∞‹°£
city4((player))  ‘Õº–¥»Î /data/games/mj_data.o  ß∞‹°£
city4((player))  ‘Õº–¥»Î /data/games/mj_data.o  ß∞‹°£
city4((player))  ‘Õº–¥»Î /data/games/mj_data.o  ß∞‹°£
city4((player))  ‘Õº–¥»Î /data/games/mj_data.o  ß∞‹°£
city4((player))  ‘Õº–¥»Î /data/games/mj_data.o  ß∞‹°£
city4((player))  ‘Õº–¥»Î /data/games/mj_data.o  ß∞‹°£
city4((player))  ‘Õº–¥»Î /data/games/mj_data.o  ß∞‹°£
city4((player))  ‘Õº–¥»Î /data/games/mj_data.o  ß∞‹°£
city4((player))  ‘Õº–¥»Î /data/games/mj_data.o  ß∞‹°£
city4((player))  ‘Õº–¥»Î /data/games/mj_data.o  ß∞‹°£
city4((player))  ‘Õº–¥»Î /data/games/mj_data.o  ß∞‹°£
city4((player))  ‘Õº–¥»Î /data/games/mj_data.o  ß∞‹°£
city4((player))  ‘Õº–¥»Î /data/games/mj_data.o  ß∞‹°£
city4((player))  ‘Õº–¥»Î /data/games/mj_data.o  ß∞‹°£
city4((player))  ‘Õº–¥»Î /data/games/mj_data.o  ß∞‹°£
city4((player))  ‘Õº–¥»Î /data/games/mj_data.o  ß∞‹°£
city4((player))  ‘Õº–¥»Î /data/games/mj_data.o  ß∞‹°£
city4((player))  ‘Õº–¥»Î /data/games/mj_data.o  ß∞‹°£
city4((player))  ‘Õº–¥»Î /data/games/mj_data.o  ß∞‹°£
city4((player))  ‘Õº–¥»Î /data/games/mj_data.o  ß∞‹°£
city4((player))  ‘Õº–¥»Î /data/games/mj_data.o  ß∞‹°£
city4((player))  ‘Õº–¥»Î /data/games/mj_data.o  ß∞‹°£
city4((player))  ‘Õº–¥»Î /data/games/mj_data.o  ß∞‹°£
city4((player))  ‘Õº–¥»Î /data/games/mj_data.o  ß∞‹°£
city4((player))  ‘Õº–¥»Î /data/games/mj_data.o  ß∞‹°£
city4((player))  ‘Õº–¥»Î /data/games/mj_data.o  ß∞‹°£
city4((player))  ‘Õº–¥»Î /data/games/mj_data.o  ß∞‹°£
city4((player))  ‘Õº–¥»Î /data/games/mj_data.o  ß∞‹°£
city4((player))  ‘Õº–¥»Î /data/games/mj_data.o  ß∞‹°£
city4((player))  ‘Õº–¥»Î /data/games/mj_data.o  ß∞‹°£
city4((player))  ‘Õº–¥»Î /data/games/mj_data.o  ß∞‹°£
city4((player))  ‘Õº–¥»Î /data/games/mj_data.o  ß∞‹°£
city4((player))  ‘Õº–¥»Î /data/games/mj_data.o  ß∞‹°£
city4((player))  ‘Õº–¥»Î /data/games/mj_data.o  ß∞‹°£
city4((player))  ‘Õº–¥»Î /data/games/mj_data.o  ß∞‹°£
city4((player))  ‘Õº–¥»Î /data/games/mj_data.o  ß∞‹°£
city4((player))  ‘Õº–¥»Î /data/games/mj_data.o  ß∞‹°£
city4((player))  ‘Õº–¥»Î /data/games/mj_data.o  ß∞‹°£
city4((player))  ‘Õº–¥»Î /data/games/mj_data.o  ß∞‹°£
city4((player))  ‘Õº–¥»Î /data/games/mj_data.o  ß∞‹°£
city4((player))  ‘Õº–¥»Î /data/games/mj_data.o  ß∞‹°£
city4((player))  ‘Õº–¥»Î /data/games/mj_data.o  ß∞‹°£
city4((player))  ‘Õº–¥»Î /data/games/mj_data.o  ß∞‹°£
city4((player))  ‘Õº–¥»Î /data/games/mj_data.o  ß∞‹°£
city4((player))  ‘Õº–¥»Î /data/games/mj_data.o  ß∞‹°£
city4((player))  ‘Õº–¥»Î /data/games/mj_data.o  ß∞‹°£
city4((player))  ‘Õº–¥»Î /data/games/mj_data.o  ß∞‹°£
city4((player))  ‘Õº–¥»Î /data/games/mj_data.o  ß∞‹°£
city4((player))  ‘Õº–¥»Î /data/games/mj_data.o  ß∞‹°£
city4((player))  ‘Õº–¥»Î /data/games/mj_data.o  ß∞‹°£
city4((player))  ‘Õº–¥»Î /data/games/mj_data.o  ß∞‹°£
city4((player))  ‘Õº–¥»Î /data/games/mj_data.o  ß∞‹°£
city4((player))  ‘Õº–¥»Î /data/games/mj_data.o  ß∞‹°£
city4((player))  ‘Õº–¥»Î /data/games/mj_data.o  ß∞‹°£
city4((player))  ‘Õº–¥»Î /data/games/mj_data.o  ß∞‹°£
city4((player))  ‘Õº–¥»Î /data/games/mj_data.o  ß∞‹°£
city4((player))  ‘Õº–¥»Î /data/games/mj_data.o  ß∞‹°£
city4((player))  ‘Õº–¥»Î /data/games/mj_data.o  ß∞‹°£
city4((player))  ‘Õº–¥»Î /data/games/mj_data.o  ß∞‹°£
city4((player))  ‘Õº–¥»Î /data/games/mj_data.o  ß∞‹°£
city4((player))  ‘Õº–¥»Î /data/games/mj_data.o  ß∞‹°£
city4((player))  ‘Õº–¥»Î /data/games/mj_data.o  ß∞‹°£
city4((player))  ‘Õº–¥»Î /data/games/mj_data.o  ß∞‹°£
city4((player))  ‘Õº–¥»Î /data/games/mj_data.o  ß∞‹°£
city4((player))  ‘Õº–¥»Î /data/games/mj_data.o  ß∞‹°£
city4((player))  ‘Õº–¥»Î /data/games/mj_data.o  ß∞‹°£
city4((player))  ‘Õº–¥»Î /data/games/mj_data.o  ß∞‹°£
city4((player))  ‘Õº–¥»Î /data/games/mj_data.o  ß∞‹°£
city4((player))  ‘Õº–¥»Î /data/games/mj_data.o  ß∞‹°£
city4((player))  ‘Õº–¥»Î /data/games/mj_data.o  ß∞‹°£
city4((player))  ‘Õº–¥»Î /data/games/mj_data.o  ß∞‹°£
city4((player))  ‘Õº–¥»Î /data/games/mj_data.o  ß∞‹°£
city4((player))  ‘Õº–¥»Î /data/games/mj_data.o  ß∞‹°£
city4((player))  ‘Õº–¥»Î /data/games/mj_data.o  ß∞‹°£
city4((player))  ‘Õº–¥»Î /data/games/mj_data.o  ß∞‹°£
city4((player))  ‘Õº–¥»Î /data/games/mj_data.o  ß∞‹°£
city4((player))  ‘Õº–¥»Î /data/games/mj_data.o  ß∞‹°£
city4((player))  ‘Õº–¥»Î /data/games/mj_data.o  ß∞‹°£
city4((player))  ‘Õº–¥»Î /data/games/mj_data.o  ß∞‹°£
city4((player))  ‘Õº–¥»Î /data/games/mj_data.o  ß∞‹°£
city4((player))  ‘Õº–¥»Î /data/games/mj_data.o  ß∞‹°£
city4((player))  ‘Õº–¥»Î /data/games/mj_data.o  ß∞‹°£
city4((player))  ‘Õº–¥»Î /data/games/mj_data.o  ß∞‹°£
city4((player))  ‘Õº–¥»Î /data/games/mj_data.o  ß∞‹°£
city4((player))  ‘Õº–¥»Î /data/games/mj_data.o  ß∞‹°£
city4((player))  ‘Õº–¥»Î /data/games/mj_data.o  ß∞‹°£
city4((player))  ‘Õº–¥»Î /data/games/mj_data.o  ß∞‹°£
city4((player))  ‘Õº–¥»Î /data/games/mj_data.o  ß∞‹°£
city4((player))  ‘Õº–¥»Î /data/games/mj_data.o  ß∞‹°£
city4((player))  ‘Õº–¥»Î /data/games/mj_data.o  ß∞‹°£
city4((player))  ‘Õº–¥»Î /data/games/mj_data.o  ß∞‹°£
city4((player))  ‘Õº–¥»Î /data/games/mj_data.o  ß∞‹°£
city4((player))  ‘Õº–¥»Î /data/games/mj_data.o  ß∞‹°£
city4((player))  ‘Õº–¥»Î /data/games/mj_data.o  ß∞‹°£
city4((player))  ‘Õº–¥»Î /data/games/mj_data.o  ß∞‹°£
city4((player))  ‘Õº–¥»Î /data/games/mj_data.o  ß∞‹°£
city4((player))  ‘Õº–¥»Î /data/games/mj_data.o  ß∞‹°£
city4((player))  ‘Õº–¥»Î /data/games/mj_data.o  ß∞‹°£
city4((player))  ‘Õº–¥»Î /data/games/mj_data.o  ß∞‹°£
city4((player))  ‘Õº–¥»Î /data/games/mj_data.o  ß∞‹°£
city4((player))  ‘Õº–¥»Î /data/games/mj_data.o  ß∞‹°£
city4((player))  ‘Õº–¥»Î /data/games/mj_data.o  ß∞‹°£
city4((player))  ‘Õº–¥»Î /data/games/mj_data.o  ß∞‹°£
city4((player))  ‘Õº–¥»Î /data/games/mj_data.o  ß∞‹°£
city4((player))  ‘Õº–¥»Î /data/games/mj_data.o  ß∞‹°£
city4((player))  ‘Õº–¥»Î /data/games/mj_data.o  ß∞‹°£
city4((player))  ‘Õº–¥»Î /data/games/mj_data.o  ß∞‹°£
city4((player))  ‘Õº–¥»Î /data/games/mj_data.o  ß∞‹°£
city4((player))  ‘Õº–¥»Î /data/games/mj_data.o  ß∞‹°£
city4((player))  ‘Õº–¥»Î /data/games/mj_data.o  ß∞‹°£
city4((player))  ‘Õº–¥»Î /data/games/mj_data.o  ß∞‹°£
city4((player))  ‘Õº–¥»Î /data/games/mj_data.o  ß∞‹°£
city4((player))  ‘Õº–¥»Î /data/games/mj_data.o  ß∞‹°£
city4((player))  ‘Õº–¥»Î /data/games/mj_data.o  ß∞‹°£
city4((player))  ‘Õº–¥»Î /data/games/mj_data.o  ß∞‹°£
city4((player))  ‘Õº–¥»Î /data/games/mj_data.o  ß∞‹°£
city4((player))  ‘Õº–¥»Î /data/games/mj_data.o  ß∞‹°£
city4((player))  ‘Õº–¥»Î /data/games/mj_data.o  ß∞‹°£
city4((player))  ‘Õº–¥»Î /data/games/mj_data.o  ß∞‹°£
city4((player))  ‘Õº–¥»Î /data/games/mj_data.o  ß∞‹°£
city4((player))  ‘Õº–¥»Î /data/games/mj_data.o  ß∞‹°£
city4((player))  ‘Õº–¥»Î /data/games/mj_data.o  ß∞‹°£
city4((player))  ‘Õº–¥»Î /data/games/mj_data.o  ß∞‹°£
city4((player))  ‘Õº–¥»Î /data/games/mj_data.o  ß∞‹°£
city4((player))  ‘Õº–¥»Î /data/games/mj_data.o  ß∞‹°£
city4((player))  ‘Õº–¥»Î /data/games/mj_data.o  ß∞‹°£
city4((player))  ‘Õº–¥»Î /data/games/mj_data.o  ß∞‹°£
city4((player))  ‘Õº–¥»Î /data/games/mj_data.o  ß∞‹°£
city4((player))  ‘Õº–¥»Î /data/games/mj_data.o  ß∞‹°£
city4((player))  ‘Õº–¥»Î /data/games/mj_data.o  ß∞‹°£
city4((player))  ‘Õº–¥»Î /data/games/mj_data.o  ß∞‹°£
city4((player))  ‘Õº–¥»Î /data/games/mj_data.o  ß∞‹°£
city4((player))  ‘Õº–¥»Î /data/games/mj_data.o  ß∞‹°£
city4((player))  ‘Õº–¥»Î /data/games/mj_data.o  ß∞‹°£
city4((player))  ‘Õº–¥»Î /data/games/mj_data.o  ß∞‹°£
city4((player))  ‘Õº–¥»Î /data/games/mj_data.o  ß∞‹°£
city4((player))  ‘Õº–¥»Î /data/games/mj_data.o  ß∞‹°£
city4((player))  ‘Õº–¥»Î /data/games/mj_data.o  ß∞‹°£
city4((player))  ‘Õº–¥»Î /data/games/mj_data.o  ß∞‹°£
city4((player))  ‘Õº–¥»Î /data/games/mj_data.o  ß∞‹°£
city4((player))  ‘Õº–¥»Î /data/games/mj_data.o  ß∞‹°£
city4((player))  ‘Õº–¥»Î /data/games/mj_data.o  ß∞‹°£
city4((player))  ‘Õº–¥»Î /data/games/mj_data.o  ß∞‹°£
city4((player))  ‘Õº–¥»Î /data/games/mj_data.o  ß∞‹°£
city4((player))  ‘Õº–¥»Î /data/games/mj_data.o  ß∞‹°£
city4((player))  ‘Õº–¥»Î /data/games/mj_data.o  ß∞‹°£
city4((player))  ‘Õº–¥»Î /data/games/mj_data.o  ß∞‹°£
city4((player))  ‘Õº–¥»Î /data/games/mj_data.o  ß∞‹°£
city4((player))  ‘Õº–¥»Î /data/games/mj_data.o  ß∞‹°£
city4((player))  ‘Õº–¥»Î /data/games/mj_data.o  ß∞‹°£
city4((player))  ‘Õº–¥»Î /data/games/mj_data.o  ß∞‹°£
city4((player))  ‘Õº–¥»Î /data/games/mj_data.o  ß∞‹°£
city4((player))  ‘Õº–¥»Î /data/games/mj_data.o  ß∞‹°£
city4((player))  ‘Õº–¥»Î /data/games/mj_data.o  ß∞‹°£
city4((player))  ‘Õº–¥»Î /data/games/mj_data.o  ß∞‹°£
city4((player))  ‘Õº–¥»Î /data/games/mj_data.o  ß∞‹°£
city4((player))  ‘Õº–¥»Î /data/games/mj_data.o  ß∞‹°£
city4((player))  ‘Õº–¥»Î /data/games/mj_data.o  ß∞‹°£
city4((player))  ‘Õº–¥»Î /data/games/mj_data.o  ß∞‹°£
city4((player))  ‘Õº–¥»Î /data/games/mj_data.o  ß∞‹°£
city4((player))  ‘Õº–¥»Î /data/games/mj_data.o  ß∞‹°£
city4((player))  ‘Õº–¥»Î /data/games/mj_data.o  ß∞‹°£
city4((player))  ‘Õº–¥»Î /data/games/mj_data.o  ß∞‹°£
city4((player))  ‘Õº–¥»Î /data/games/mj_data.o  ß∞‹°£
city4((player))  ‘Õº–¥»Î /data/games/mj_data.o  ß∞‹°£
city4((player))  ‘Õº–¥»Î /data/games/mj_data.o  ß∞‹°£
city4((player))  ‘Õº–¥»Î /data/games/mj_data.o  ß∞‹°£
city4((player))  ‘Õº–¥»Î /data/games/mj_data.o  ß∞‹°£
city4((player))  ‘Õº–¥»Î /data/games/mj_data.o  ß∞‹°£
city4((player))  ‘Õº–¥»Î /data/games/mj_data.o  ß∞‹°£
city4((player))  ‘Õº–¥»Î /data/games/mj_data.o  ß∞‹°£
city4((player))  ‘Õº–¥»Î /data/games/mj_data.o  ß∞‹°£
city4((player))  ‘Õº–¥»Î /data/games/mj_data.o  ß∞‹°£
city4((player))  ‘Õº–¥»Î /data/games/mj_data.o  ß∞‹°£
city4((player))  ‘Õº–¥»Î /data/games/mj_data.o  ß∞‹°£
city4((player))  ‘Õº–¥»Î /data/games/mj_data.o  ß∞‹°£
city4((player))  ‘Õº–¥»Î /data/games/mj_data.o  ß∞‹°£
city4((player))  ‘Õº–¥»Î /data/games/mj_data.o  ß∞‹°£
city4((player))  ‘Õº–¥»Î /data/games/mj_data.o  ß∞‹°£
city4((player))  ‘Õº–¥»Î /data/games/mj_data.o  ß∞‹°£
city4((player))  ‘Õº–¥»Î /data/games/mj_data.o  ß∞‹°£
city4((player))  ‘Õº–¥»Î /data/games/mj_data.o  ß∞‹°£
city4((player))  ‘Õº–¥»Î /data/games/mj_data.o  ß∞‹°£
city4((player))  ‘Õº–¥»Î /data/games/mj_data.o  ß∞‹°£
city4((player))  ‘Õº–¥»Î /data/games/mj_data.o  ß∞‹°£
city4((player))  ‘Õº–¥»Î /data/games/mj_data.o  ß∞‹°£
city4((player))  ‘Õº–¥»Î /data/games/mj_data.o  ß∞‹°£
city4((player))  ‘Õº–¥»Î /data/games/mj_data.o  ß∞‹°£
city4((player))  ‘Õº–¥»Î /data/games/mj_data.o  ß∞‹°£
city4((player))  ‘Õº–¥»Î /data/games/mj_data.o  ß∞‹°£
city4((player))  ‘Õº–¥»Î /data/games/mj_data.o  ß∞‹°£
city4((player))  ‘Õº–¥»Î /data/games/mj_data.o  ß∞‹°£
city4((player))  ‘Õº–¥»Î /data/games/mj_data.o  ß∞‹°£
city4((player))  ‘Õº–¥»Î /data/games/mj_data.o  ß∞‹°£
city4((player))  ‘Õº–¥»Î /data/games/mj_data.o  ß∞‹°£
city4((player))  ‘Õº–¥»Î /data/games/mj_data.o  ß∞‹°£
city4((player))  ‘Õº–¥»Î /data/games/mj_data.o  ß∞‹°£
city4((player))  ‘Õº–¥»Î /data/games/mj_data.o  ß∞‹°£
city4((player))  ‘Õº–¥»Î /data/games/mj_data.o  ß∞‹°£
city4((player))  ‘Õº–¥»Î /data/games/mj_data.o  ß∞‹°£
city4((player))  ‘Õº–¥»Î /data/games/mj_data.o  ß∞‹°£
city4((player))  ‘Õº–¥»Î /data/games/mj_data.o  ß∞‹°£
city4((player))  ‘Õº–¥»Î /data/games/mj_data.o  ß∞‹°£
city4((player))  ‘Õº–¥»Î /data/games/mj_data.o  ß∞‹°£
city4((player))  ‘Õº–¥»Î /data/games/mj_data.o  ß∞‹°£
city4((player))  ‘Õº–¥»Î /data/games/mj_data.o  ß∞‹°£
city4((player))  ‘Õº–¥»Î /data/games/mj_data.o  ß∞‹°£
city4((player))  ‘Õº–¥»Î /data/games/mj_data.o  ß∞‹°£
city4((player))  ‘Õº–¥»Î /data/games/mj_data.o  ß∞‹°£
city4((player))  ‘Õº–¥»Î /data/games/mj_data.o  ß∞‹°£
city4((player))  ‘Õº–¥»Î /data/games/mj_data.o  ß∞‹°£
city4((player))  ‘Õº–¥»Î /data/games/mj_data.o  ß∞‹°£
city4((player))  ‘Õº–¥»Î /data/games/mj_data.o  ß∞‹°£
city4((player))  ‘Õº–¥»Î /data/games/mj_data.o  ß∞‹°£
city4((player))  ‘Õº–¥»Î /data/games/mj_data.o  ß∞‹°£
city4((player))  ‘Õº–¥»Î /data/games/mj_data.o  ß∞‹°£
city4((player))  ‘Õº–¥»Î /data/games/mj_data.o  ß∞‹°£
city4((player))  ‘Õº–¥»Î /data/games/mj_data.o  ß∞‹°£
city4((player))  ‘Õº–¥»Î /data/games/mj_data.o  ß∞‹°£
city4((player))  ‘Õº–¥»Î /data/games/mj_data.o  ß∞‹°£
city4((player))  ‘Õº–¥»Î /data/games/mj_data.o  ß∞‹°£
city4((player))  ‘Õº–¥»Î /data/games/mj_data.o  ß∞‹°£
city4((player))  ‘Õº–¥»Î /data/games/mj_data.o  ß∞‹°£
city4((player))  ‘Õº–¥»Î /data/games/mj_data.o  ß∞‹°£
city4((player))  ‘Õº–¥»Î /data/games/mj_data.o  ß∞‹°£
city4((player))  ‘Õº–¥»Î /data/games/mj_data.o  ß∞‹°£
city4((player))  ‘Õº–¥»Î /data/games/mj_data.o  ß∞‹°£
city4((player))  ‘Õº–¥»Î /data/games/mj_data.o  ß∞‹°£
city4((player))  ‘Õº–¥»Î /data/games/mj_data.o  ß∞‹°£
city4((player))  ‘Õº–¥»Î /data/games/mj_data.o  ß∞‹°£
city4((player))  ‘Õº–¥»Î /data/games/mj_data.o  ß∞‹°£
city4((player))  ‘Õº–¥»Î /data/games/mj_data.o  ß∞‹°£
city4((player))  ‘Õº–¥»Î /data/games/mj_data.o  ß∞‹°£
city4((player))  ‘Õº–¥»Î /data/games/mj_data.o  ß∞‹°£
city4((player))  ‘Õº–¥»Î /data/games/mj_data.o  ß∞‹°£
city4((player))  ‘Õº–¥»Î /data/games/mj_data.o  ß∞‹°£
city4((player))  ‘Õº–¥»Î /data/games/mj_data.o  ß∞‹°£
city4((player))  ‘Õº–¥»Î /data/games/mj_data.o  ß∞‹°£
city4((player))  ‘Õº–¥»Î /data/games/mj_data.o  ß∞‹°£
city4((player))  ‘Õº–¥»Î /data/games/mj_data.o  ß∞‹°£
city4((player))  ‘Õº–¥»Î /data/games/mj_data.o  ß∞‹°£
city4((player))  ‘Õº–¥»Î /data/games/mj_data.o  ß∞‹°£
city4((player))  ‘Õº–¥»Î /data/games/mj_data.o  ß∞‹°£
city4((player))  ‘Õº–¥»Î /data/games/mj_data.o  ß∞‹°£
city4((player))  ‘Õº–¥»Î /data/games/mj_data.o  ß∞‹°£
city4((player))  ‘Õº–¥»Î /data/games/mj_data.o  ß∞‹°£
city4((player))  ‘Õº–¥»Î /data/games/mj_data.o  ß∞‹°£
city4((player))  ‘Õº–¥»Î /data/games/mj_data.o  ß∞‹°£
city4((player))  ‘Õº–¥»Î /data/games/mj_data.o  ß∞‹°£
city4((player))  ‘Õº–¥»Î /data/games/mj_data.o  ß∞‹°£
city4((player))  ‘Õº–¥»Î /data/games/mj_data.o  ß∞‹°£
city4((player))  ‘Õº–¥»Î /data/games/mj_data.o  ß∞‹°£
city4((player))  ‘Õº–¥»Î /data/games/mj_data.o  ß∞‹°£
city4((player))  ‘Õº–¥»Î /data/games/mj_data.o  ß∞‹°£
city4((player))  ‘Õº–¥»Î /data/games/mj_data.o  ß∞‹°£
city4((player))  ‘Õº–¥»Î /data/games/mj_data.o  ß∞‹°£
city4((player))  ‘Õº–¥»Î /data/games/mj_data.o  ß∞‹°£
city4((player))  ‘Õº–¥»Î /data/games/mj_data.o  ß∞‹°£
city4((player))  ‘Õº–¥»Î /data/games/mj_data.o  ß∞‹°£
city4((player))  ‘Õº–¥»Î /data/games/mj_data.o  ß∞‹°£
city4((player))  ‘Õº–¥»Î /data/games/mj_data.o  ß∞‹°£
city4((player))  ‘Õº–¥»Î /data/games/mj_data.o  ß∞‹°£
city4((player))  ‘Õº–¥»Î /data/games/mj_data.o  ß∞‹°£
city4((player))  ‘Õº–¥»Î /data/games/mj_data.o  ß∞‹°£
city4((player))  ‘Õº–¥»Î /data/games/mj_data.o  ß∞‹°£
city4((player))  ‘Õº–¥»Î /data/games/mj_data.o  ß∞‹°£
city4((player))  ‘Õº–¥»Î /data/games/mj_data.o  ß∞‹°£
city4((player))  ‘Õº–¥»Î /data/games/mj_data.o  ß∞‹°£
city4((player))  ‘Õº–¥»Î /data/games/mj_data.o  ß∞‹°£
city4((player))  ‘Õº–¥»Î /data/games/mj_data.o  ß∞‹°£
city4((player))  ‘Õº–¥»Î /data/games/mj_data.o  ß∞‹°£
city4((player))  ‘Õº–¥»Î /data/games/mj_data.o  ß∞‹°£
city4((player))  ‘Õº–¥»Î /data/games/mj_data.o  ß∞‹°£
city4((player))  ‘Õº–¥»Î /data/games/mj_data.o  ß∞‹°£
city4((player))  ‘Õº–¥»Î /data/games/mj_data.o  ß∞‹°£
city4((player))  ‘Õº–¥»Î /data/games/mj_data.o  ß∞‹°£
city4((player))  ‘Õº–¥»Î /data/games/mj_data.o  ß∞‹°£
city4((player))  ‘Õº–¥»Î /data/games/mj_data.o  ß∞‹°£
city4((player))  ‘Õº–¥»Î /data/games/mj_data.o  ß∞‹°£
city4((player))  ‘Õº–¥»Î /data/games/mj_data.o  ß∞‹°£
city4((player))  ‘Õº–¥»Î /data/games/mj_data.o  ß∞‹°£
city4((player))  ‘Õº–¥»Î /data/games/mj_data.o  ß∞‹°£
city4((player))  ‘Õº–¥»Î /data/games/mj_data.o  ß∞‹°£
city4((player))  ‘Õº–¥»Î /data/games/mj_data.o  ß∞‹°£
city4((player))  ‘Õº–¥»Î /data/games/mj_data.o  ß∞‹°£
city4((player))  ‘Õº–¥»Î /data/games/mj_data.o  ß∞‹°£
city4((player))  ‘Õº–¥»Î /data/games/mj_data.o  ß∞‹°£
city4((player))  ‘Õº–¥»Î /data/games/mj_data.o  ß∞‹°£
city4((player))  ‘Õº–¥»Î /data/games/mj_data.o  ß∞‹°£
city4((player))  ‘Õº–¥»Î /data/games/mj_data.o  ß∞‹°£
city4((player))  ‘Õº–¥»Î /data/games/mj_data.o  ß∞‹°£
city4((player))  ‘Õº–¥»Î /data/games/mj_data.o  ß∞‹°£
city4((player))  ‘Õº–¥»Î /data/games/mj_data.o  ß∞‹°£
city4((player))  ‘Õº–¥»Î /data/games/mj_data.o  ß∞‹°£
city4((player))  ‘Õº–¥»Î /data/games/mj_data.o  ß∞‹°£
city4((player))  ‘Õº–¥»Î /data/games/mj_data.o  ß∞‹°£
city4((player))  ‘Õº–¥»Î /data/games/mj_data.o  ß∞‹°£
city4((player))  ‘Õº–¥»Î /data/games/mj_data.o  ß∞‹°£
city4((player))  ‘Õº–¥»Î /data/games/mj_data.o  ß∞‹°£
city4((player))  ‘Õº–¥»Î /data/games/mj_data.o  ß∞‹°£
city4((player))  ‘Õº–¥»Î /data/games/mj_data.o  ß∞‹°£
city4((player))  ‘Õº–¥»Î /data/games/mj_data.o  ß∞‹°£
city4((player))  ‘Õº–¥»Î /data/games/mj_data.o  ß∞‹°£
city4((player))  ‘Õº–¥»Î /data/games/mj_data.o  ß∞‹°£
city4((player))  ‘Õº–¥»Î /data/games/mj_data.o  ß∞‹°£
city4((player))  ‘Õº–¥»Î /data/games/mj_data.o  ß∞‹°£
city4((player))  ‘Õº–¥»Î /data/games/mj_data.o  ß∞‹°£
city4((player))  ‘Õº–¥»Î /data/games/mj_data.o  ß∞‹°£
city4((player))  ‘Õº–¥»Î /data/games/mj_data.o  ß∞‹°£
city4((player))  ‘Õº–¥»Î /data/games/mj_data.o  ß∞‹°£
city4((player))  ‘Õº–¥»Î /data/games/mj_data.o  ß∞‹°£
city4((player))  ‘Õº–¥»Î /data/games/mj_data.o  ß∞‹°£
city4((player))  ‘Õº–¥»Î /data/games/mj_data.o  ß∞‹°£
city4((player))  ‘Õº–¥»Î /data/games/mj_data.o  ß∞‹°£
city4((player))  ‘Õº–¥»Î /data/games/mj_data.o  ß∞‹°£
city4((player))  ‘Õº–¥»Î /data/games/mj_data.o  ß∞‹°£
city4((player))  ‘Õº–¥»Î /data/games/mj_data.o  ß∞‹°£
city4((player))  ‘Õº–¥»Î /data/games/mj_data.o  ß∞‹°£
city4((player))  ‘Õº–¥»Î /data/games/mj_data.o  ß∞‹°£
city4((player))  ‘Õº–¥»Î /data/games/mj_data.o  ß∞‹°£
city4((player))  ‘Õº–¥»Î /data/games/mj_data.o  ß∞‹°£
city4((player))  ‘Õº–¥»Î /data/games/mj_data.o  ß∞‹°£
city4((player))  ‘Õº–¥»Î /data/games/mj_data.o  ß∞‹°£
city4((player))  ‘Õº–¥»Î /data/games/mj_data.o  ß∞‹°£
city4((player))  ‘Õº–¥»Î /data/games/mj_data.o  ß∞‹°£
city4((player))  ‘Õº–¥»Î /data/games/mj_data.o  ß∞‹°£
city4((player))  ‘Õº–¥»Î /data/games/mj_data.o  ß∞‹°£
city4((player))  ‘Õº–¥»Î /data/games/mj_data.o  ß∞‹°£
city4((player))  ‘Õº–¥»Î /data/games/mj_data.o  ß∞‹°£
city4((player))  ‘Õº–¥»Î /data/games/mj_data.o  ß∞‹°£
city4((player))  ‘Õº–¥»Î /data/games/mj_data.o  ß∞‹°£
city4((player))  ‘Õº–¥»Î /data/games/mj_data.o  ß∞‹°£
city4((player))  ‘Õº–¥»Î /data/games/mj_data.o  ß∞‹°£
city4((player))  ‘Õº–¥»Î /data/games/mj_data.o  ß∞‹°£
city4((player))  ‘Õº–¥»Î /data/games/mj_data.o  ß∞‹°£
city4((player))  ‘Õº–¥»Î /data/games/mj_data.o  ß∞‹°£
city4((player))  ‘Õº–¥»Î /data/games/mj_data.o  ß∞‹°£
city4((player))  ‘Õº–¥»Î /data/games/mj_data.o  ß∞‹°£
city4((player))  ‘Õº–¥»Î /data/games/mj_data.o  ß∞‹°£
city4((player))  ‘Õº–¥»Î /data/games/mj_data.o  ß∞‹°£
city4((player))  ‘Õº–¥»Î /data/games/mj_data.o  ß∞‹°£
city4((player))  ‘Õº–¥»Î /data/games/mj_data.o  ß∞‹°£
city4((player))  ‘Õº–¥»Î /data/games/mj_data.o  ß∞‹°£
city4((player))  ‘Õº–¥»Î /data/games/mj_data.o  ß∞‹°£
city4((player))  ‘Õº–¥»Î /data/games/mj_data.o  ß∞‹°£
city4((player))  ‘Õº–¥»Î /data/games/mj_data.o  ß∞‹°£
city4((player))  ‘Õº–¥»Î /data/games/mj_data.o  ß∞‹°£
city4((player))  ‘Õº–¥»Î /data/games/mj_data.o  ß∞‹°£
city4((player))  ‘Õº–¥»Î /data/games/mj_data.o  ß∞‹°£
city4((player))  ‘Õº–¥»Î /data/games/mj_data.o  ß∞‹°£
city4((player))  ‘Õº–¥»Î /data/games/mj_data.o  ß∞‹°£
city4((player))  ‘Õº–¥»Î /data/games/mj_data.o  ß∞‹°£
city4((player))  ‘Õº–¥»Î /data/games/mj_data.o  ß∞‹°£
city4((player))  ‘Õº–¥»Î /data/games/mj_data.o  ß∞‹°£
city4((player))  ‘Õº–¥»Î /data/games/mj_data.o  ß∞‹°£
city4((player))  ‘Õº–¥»Î /data/games/mj_data.o  ß∞‹°£
city4((player))  ‘Õº–¥»Î /data/games/mj_data.o  ß∞‹°£
city4((player))  ‘Õº–¥»Î /data/games/mj_data.o  ß∞‹°£
city4((player))  ‘Õº–¥»Î /data/games/mj_data.o  ß∞‹°£
city4((player))  ‘Õº–¥»Î /data/games/mj_data.o  ß∞‹°£
city4((player))  ‘Õº–¥»Î /data/games/mj_data.o  ß∞‹°£
city4((player))  ‘Õº–¥»Î /data/games/mj_data.o  ß∞‹°£
city4((player))  ‘Õº–¥»Î /data/games/mj_data.o  ß∞‹°£
city4((player))  ‘Õº–¥»Î /data/games/mj_data.o  ß∞‹°£
city4((player))  ‘Õº–¥»Î /data/games/mj_data.o  ß∞‹°£
city4((player))  ‘Õº–¥»Î /data/games/mj_data.o  ß∞‹°£
city4((player))  ‘Õº–¥»Î /data/games/mj_data.o  ß∞‹°£
city4((player))  ‘Õº–¥»Î /data/games/mj_data.o  ß∞‹°£
city4((player))  ‘Õº–¥»Î /data/games/mj_data.o  ß∞‹°£
city4((player))  ‘Õº–¥»Î /data/games/mj_data.o  ß∞‹°£
city4((player))  ‘Õº–¥»Î /data/games/mj_data.o  ß∞‹°£
city4((player))  ‘Õº–¥»Î /data/games/mj_data.o  ß∞‹°£
city4((player))  ‘Õº–¥»Î /data/games/mj_data.o  ß∞‹°£
city4((player))  ‘Õº–¥»Î /data/games/mj_data.o  ß∞‹°£
city4((player))  ‘Õº–¥»Î /data/games/mj_data.o  ß∞‹°£
city4((player))  ‘Õº–¥»Î /data/games/mj_data.o  ß∞‹°£
city4((player))  ‘Õº–¥»Î /data/games/mj_data.o  ß∞‹°£
city4((player))  ‘Õº–¥»Î /data/games/mj_data.o  ß∞‹°£
city4((player))  ‘Õº–¥»Î /data/games/mj_data.o  ß∞‹°£
city4((player))  ‘Õº–¥»Î /data/games/mj_data.o  ß∞‹°£
city4((player))  ‘Õº–¥»Î /data/games/mj_data.o  ß∞‹°£
city4((player))  ‘Õº–¥»Î /data/games/mj_data.o  ß∞‹°£
city4((player))  ‘Õº–¥»Î /data/games/mj_data.o  ß∞‹°£
city4((player))  ‘Õº–¥»Î /data/games/mj_data.o  ß∞‹°£
city4((player))  ‘Õº–¥»Î /data/games/mj_data.o  ß∞‹°£
city4((player))  ‘Õº–¥»Î /data/games/mj_data.o  ß∞‹°£
city4((player))  ‘Õº–¥»Î /data/games/mj_data.o  ß∞‹°£
city4((player))  ‘Õº–¥»Î /data/games/mj_data.o  ß∞‹°£
city4((player))  ‘Õº–¥»Î /data/games/mj_data.o  ß∞‹°£
city4((player))  ‘Õº–¥»Î /data/games/mj_data.o  ß∞‹°£
city4((player))  ‘Õº–¥»Î /data/games/mj_data.o  ß∞‹°£
city4((player))  ‘Õº–¥»Î /data/games/mj_data.o  ß∞‹°£
city4((player))  ‘Õº–¥»Î /data/games/mj_data.o  ß∞‹°£
city4((player))  ‘Õº–¥»Î /data/games/mj_data.o  ß∞‹°£
city4((player))  ‘Õº–¥»Î /data/games/mj_data.o  ß∞‹°£
city4((player))  ‘Õº–¥»Î /data/games/mj_data.o  ß∞‹°£
city4((player))  ‘Õº–¥»Î /data/games/mj_data.o  ß∞‹°£
city4((player))  ‘Õº–¥»Î /data/games/mj_data.o  ß∞‹°£
city4((player))  ‘Õº–¥»Î /data/games/mj_data.o  ß∞‹°£
city4((player))  ‘Õº–¥»Î /data/games/mj_data.o  ß∞‹°£
city4((player))  ‘Õº–¥»Î /data/games/mj_data.o  ß∞‹°£
city4((player))  ‘Õº–¥»Î /data/games/mj_data.o  ß∞‹°£
city4((player))  ‘Õº–¥»Î /data/games/mj_data.o  ß∞‹°£
city4((player))  ‘Õº–¥»Î /data/games/mj_data.o  ß∞‹°£
city4((player))  ‘Õº–¥»Î /data/games/mj_data.o  ß∞‹°£
city4((player))  ‘Õº–¥»Î /data/games/mj_data.o  ß∞‹°£
city4((player))  ‘Õº–¥»Î /data/games/mj_data.o  ß∞‹°£
city4((player))  ‘Õº–¥»Î /data/games/mj_data.o  ß∞‹°£
city4((player))  ‘Õº–¥»Î /data/games/mj_data.o  ß∞‹°£
city4((player))  ‘Õº–¥»Î /data/games/mj_data.o  ß∞‹°£
city4((player))  ‘Õº–¥»Î /data/games/mj_data.o  ß∞‹°£
city4((player))  ‘Õº–¥»Î /data/games/mj_data.o  ß∞‹°£
city4((player))  ‘Õº–¥»Î /data/games/mj_data.o  ß∞‹°£
city4((player))  ‘Õº–¥»Î /data/games/mj_data.o  ß∞‹°£
city4((player))  ‘Õº–¥»Î /data/games/mj_data.o  ß∞‹°£
city4((player))  ‘Õº–¥»Î /data/games/mj_data.o  ß∞‹°£
city4((player))  ‘Õº–¥»Î /data/games/mj_data.o  ß∞‹°£
city4((player))  ‘Õº–¥»Î /data/games/mj_data.o  ß∞‹°£
city4((player))  ‘Õº–¥»Î /data/games/mj_data.o  ß∞‹°£
city4((player))  ‘Õº–¥»Î /data/games/mj_data.o  ß∞‹°£
city4((player))  ‘Õº–¥»Î /data/games/mj_data.o  ß∞‹°£
city4((player))  ‘Õº–¥»Î /data/games/mj_data.o  ß∞‹°£
city4((player))  ‘Õº–¥»Î /data/games/mj_data.o  ß∞‹°£
city4((player))  ‘Õº–¥»Î /data/games/mj_data.o  ß∞‹°£
city4((player))  ‘Õº–¥»Î /data/games/mj_data.o  ß∞‹°£
city4((player))  ‘Õº–¥»Î /data/games/mj_data.o  ß∞‹°£
city4((player))  ‘Õº–¥»Î /data/games/mj_data.o  ß∞‹°£
city4((player))  ‘Õº–¥»Î /data/games/mj_data.o  ß∞‹°£
city4((player))  ‘Õº–¥»Î /data/games/mj_data.o  ß∞‹°£
city4((player))  ‘Õº–¥»Î /data/games/mj_data.o  ß∞‹°£
city4((player))  ‘Õº–¥»Î /data/games/mj_data.o  ß∞‹°£
city4((player))  ‘Õº–¥»Î /data/games/mj_data.o  ß∞‹°£
city4((player))  ‘Õº–¥»Î /data/games/mj_data.o  ß∞‹°£
city4((player))  ‘Õº–¥»Î /data/games/mj_data.o  ß∞‹°£
city4((player))  ‘Õº–¥»Î /data/games/mj_data.o  ß∞‹°£
city4((player))  ‘Õº–¥»Î /data/games/mj_data.o  ß∞‹°£
city4((player))  ‘Õº–¥»Î /data/games/mj_data.o  ß∞‹°£
city4((player))  ‘Õº–¥»Î /data/games/mj_data.o  ß∞‹°£
city4((player))  ‘Õº–¥»Î /data/games/mj_data.o  ß∞‹°£
city4((player))  ‘Õº–¥»Î /data/games/mj_data.o  ß∞‹°£
city4((player))  ‘Õº–¥»Î /data/games/mj_data.o  ß∞‹°£
city4((player))  ‘Õº–¥»Î /data/games/mj_data.o  ß∞‹°£
city4((player))  ‘Õº–¥»Î /data/games/mj_data.o  ß∞‹°£
city4((player))  ‘Õº–¥»Î /data/games/mj_data.o  ß∞‹°£
city4((player))  ‘Õº–¥»Î /data/games/mj_data.o  ß∞‹°£
city4((player))  ‘Õº–¥»Î /data/games/mj_data.o  ß∞‹°£
city4((player))  ‘Õº–¥»Î /data/games/mj_data.o  ß∞‹°£
city4((player))  ‘Õº–¥»Î /data/games/mj_data.o  ß∞‹°£
city4((player))  ‘Õº–¥»Î /data/games/mj_data.o  ß∞‹°£
city4((player))  ‘Õº–¥»Î /data/games/mj_data.o  ß∞‹°£
city4((player))  ‘Õº–¥»Î /data/games/mj_data.o  ß∞‹°£
city4((player))  ‘Õº–¥»Î /data/games/mj_data.o  ß∞‹°£
city4((player))  ‘Õº–¥»Î /data/games/mj_data.o  ß∞‹°£
city4((player))  ‘Õº–¥»Î /data/games/mj_data.o  ß∞‹°£
city4((player))  ‘Õº–¥»Î /data/games/mj_data.o  ß∞‹°£
city4((player))  ‘Õº–¥»Î /data/games/mj_data.o  ß∞‹°£
city4((player))  ‘Õº–¥»Î /data/games/mj_data.o  ß∞‹°£
city4((player))  ‘Õº–¥»Î /data/games/mj_data.o  ß∞‹°£
city4((player))  ‘Õº–¥»Î /data/games/mj_data.o  ß∞‹°£
city4((player))  ‘Õº–¥»Î /data/games/mj_data.o  ß∞‹°£
city4((player))  ‘Õº–¥»Î /data/games/mj_data.o  ß∞‹°£
city4((player))  ‘Õº–¥»Î /data/games/mj_data.o  ß∞‹°£
city4((player))  ‘Õº–¥»Î /data/games/mj_data.o  ß∞‹°£
city4((player))  ‘Õº–¥»Î /data/games/mj_data.o  ß∞‹°£
city4((player))  ‘Õº–¥»Î /data/games/mj_data.o  ß∞‹°£
city4((player))  ‘Õº–¥»Î /data/games/mj_data.o  ß∞‹°£
city4((player))  ‘Õº–¥»Î /data/games/mj_data.o  ß∞‹°£
city4((player))  ‘Õº–¥»Î /data/games/mj_data.o  ß∞‹°£
city4((player))  ‘Õº–¥»Î /data/games/mj_data.o  ß∞‹°£
city4((player))  ‘Õº–¥»Î /data/games/mj_data.o  ß∞‹°£
city4((player))  ‘Õº–¥»Î /data/games/mj_data.o  ß∞‹°£
city4((player))  ‘Õº–¥»Î /data/games/mj_data.o  ß∞‹°£
city4((player))  ‘Õº–¥»Î /data/games/mj_data.o  ß∞‹°£
city4((player))  ‘Õº–¥»Î /data/games/mj_data.o  ß∞‹°£
city4((player))  ‘Õº–¥»Î /data/games/mj_data.o  ß∞‹°£
city4((player))  ‘Õº–¥»Î /data/games/mj_data.o  ß∞‹°£
city4((player))  ‘Õº–¥»Î /data/games/mj_data.o  ß∞‹°£
city4((player))  ‘Õº–¥»Î /data/games/mj_data.o  ß∞‹°£
city4((player))  ‘Õº–¥»Î /data/games/mj_data.o  ß∞‹°£
city4((player))  ‘Õº–¥»Î /data/games/mj_data.o  ß∞‹°£
city4((player))  ‘Õº–¥»Î /data/games/mj_data.o  ß∞‹°£
city4((player))  ‘Õº–¥»Î /data/games/mj_data.o  ß∞‹°£
city4((player))  ‘Õº–¥»Î /data/games/mj_data.o  ß∞‹°£
city4((player))  ‘Õº–¥»Î /data/games/mj_data.o  ß∞‹°£
city4((player))  ‘Õº–¥»Î /data/games/mj_data.o  ß∞‹°£
city4((player))  ‘Õº–¥»Î /data/games/mj_data.o  ß∞‹°£
city4((player))  ‘Õº–¥»Î /data/games/mj_data.o  ß∞‹°£
city4((player))  ‘Õº–¥»Î /data/games/mj_data.o  ß∞‹°£
city4((player))  ‘Õº–¥»Î /data/games/mj_data.o  ß∞‹°£
city4((player))  ‘Õº–¥»Î /data/games/mj_data.o  ß∞‹°£
city4((player))  ‘Õº–¥»Î /data/games/mj_data.o  ß∞‹°£
city4((player))  ‘Õº–¥»Î /data/games/mj_data.o  ß∞‹°£
city4((player))  ‘Õº–¥»Î /data/games/mj_data.o  ß∞‹°£
city4((player))  ‘Õº–¥»Î /data/games/mj_data.o  ß∞‹°£
city4((player))  ‘Õº–¥»Î /data/games/mj_data.o  ß∞‹°£
city4((player))  ‘Õº–¥»Î /data/games/mj_data.o  ß∞‹°£
city4((player))  ‘Õº–¥»Î /data/games/mj_data.o  ß∞‹°£
city4((player))  ‘Õº–¥»Î /data/games/mj_data.o  ß∞‹°£
city4((player))  ‘Õº–¥»Î /data/games/mj_data.o  ß∞‹°£
city4((player))  ‘Õº–¥»Î /data/games/mj_data.o  ß∞‹°£
city4((player))  ‘Õº–¥»Î /data/games/mj_data.o  ß∞‹°£
city4((player))  ‘Õº–¥»Î /data/games/mj_data.o  ß∞‹°£
city4((player))  ‘Õº–¥»Î /data/games/mj_data.o  ß∞‹°£
city4((player))  ‘Õº–¥»Î /data/games/mj_data.o  ß∞‹°£
city4((player))  ‘Õº–¥»Î /data/games/mj_data.o  ß∞‹°£
city4((player))  ‘Õº–¥»Î /data/games/mj_data.o  ß∞‹°£
city4((player))  ‘Õº–¥»Î /data/games/mj_data.o  ß∞‹°£
city4((player))  ‘Õº–¥»Î /data/games/mj_data.o  ß∞‹°£
city4((player))  ‘Õº–¥»Î /data/games/mj_data.o  ß∞‹°£
city4((player))  ‘Õº–¥»Î /data/games/mj_data.o  ß∞‹°£
city4((player))  ‘Õº–¥»Î /data/games/mj_data.o  ß∞‹°£
city4((player))  ‘Õº–¥»Î /data/games/mj_data.o  ß∞‹°£
city4((player))  ‘Õº–¥»Î /data/games/mj_data.o  ß∞‹°£
city4((player))  ‘Õº–¥»Î /data/games/mj_data.o  ß∞‹°£
city4((player))  ‘Õº–¥»Î /data/games/mj_data.o  ß∞‹°£
city4((player))  ‘Õº–¥»Î /data/games/mj_data.o  ß∞‹°£
city4((player))  ‘Õº–¥»Î /data/games/mj_data.o  ß∞‹°£
city4((player))  ‘Õº–¥»Î /data/games/mj_data.o  ß∞‹°£
city4((player))  ‘Õº–¥»Î /data/games/mj_data.o  ß∞‹°£
city4((player))  ‘Õº–¥»Î /data/games/mj_data.o  ß∞‹°£
city4((player))  ‘Õº–¥»Î /data/games/mj_data.o  ß∞‹°£
city4((player))  ‘Õº–¥»Î /data/games/mj_data.o  ß∞‹°£
city4((player))  ‘Õº–¥»Î /data/games/mj_data.o  ß∞‹°£
city4((player))  ‘Õº–¥»Î /data/games/mj_data.o  ß∞‹°£
city4((player))  ‘Õº–¥»Î /data/games/mj_data.o  ß∞‹°£
city4((player))  ‘Õº–¥»Î /data/games/mj_data.o  ß∞‹°£
city4((player))  ‘Õº–¥»Î /data/games/mj_data.o  ß∞‹°£
city4((player))  ‘Õº–¥»Î /data/games/mj_data.o  ß∞‹°£
city4((player))  ‘Õº–¥»Î /data/games/mj_data.o  ß∞‹°£
city4((player))  ‘Õº–¥»Î /data/games/mj_data.o  ß∞‹°£
city4((player))  ‘Õº–¥»Î /data/games/mj_data.o  ß∞‹°£
city4((player))  ‘Õº–¥»Î /data/games/mj_data.o  ß∞‹°£
city4((player))  ‘Õº–¥»Î /data/games/mj_data.o  ß∞‹°£
city4((player))  ‘Õº–¥»Î /data/games/mj_data.o  ß∞‹°£
city4((player))  ‘Õº–¥»Î /data/games/mj_data.o  ß∞‹°£
city4((player))  ‘Õº–¥»Î /data/games/mj_data.o  ß∞‹°£
city4((player))  ‘Õº–¥»Î /data/games/mj_data.o  ß∞‹°£
city4((player))  ‘Õº–¥»Î /data/games/mj_data.o  ß∞‹°£
city4((player))  ‘Õº–¥»Î /data/games/mj_data.o  ß∞‹°£
city4((player))  ‘Õº–¥»Î /data/games/mj_data.o  ß∞‹°£
city4((player))  ‘Õº–¥»Î /data/games/mj_data.o  ß∞‹°£
city4((player))  ‘Õº–¥»Î /data/games/mj_data.o  ß∞‹°£
city4((player))  ‘Õº–¥»Î /data/games/mj_data.o  ß∞‹°£
city4((player))  ‘Õº–¥»Î /data/games/mj_data.o  ß∞‹°£
city4((player))  ‘Õº–¥»Î /data/games/mj_data.o  ß∞‹°£
city4((player))  ‘Õº–¥»Î /data/games/mj_data.o  ß∞‹°£
city4((player))  ‘Õº–¥»Î /data/games/mj_data.o  ß∞‹°£
city4((player))  ‘Õº–¥»Î /data/games/mj_data.o  ß∞‹°£
city4((player))  ‘Õº–¥»Î /data/games/mj_data.o  ß∞‹°£
city4((player))  ‘Õº–¥»Î /data/games/mj_data.o  ß∞‹°£
city4((player))  ‘Õº–¥»Î /data/games/mj_data.o  ß∞‹°£
city4((player))  ‘Õº–¥»Î /data/games/mj_data.o  ß∞‹°£
city4((player))  ‘Õº–¥»Î /data/games/mj_data.o  ß∞‹°£
city4((player))  ‘Õº–¥»Î /data/games/mj_data.o  ß∞‹°£
city4((player))  ‘Õº–¥»Î /data/games/mj_data.o  ß∞‹°£
city4((player))  ‘Õº–¥»Î /data/games/mj_data.o  ß∞‹°£
city4((player))  ‘Õº–¥»Î /data/games/mj_data.o  ß∞‹°£
city4((player))  ‘Õº–¥»Î /data/games/mj_data.o  ß∞‹°£
city4((player))  ‘Õº–¥»Î /data/games/mj_data.o  ß∞‹°£
city4((player))  ‘Õº–¥»Î /data/games/mj_data.o  ß∞‹°£
city4((player))  ‘Õº–¥»Î /data/games/mj_data.o  ß∞‹°£
city4((player))  ‘Õº–¥»Î /data/games/mj_data.o  ß∞‹°£
city4((player))  ‘Õº–¥»Î /data/games/mj_data.o  ß∞‹°£
city4((player))  ‘Õº–¥»Î /data/games/mj_data.o  ß∞‹°£
city4((player))  ‘Õº–¥»Î /data/games/mj_data.o  ß∞‹°£
city4((player))  ‘Õº–¥»Î /data/games/mj_data.o  ß∞‹°£
city4((player))  ‘Õº–¥»Î /data/games/mj_data.o  ß∞‹°£
city4((player))  ‘Õº–¥»Î /data/games/mj_data.o  ß∞‹°£
city4((player))  ‘Õº–¥»Î /data/games/mj_data.o  ß∞‹°£
city4((player))  ‘Õº–¥»Î /data/games/mj_data.o  ß∞‹°£
city4((player))  ‘Õº–¥»Î /data/games/mj_data.o  ß∞‹°£
city4((player))  ‘Õº–¥»Î /data/games/mj_data.o  ß∞‹°£
city4((player))  ‘Õº–¥»Î /data/games/mj_data.o  ß∞‹°£
city4((player))  ‘Õº–¥»Î /data/games/mj_data.o  ß∞‹°£
city4((player))  ‘Õº–¥»Î /data/games/mj_data.o  ß∞‹°£
city4((player))  ‘Õº–¥»Î /data/games/mj_data.o  ß∞‹°£
city4((player))  ‘Õº–¥»Î /data/games/mj_data.o  ß∞‹°£
city4((player))  ‘Õº–¥»Î /data/games/mj_data.o  ß∞‹°£
city4((player))  ‘Õº–¥»Î /data/games/mj_data.o  ß∞‹°£
city4((player))  ‘Õº–¥»Î /data/games/mj_data.o  ß∞‹°£
city4((player))  ‘Õº–¥»Î /data/games/mj_data.o  ß∞‹°£
city4((player))  ‘Õº–¥»Î /data/games/mj_data.o  ß∞‹°£
city4((player))  ‘Õº–¥»Î /data/games/mj_data.o  ß∞‹°£
city4((player))  ‘Õº–¥»Î /data/games/mj_data.o  ß∞‹°£
city4((player))  ‘Õº–¥»Î /data/games/mj_data.o  ß∞‹°£
city4((player))  ‘Õº–¥»Î /data/games/mj_data.o  ß∞‹°£
city4((player))  ‘Õº–¥»Î /data/games/mj_data.o  ß∞‹°£
city4((player))  ‘Õº–¥»Î /data/games/mj_data.o  ß∞‹°£
city4((player))  ‘Õº–¥»Î /data/games/mj_data.o  ß∞‹°£
city4((player))  ‘Õº–¥»Î /data/games/mj_data.o  ß∞‹°£
city4((player))  ‘Õº–¥»Î /data/games/mj_data.o  ß∞‹°£
city4((player))  ‘Õº–¥»Î /data/games/mj_data.o  ß∞‹°£
city4((player))  ‘Õº–¥»Î /data/games/mj_data.o  ß∞‹°£
city4((player))  ‘Õº–¥»Î /data/games/mj_data.o  ß∞‹°£
city4((player))  ‘Õº–¥»Î /data/games/mj_data.o  ß∞‹°£
city4((player))  ‘Õº–¥»Î /data/games/mj_data.o  ß∞‹°£
city4((player))  ‘Õº–¥»Î /data/games/mj_data.o  ß∞‹°£
city4((player))  ‘Õº–¥»Î /data/games/mj_data.o  ß∞‹°£
city4((player))  ‘Õº–¥»Î /data/games/mj_data.o  ß∞‹°£
city4((player))  ‘Õº–¥»Î /data/games/mj_data.o  ß∞‹°£
city4((player))  ‘Õº–¥»Î /data/games/mj_data.o  ß∞‹°£
city4((player))  ‘Õº–¥»Î /data/games/mj_data.o  ß∞‹°£
city4((player))  ‘Õº–¥»Î /data/games/mj_data.o  ß∞‹°£
city4((player))  ‘Õº–¥»Î /data/games/mj_data.o  ß∞‹°£
city4((player))  ‘Õº–¥»Î /data/games/mj_data.o  ß∞‹°£
city4((player))  ‘Õº–¥»Î /data/games/mj_data.o  ß∞‹°£
city4((player))  ‘Õº–¥»Î /data/games/mj_data.o  ß∞‹°£
city4((player))  ‘Õº–¥»Î /data/games/mj_data.o  ß∞‹°£
city4((player))  ‘Õº–¥»Î /data/games/mj_data.o  ß∞‹°£
city4((player))  ‘Õº–¥»Î /data/games/mj_data.o  ß∞‹°£
city4((player))  ‘Õº–¥»Î /data/games/mj_data.o  ß∞‹°£
city4((player))  ‘Õº–¥»Î /data/games/mj_data.o  ß∞‹°£
city4((player))  ‘Õº–¥»Î /data/games/mj_data.o  ß∞‹°£
city4((player))  ‘Õº–¥»Î /data/games/mj_data.o  ß∞‹°£
city4((player))  ‘Õº–¥»Î /data/games/mj_data.o  ß∞‹°£
city4((player))  ‘Õº–¥»Î /data/games/mj_data.o  ß∞‹°£
city4((player))  ‘Õº–¥»Î /data/games/mj_data.o  ß∞‹°£
city4((player))  ‘Õº–¥»Î /data/games/mj_data.o  ß∞‹°£
city4((player))  ‘Õº–¥»Î /data/games/mj_data.o  ß∞‹°£
city4((player))  ‘Õº–¥»Î /data/games/mj_data.o  ß∞‹°£
city4((player))  ‘Õº–¥»Î /data/games/mj_data.o  ß∞‹°£
city4((player))  ‘Õº–¥»Î /data/games/mj_data.o  ß∞‹°£
city4((player))  ‘Õº–¥»Î /data/games/mj_data.o  ß∞‹°£
city4((player))  ‘Õº–¥»Î /data/games/mj_data.o  ß∞‹°£
city4((player))  ‘Õº–¥»Î /data/games/mj_data.o  ß∞‹°£
city4((player))  ‘Õº–¥»Î /data/games/mj_data.o  ß∞‹°£
city4((player))  ‘Õº–¥»Î /data/games/mj_data.o  ß∞‹°£
city4((player))  ‘Õº–¥»Î /data/games/mj_data.o  ß∞‹°£
city4((player))  ‘Õº–¥»Î /data/games/mj_data.o  ß∞‹°£
city4((player))  ‘Õº–¥»Î /data/games/mj_data.o  ß∞‹°£
city4((player))  ‘Õº–¥»Î /data/games/mj_data.o  ß∞‹°£
city4((player))  ‘Õº–¥»Î /data/games/mj_data.o  ß∞‹°£
city4((player))  ‘Õº–¥»Î /data/games/mj_data.o  ß∞‹°£
city4((player))  ‘Õº–¥»Î /data/games/mj_data.o  ß∞‹°£
city4((player))  ‘Õº–¥»Î /data/games/mj_data.o  ß∞‹°£
city4((player))  ‘Õº–¥»Î /data/games/mj_data.o  ß∞‹°£
city4((player))  ‘Õº–¥»Î /data/games/mj_data.o  ß∞‹°£
city4((player))  ‘Õº–¥»Î /data/games/mj_data.o  ß∞‹°£
city4((player))  ‘Õº–¥»Î /data/games/mj_data.o  ß∞‹°£
city4((player))  ‘Õº–¥»Î /data/games/mj_data.o  ß∞‹°£
city4((player))  ‘Õº–¥»Î /data/games/mj_data.o  ß∞‹°£
city4((player))  ‘Õº–¥»Î /data/games/mj_data.o  ß∞‹°£
city4((player))  ‘Õº–¥»Î /data/games/mj_data.o  ß∞‹°£
city4((player))  ‘Õº–¥»Î /data/games/mj_data.o  ß∞‹°£
city4((player))  ‘Õº–¥»Î /data/games/mj_data.o  ß∞‹°£
city4((player))  ‘Õº–¥»Î /data/games/mj_data.o  ß∞‹°£
city4((player))  ‘Õº–¥»Î /data/games/mj_data.o  ß∞‹°£
city4((player))  ‘Õº–¥»Î /data/games/mj_data.o  ß∞‹°£
city4((player))  ‘Õº–¥»Î /data/games/mj_data.o  ß∞‹°£
city4((player))  ‘Õº–¥»Î /data/games/mj_data.o  ß∞‹°£
city4((player))  ‘Õº–¥»Î /data/games/mj_data.o  ß∞‹°£
city4((player))  ‘Õº–¥»Î /data/games/mj_data.o  ß∞‹°£
city4((player))  ‘Õº–¥»Î /data/games/mj_data.o  ß∞‹°£
city4((player))  ‘Õº–¥»Î /data/games/mj_data.o  ß∞‹°£
city4((player))  ‘Õº–¥»Î /data/games/mj_data.o  ß∞‹°£
city4((player))  ‘Õº–¥»Î /data/games/mj_data.o  ß∞‹°£
city4((player))  ‘Õº–¥»Î /data/games/mj_data.o  ß∞‹°£
city4((player))  ‘Õº–¥»Î /data/games/mj_data.o  ß∞‹°£
city4((player))  ‘Õº–¥»Î /data/games/mj_data.o  ß∞‹°£
city4((player))  ‘Õº–¥»Î /data/games/mj_data.o  ß∞‹°£
city4((player))  ‘Õº–¥»Î /data/games/mj_data.o  ß∞‹°£
city4((player))  ‘Õº–¥»Î /data/games/mj_data.o  ß∞‹°£
city4((player))  ‘Õº–¥»Î /data/games/mj_data.o  ß∞‹°£
city4((player))  ‘Õº–¥»Î /data/games/mj_data.o  ß∞‹°£
city4((player))  ‘Õº–¥»Î /data/games/mj_data.o  ß∞‹°£
city4((player))  ‘Õº–¥»Î /data/games/mj_data.o  ß∞‹°£
city4((player))  ‘Õº–¥»Î /data/games/mj_data.o  ß∞‹°£
city4((player))  ‘Õº–¥»Î /data/games/mj_data.o  ß∞‹°£
city4((player))  ‘Õº–¥»Î /data/games/mj_data.o  ß∞‹°£
city4((player))  ‘Õº–¥»Î /data/games/mj_data.o  ß∞‹°£
city4((player))  ‘Õº–¥»Î /data/games/mj_data.o  ß∞‹°£
city4((player))  ‘Õº–¥»Î /data/games/mj_data.o  ß∞‹°£
city4((player))  ‘Õº–¥»Î /data/games/mj_data.o  ß∞‹°£
city4((player))  ‘Õº–¥»Î /data/games/mj_data.o  ß∞‹°£
city4((player))  ‘Õº–¥»Î /data/games/mj_data.o  ß∞‹°£
city4((player))  ‘Õº–¥»Î /data/games/mj_data.o  ß∞‹°£
city4((player))  ‘Õº–¥»Î /data/games/mj_data.o  ß∞‹°£
city4((player))  ‘Õº–¥»Î /data/games/mj_data.o  ß∞‹°£
city4((player))  ‘Õº–¥»Î /data/games/mj_data.o  ß∞‹°£
city4((player))  ‘Õº–¥»Î /data/games/mj_data.o  ß∞‹°£
city4((player))  ‘Õº–¥»Î /data/games/mj_data.o  ß∞‹°£
city4((player))  ‘Õº–¥»Î /data/games/mj_data.o  ß∞‹°£
city4((player))  ‘Õº–¥»Î /data/games/mj_data.o  ß∞‹°£
city4((player))  ‘Õº–¥»Î /data/games/mj_data.o  ß∞‹°£
city4((player))  ‘Õº–¥»Î /data/games/mj_data.o  ß∞‹°£
city4((player))  ‘Õº–¥»Î /data/games/mj_data.o  ß∞‹°£
city4((player))  ‘Õº–¥»Î /data/games/mj_data.o  ß∞‹°£
city4((player))  ‘Õº–¥»Î /data/games/mj_data.o  ß∞‹°£
city4((player))  ‘Õº–¥»Î /data/games/mj_data.o  ß∞‹°£
city4((player))  ‘Õº–¥»Î /data/games/mj_data.o  ß∞‹°£
city4((player))  ‘Õº–¥»Î /data/games/mj_data.o  ß∞‹°£
city4((player))  ‘Õº–¥»Î /data/games/mj_data.o  ß∞‹°£
city4((player))  ‘Õº–¥»Î /data/games/mj_data.o  ß∞‹°£
city4((player))  ‘Õº–¥»Î /data/games/mj_data.o  ß∞‹°£
city4((player))  ‘Õº–¥»Î /data/games/mj_data.o  ß∞‹°£
city4((player))  ‘Õº–¥»Î /data/games/mj_data.o  ß∞‹°£
city4((player))  ‘Õº–¥»Î /data/games/mj_data.o  ß∞‹°£
city4((player))  ‘Õº–¥»Î /data/games/mj_data.o  ß∞‹°£
city4((player))  ‘Õº–¥»Î /data/games/mj_data.o  ß∞‹°£
city4((player))  ‘Õº–¥»Î /data/games/mj_data.o  ß∞‹°£
city4((player))  ‘Õº–¥»Î /data/games/mj_data.o  ß∞‹°£
city4((player))  ‘Õº–¥»Î /data/games/mj_data.o  ß∞‹°£
city4((player))  ‘Õº–¥»Î /data/games/mj_data.o  ß∞‹°£
city4((player))  ‘Õº–¥»Î /data/games/mj_data.o  ß∞‹°£
city4((player))  ‘Õº–¥»Î /data/games/mj_data.o  ß∞‹°£
city4((player))  ‘Õº–¥»Î /data/games/mj_data.o  ß∞‹°£
city4((player))  ‘Õº–¥»Î /data/games/mj_data.o  ß∞‹°£
city4((player))  ‘Õº–¥»Î /data/games/mj_data.o  ß∞‹°£
city4((player))  ‘Õº–¥»Î /data/games/mj_data.o  ß∞‹°£
city4((player))  ‘Õº–¥»Î /data/games/mj_data.o  ß∞‹°£
city4((player))  ‘Õº–¥»Î /data/games/mj_data.o  ß∞‹°£
city4((player))  ‘Õº–¥»Î /data/games/mj_data.o  ß∞‹°£
city4((player))  ‘Õº–¥»Î /data/games/mj_data.o  ß∞‹°£
city4((player))  ‘Õº–¥»Î /data/games/mj_data.o  ß∞‹°£
city4((player))  ‘Õº–¥»Î /data/games/mj_data.o  ß∞‹°£
city4((player))  ‘Õº–¥»Î /data/games/mj_data.o  ß∞‹°£
city4((player))  ‘Õº–¥»Î /data/games/mj_data.o  ß∞‹°£
city4((player))  ‘Õº–¥»Î /data/games/mj_data.o  ß∞‹°£
city4((player))  ‘Õº–¥»Î /data/games/mj_data.o  ß∞‹°£
city4((player))  ‘Õº–¥»Î /data/games/mj_data.o  ß∞‹°£
city4((player))  ‘Õº–¥»Î /data/games/mj_data.o  ß∞‹°£
city4((player))  ‘Õº–¥»Î /data/games/mj_data.o  ß∞‹°£
city4((player))  ‘Õº–¥»Î /data/games/mj_data.o  ß∞‹°£
city4((player))  ‘Õº–¥»Î /data/games/mj_data.o  ß∞‹°£
city4((player))  ‘Õº–¥»Î /data/games/mj_data.o  ß∞‹°£
city4((player))  ‘Õº–¥»Î /data/games/mj_data.o  ß∞‹°£
city4((player))  ‘Õº–¥»Î /data/games/mj_data.o  ß∞‹°£
city4((player))  ‘Õº–¥»Î /data/games/mj_data.o  ß∞‹°£
city4((player))  ‘Õº–¥»Î /data/games/mj_data.o  ß∞‹°£
city4((player))  ‘Õº–¥»Î /data/games/mj_data.o  ß∞‹°£
city4((player))  ‘Õº–¥»Î /data/games/mj_data.o  ß∞‹°£
city4((player))  ‘Õº–¥»Î /data/games/mj_data.o  ß∞‹°£
city4((player))  ‘Õº–¥»Î /data/games/mj_data.o  ß∞‹°£
city4((player))  ‘Õº–¥»Î /data/games/mj_data.o  ß∞‹°£
city4((player))  ‘Õº–¥»Î /data/games/mj_data.o  ß∞‹°£
city4((player))  ‘Õº–¥»Î /data/games/mj_data.o  ß∞‹°£
city4((player))  ‘Õº–¥»Î /data/games/mj_data.o  ß∞‹°£
city4((player))  ‘Õº–¥»Î /data/games/mj_data.o  ß∞‹°£
city4((player))  ‘Õº–¥»Î /data/games/mj_data.o  ß∞‹°£
city4((player))  ‘Õº–¥»Î /data/games/mj_data.o  ß∞‹°£
city4((player))  ‘Õº–¥»Î /data/games/mj_data.o  ß∞‹°£
city4((player))  ‘Õº–¥»Î /data/games/mj_data.o  ß∞‹°£
city4((player))  ‘Õº–¥»Î /data/games/mj_data.o  ß∞‹°£
city4((player))  ‘Õº–¥»Î /data/games/mj_data.o  ß∞‹°£
city4((player))  ‘Õº–¥»Î /data/games/mj_data.o  ß∞‹°£
city4((player))  ‘Õº–¥»Î /data/games/mj_data.o  ß∞‹°£
city4((player))  ‘Õº–¥»Î /data/games/mj_data.o  ß∞‹°£
city4((player))  ‘Õº–¥»Î /data/games/mj_data.o  ß∞‹°£
city4((player))  ‘Õº–¥»Î /data/games/mj_data.o  ß∞‹°£
city4((player))  ‘Õº–¥»Î /data/games/mj_data.o  ß∞‹°£
city4((player))  ‘Õº–¥»Î /data/games/mj_data.o  ß∞‹°£
city4((player))  ‘Õº–¥»Î /data/games/mj_data.o  ß∞‹°£
city4((player))  ‘Õº–¥»Î /data/games/mj_data.o  ß∞‹°£
city4((player))  ‘Õº–¥»Î /data/games/mj_data.o  ß∞‹°£
city4((player))  ‘Õº–¥»Î /data/games/mj_data.o  ß∞‹°£
city4((player))  ‘Õº–¥»Î /data/games/mj_data.o  ß∞‹°£
city4((player))  ‘Õº–¥»Î /data/games/mj_data.o  ß∞‹°£
city4((player))  ‘Õº–¥»Î /data/games/mj_data.o  ß∞‹°£
city4((player))  ‘Õº–¥»Î /data/games/mj_data.o  ß∞‹°£
city4((player))  ‘Õº–¥»Î /data/games/mj_data.o  ß∞‹°£
city4((player))  ‘Õº–¥»Î /data/games/mj_data.o  ß∞‹°£
city4((player))  ‘Õº–¥»Î /data/games/mj_data.o  ß∞‹°£
city4((player))  ‘Õº–¥»Î /data/games/mj_data.o  ß∞‹°£
city4((player))  ‘Õº–¥»Î /data/games/mj_data.o  ß∞‹°£
city4((player))  ‘Õº–¥»Î /data/games/mj_data.o  ß∞‹°£
city4((player))  ‘Õº–¥»Î /data/games/mj_data.o  ß∞‹°£
city4((player))  ‘Õº–¥»Î /data/games/mj_data.o  ß∞‹°£
city4((player))  ‘Õº–¥»Î /data/games/mj_data.o  ß∞‹°£
city4((player))  ‘Õº–¥»Î /data/games/mj_data.o  ß∞‹°£
city4((player))  ‘Õº–¥»Î /data/games/mj_data.o  ß∞‹°£
city4((player))  ‘Õº–¥»Î /data/games/mj_data.o  ß∞‹°£
city4((player))  ‘Õº–¥»Î /data/games/mj_data.o  ß∞‹°£
city4((player))  ‘Õº–¥»Î /data/games/mj_data.o  ß∞‹°£
city4((player))  ‘Õº–¥»Î /data/games/mj_data.o  ß∞‹°£
city4((player))  ‘Õº–¥»Î /data/games/mj_data.o  ß∞‹°£
city4((player))  ‘Õº–¥»Î /data/games/mj_data.o  ß∞‹°£
city4((player))  ‘Õº–¥»Î /data/games/mj_data.o  ß∞‹°£
city4((player))  ‘Õº–¥»Î /data/games/mj_data.o  ß∞‹°£
city4((player))  ‘Õº–¥»Î /data/games/mj_data.o  ß∞‹°£
city4((player))  ‘Õº–¥»Î /data/games/mj_data.o  ß∞‹°£
city4((player))  ‘Õº–¥»Î /data/games/mj_data.o  ß∞‹°£
city4((player))  ‘Õº–¥»Î /data/games/mj_data.o  ß∞‹°£
city4((player))  ‘Õº–¥»Î /data/games/mj_data.o  ß∞‹°£
city4((player))  ‘Õº–¥»Î /data/games/mj_data.o  ß∞‹°£
city4((player))  ‘Õº–¥»Î /data/games/mj_data.o  ß∞‹°£
city4((player))  ‘Õº–¥»Î /data/games/mj_data.o  ß∞‹°£
city4((player))  ‘Õº–¥»Î /data/games/mj_data.o  ß∞‹°£
city4((player))  ‘Õº–¥»Î /data/games/mj_data.o  ß∞‹°£
city4((player))  ‘Õº–¥»Î /data/games/mj_data.o  ß∞‹°£
city4((player))  ‘Õº–¥»Î /data/games/mj_data.o  ß∞‹°£
city4((player))  ‘Õº–¥»Î /data/games/mj_data.o  ß∞‹°£
city4((player))  ‘Õº–¥»Î /data/games/mj_data.o  ß∞‹°£
city4((player))  ‘Õº–¥»Î /data/games/mj_data.o  ß∞‹°£
city4((player))  ‘Õº–¥»Î /data/games/mj_data.o  ß∞‹°£
city4((player))  ‘Õº–¥»Î /data/games/mj_data.o  ß∞‹°£
city4((player))  ‘Õº–¥»Î /data/games/mj_data.o  ß∞‹°£
lulue((player))  ‘Õº–¥»Î /data/FENG  ß∞‹°£
trista((player))  ‘Õº–¥»Î /data/FENG  ß∞‹°£
xuezr((player))  ‘Õº–¥»Î /data/FENG  ß∞‹°£
city4((player))  ‘Õº–¥»Î /data/games/mj_data.o  ß∞‹°£
city4((player))  ‘Õº–¥»Î /data/games/mj_data.o  ß∞‹°£
city4((player))  ‘Õº–¥»Î /data/games/mj_data.o  ß∞‹°£
city4((player))  ‘Õº–¥»Î /data/games/mj_data.o  ß∞‹°£
city4((player))  ‘Õº–¥»Î /data/games/mj_data.o  ß∞‹°£
city4((player))  ‘Õº–¥»Î /data/games/mj_data.o  ß∞‹°£
city4((player))  ‘Õº–¥»Î /data/games/mj_data.o  ß∞‹°£
city4((player))  ‘Õº–¥»Î /data/games/mj_data.o  ß∞‹°£
city4((player))  ‘Õº–¥»Î /data/games/mj_data.o  ß∞‹°£
city4((player))  ‘Õº–¥»Î /data/games/mj_data.o  ß∞‹°£
city4((player))  ‘Õº–¥»Î /data/games/mj_data.o  ß∞‹°£
city4((player))  ‘Õº–¥»Î /data/games/mj_data.o  ß∞‹°£
city4((player))  ‘Õº–¥»Î /data/games/mj_data.o  ß∞‹°£
city4((player))  ‘Õº–¥»Î /data/games/mj_data.o  ß∞‹°£
city4((player))  ‘Õº–¥»Î /data/games/mj_data.o  ß∞‹°£
city4((player))  ‘Õº–¥»Î /data/games/mj_data.o  ß∞‹°£
city4((player))  ‘Õº–¥»Î /data/games/mj_data.o  ß∞‹°£
city4((player))  ‘Õº–¥»Î /data/games/mj_data.o  ß∞‹°£
city4((player))  ‘Õº–¥»Î /data/games/mj_data.o  ß∞‹°£
city4((player))  ‘Õº–¥»Î /data/games/mj_data.o  ß∞‹°£
city4((player))  ‘Õº–¥»Î /data/games/mj_data.o  ß∞‹°£
city4((player))  ‘Õº–¥»Î /data/games/mj_data.o  ß∞‹°£
city4((player))  ‘Õº–¥»Î /data/games/mj_data.o  ß∞‹°£
city4((player))  ‘Õº–¥»Î /data/games/mj_data.o  ß∞‹°£
city4((player))  ‘Õº–¥»Î /data/games/mj_data.o  ß∞‹°£
city4((player))  ‘Õº–¥»Î /data/games/mj_data.o  ß∞‹°£
city4((player))  ‘Õº–¥»Î /data/games/mj_data.o  ß∞‹°£
city4((player))  ‘Õº–¥»Î /data/games/mj_data.o  ß∞‹°£
city4((player))  ‘Õº–¥»Î /data/games/mj_data.o  ß∞‹°£
city4((player))  ‘Õº–¥»Î /data/games/mj_data.o  ß∞‹°£
city4((player))  ‘Õº–¥»Î /data/games/mj_data.o  ß∞‹°£
city4((player))  ‘Õº–¥»Î /data/games/mj_data.o  ß∞‹°£
city4((player))  ‘Õº–¥»Î /data/games/mj_data.o  ß∞‹°£
city4((player))  ‘Õº–¥»Î /data/games/mj_data.o  ß∞‹°£
city4((player))  ‘Õº–¥»Î /data/games/mj_data.o  ß∞‹°£
city4((player))  ‘Õº–¥»Î /data/games/mj_data.o  ß∞‹°£
city4((player))  ‘Õº–¥»Î /data/games/mj_data.o  ß∞‹°£
city4((player))  ‘Õº–¥»Î /data/games/mj_data.o  ß∞‹°£
city4((player))  ‘Õº–¥»Î /data/games/mj_data.o  ß∞‹°£
city4((player))  ‘Õº–¥»Î /data/games/mj_data.o  ß∞‹°£
meiren((player))  ‘Õº–¥»Î /data/FENG  ß∞‹°£
city4((player))  ‘Õº–¥»Î /data/games/mj_data.o  ß∞‹°£
city4((player))  ‘Õº–¥»Î /data/games/mj_data.o  ß∞‹°£
city4((player))  ‘Õº–¥»Î /data/games/mj_data.o  ß∞‹°£
city4((player))  ‘Õº–¥»Î /data/games/mj_data.o  ß∞‹°£
city4((player))  ‘Õº–¥»Î /data/games/mj_data.o  ß∞‹°£
city4((player))  ‘Õº–¥»Î /data/games/mj_data.o  ß∞‹°£
city4((player))  ‘Õº–¥»Î /data/games/mj_data.o  ß∞‹°£
city4((player))  ‘Õº–¥»Î /data/games/mj_data.o  ß∞‹°£
city4((player))  ‘Õº–¥»Î /data/games/mj_data.o  ß∞‹°£
city4((player))  ‘Õº–¥»Î /data/games/mj_data.o  ß∞‹°£
city4((player))  ‘Õº–¥»Î /data/games/mj_data.o  ß∞‹°£
city4((player))  ‘Õº–¥»Î /data/games/mj_data.o  ß∞‹°£
city4((player))  ‘Õº–¥»Î /data/games/mj_data.o  ß∞‹°£
city4((player))  ‘Õº–¥»Î /data/games/mj_data.o  ß∞‹°£
city4((player))  ‘Õº–¥»Î /data/games/mj_data.o  ß∞‹°£
city4((player))  ‘Õº–¥»Î /data/games/mj_data.o  ß∞‹°£
city4((player))  ‘Õº–¥»Î /data/games/mj_data.o  ß∞‹°£
city4((player))  ‘Õº–¥»Î /data/games/mj_data.o  ß∞‹°£
city4((player))  ‘Õº–¥»Î /data/games/mj_data.o  ß∞‹°£
city4((player))  ‘Õº–¥»Î /data/games/mj_data.o  ß∞‹°£
city4((player))  ‘Õº–¥»Î /data/games/mj_data.o  ß∞‹°£
city4((player))  ‘Õº–¥»Î /data/games/mj_data.o  ß∞‹°£
city4((player))  ‘Õº–¥»Î /data/games/mj_data.o  ß∞‹°£
city4((player))  ‘Õº–¥»Î /data/games/mj_data.o  ß∞‹°£
city4((player))  ‘Õº–¥»Î /data/games/mj_data.o  ß∞‹°£
city4((player))  ‘Õº–¥»Î /data/games/mj_data.o  ß∞‹°£
city4((player))  ‘Õº–¥»Î /data/games/mj_data.o  ß∞‹°£
city4((player))  ‘Õº–¥»Î /data/games/mj_data.o  ß∞‹°£
city4((player))  ‘Õº–¥»Î /data/games/mj_data.o  ß∞‹°£
city4((player))  ‘Õº–¥»Î /data/games/mj_data.o  ß∞‹°£
city4((player))  ‘Õº–¥»Î /data/games/mj_data.o  ß∞‹°£
city4((player))  ‘Õº–¥»Î /data/games/mj_data.o  ß∞‹°£
city4((player))  ‘Õº–¥»Î /data/games/mj_data.o  ß∞‹°£
city4((player))  ‘Õº–¥»Î /data/games/mj_data.o  ß∞‹°£
city4((player))  ‘Õº–¥»Î /data/games/mj_data.o  ß∞‹°£
city4((player))  ‘Õº–¥»Î /data/games/mj_data.o  ß∞‹°£
city4((player))  ‘Õº–¥»Î /data/games/mj_data.o  ß∞‹°£
city4((player))  ‘Õº–¥»Î /data/games/mj_data.o  ß∞‹°£
city4((player))  ‘Õº–¥»Î /data/games/mj_data.o  ß∞‹°£
city4((player))  ‘Õº–¥»Î /data/games/mj_data.o  ß∞‹°£
city4((player))  ‘Õº–¥»Î /data/games/mj_data.o  ß∞‹°£
city4((player))  ‘Õº–¥»Î /data/games/mj_data.o  ß∞‹°£
city4((player))  ‘Õº–¥»Î /data/games/mj_data.o  ß∞‹°£
city4((player))  ‘Õº–¥»Î /data/games/mj_data.o  ß∞‹°£
city4((player))  ‘Õº–¥»Î /data/games/mj_data.o  ß∞‹°£
city4((player))  ‘Õº–¥»Î /data/games/mj_data.o  ß∞‹°£
city4((player))  ‘Õº–¥»Î /data/games/mj_data.o  ß∞‹°£
city4((player))  ‘Õº–¥»Î /data/games/mj_data.o  ß∞‹°£
city4((player))  ‘Õº–¥»Î /data/games/mj_data.o  ß∞‹°£
city4((player))  ‘Õº–¥»Î /data/games/mj_data.o  ß∞‹°£
city4((player))  ‘Õº–¥»Î /data/games/mj_data.o  ß∞‹°£
city4((player))  ‘Õº–¥»Î /data/games/mj_data.o  ß∞‹°£
city4((player))  ‘Õº–¥»Î /data/games/mj_data.o  ß∞‹°£
city4((player))  ‘Õº–¥»Î /data/games/mj_data.o  ß∞‹°£
city4((player))  ‘Õº–¥»Î /data/games/mj_data.o  ß∞‹°£
city4((player))  ‘Õº–¥»Î /data/games/mj_data.o  ß∞‹°£
city4((player))  ‘Õº–¥»Î /data/games/mj_data.o  ß∞‹°£
city4((player))  ‘Õº–¥»Î /data/games/mj_data.o  ß∞‹°£
city4((player))  ‘Õº–¥»Î /data/games/mj_data.o  ß∞‹°£
city4((player))  ‘Õº–¥»Î /data/games/mj_data.o  ß∞‹°£
city4((player))  ‘Õº–¥»Î /data/games/mj_data.o  ß∞‹°£
city4((player))  ‘Õº–¥»Î /data/games/mj_data.o  ß∞‹°£
city4((player))  ‘Õº–¥»Î /data/games/mj_data.o  ß∞‹°£
city4((player))  ‘Õº–¥»Î /data/games/mj_data.o  ß∞‹°£
city4((player))  ‘Õº–¥»Î /data/games/mj_data.o  ß∞‹°£
city4((player))  ‘Õº–¥»Î /data/games/mj_data.o  ß∞‹°£
city4((player))  ‘Õº–¥»Î /data/games/mj_data.o  ß∞‹°£
city4((player))  ‘Õº–¥»Î /data/games/mj_data.o  ß∞‹°£
city4((player))  ‘Õº–¥»Î /data/games/mj_data.o  ß∞‹°£
city4((player))  ‘Õº–¥»Î /data/games/mj_data.o  ß∞‹°£
city4((player))  ‘Õº–¥»Î /data/games/mj_data.o  ß∞‹°£
city4((player))  ‘Õº–¥»Î /data/games/mj_data.o  ß∞‹°£
lulusee((player))  ‘Õº–¥»Î /data/FENG  ß∞‹°£
tttyyy((player))  ‘Õº–¥»Î /data/FENG  ß∞‹°£
city4((player))  ‘Õº–¥»Î /data/games/mj_data.o  ß∞‹°£
city4((player))  ‘Õº–¥»Î /data/games/mj_data.o  ß∞‹°£
city4((player))  ‘Õº–¥»Î /data/games/mj_data.o  ß∞‹°£
city4((player))  ‘Õº–¥»Î /data/games/mj_data.o  ß∞‹°£
city4((player))  ‘Õº–¥»Î /data/games/mj_data.o  ß∞‹°£
city4((player))  ‘Õº–¥»Î /data/games/mj_data.o  ß∞‹°£
city4((player))  ‘Õº–¥»Î /data/games/mj_data.o  ß∞‹°£
city4((player))  ‘Õº–¥»Î /data/games/mj_data.o  ß∞‹°£
city4((player))  ‘Õº–¥»Î /data/games/mj_data.o  ß∞‹°£
city4((player))  ‘Õº–¥»Î /data/games/mj_data.o  ß∞‹°£
city4((player))  ‘Õº–¥»Î /data/games/mj_data.o  ß∞‹°£
city4((player))  ‘Õº–¥»Î /data/games/mj_data.o  ß∞‹°£
city4((player))  ‘Õº–¥»Î /data/games/mj_data.o  ß∞‹°£
city4((player))  ‘Õº–¥»Î /data/games/mj_data.o  ß∞‹°£
city4((player))  ‘Õº–¥»Î /data/games/mj_data.o  ß∞‹°£
city4((player))  ‘Õº–¥»Î /data/games/mj_data.o  ß∞‹°£
city4((player))  ‘Õº–¥»Î /data/games/mj_data.o  ß∞‹°£
city4((player))  ‘Õº–¥»Î /data/games/mj_data.o  ß∞‹°£
city4((player))  ‘Õº–¥»Î /data/games/mj_data.o  ß∞‹°£
city4((player))  ‘Õº–¥»Î /data/games/mj_data.o  ß∞‹°£
city4((player))  ‘Õº–¥»Î /data/games/mj_data.o  ß∞‹°£
city4((player))  ‘Õº–¥»Î /data/games/mj_data.o  ß∞‹°£
city4((player))  ‘Õº–¥»Î /data/games/mj_data.o  ß∞‹°£
city4((player))  ‘Õº–¥»Î /data/games/mj_data.o  ß∞‹°£
fdhyy((player))  ‘Õº–¥»Î /data/FENG  ß∞‹°£
wanbbb((player))  ‘Õº–¥»Î /data/FENG  ß∞‹°£
liub((player))  ‘Õº–¥»Î /data/FENG  ß∞‹°£
sway((player))  ‘Õº–¥»Î /data/FENG  ß∞‹°£
sssj((player))  ‘Õº–¥»Î /data/FENG  ß∞‹°£
city4((player))  ‘Õº–¥»Î /data/user/t/tiandi.pet.o  ß∞‹°£
city4((player))  ‘Õº–¥»Î /data/user/t/tiandi.pet.o  ß∞‹°£
koma((player))  ‘Õº–¥»Î /data/FENG  ß∞‹°£
badman((player))  ‘Õº–¥»Î /data/FENG  ß∞‹°£
city4((player))  ‘Õº–¥»Î /data/games/mj_data.o  ß∞‹°£
city4((player))  ‘Õº–¥»Î /data/games/mj_data.o  ß∞‹°£
city4((player))  ‘Õº–¥»Î /data/games/mj_data.o  ß∞‹°£
city4((player))  ‘Õº–¥»Î /data/games/mj_data.o  ß∞‹°£
city4((player))  ‘Õº–¥»Î /data/games/mj_data.o  ß∞‹°£
city4((player))  ‘Õº–¥»Î /data/games/mj_data.o  ß∞‹°£
xdzi((player))  ‘Õº–¥»Î /data/FENG  ß∞‹°£
tdwytz((player))  ‘Õº–¥»Î /data/FENG  ß∞‹°£
bwh((player))  ‘Õº–¥»Î /data/FENG  ß∞‹°£
spray((player))  ‘Õº–¥»Î /data/FENG  ß∞‹°£
xiamihs((player))  ‘Õº–¥»Î /data/FENG  ß∞‹°£
city4((player))  ‘Õº–¥»Î /data/user/t/tiandi.pet.o  ß∞‹°£
flyfog((player))  ‘Õº–¥»Î /data/FENG  ß∞‹°£
cjs((player))  ‘Õº–¥»Î /data/FENG  ß∞‹°£
jslygh((player))  ‘Õº–¥»Î /data/FENG  ß∞‹°£
file((player))  ‘Õº–¥»Î /data/FENG  ß∞‹°£
pingan((player))  ‘Õº–¥»Î /data/diary/z  ß∞‹°£
pingan((player))  ‘Õº–¥»Î /data/diary/z/zzxx  ß∞‹°£
pingan((player))  ‘Õº–¥»Î /data/diary/y  ß∞‹°£
pingan((player))  ‘Õº–¥»Î /data/diary/y/yflin  ß∞‹°£
pingan((player))  ‘Õº–¥»Î /data/diary/y  ß∞‹°£
pingan((player))  ‘Õº–¥»Î /data/diary/y/yflin  ß∞‹°£
pingan((player))  ‘Õº–¥»Î /data/diary/z  ß∞‹°£
pingan((player))  ‘Õº–¥»Î /data/diary/z/zzxx  ß∞‹°£
blueboy((player))  ‘Õº–¥»Î /data/FENG  ß∞‹°£
calvin((wizard))  ‘Õº–¥»Î /d/u/calvin  ß∞‹°£
calvin((wizard))  ‘Õº–¥»Î /d/u/calvin/huoqiang.c  ß∞‹°£
qphu((player))  ‘Õº–¥»Î /data/FENG  ß∞‹°£
grace((player))  ‘Õº–¥»Î /data/FENG  ß∞‹°£
know((player))  ‘Õº–¥»Î /data/FENG  ß∞‹°£
know((player))  ‘Õº–¥»Î /data/FENG  ß∞‹°£
knownnn((player))  ‘Õº–¥»Î /data/FENG  ß∞‹°£
void((player))  ‘Õº–¥»Î /data/FENG  ß∞‹°£
rubish((player))  ‘Õº–¥»Î /data/FENG  ß∞‹°£
pepsihuashan((player))  ‘Õº–¥»Î /data/FENG  ß∞‹°£
pingan((player))  ‘Õº–¥»Î /data/diary/j  ß∞‹°£
pingan((player))  ‘Õº–¥»Î /data/diary/j/jxdgf  ß∞‹°£
pingan((player))  ‘Õº–¥»Î /data/diary/w  ß∞‹°£
pingan((player))  ‘Õº–¥»Î /data/diary/w/wwz  ß∞‹°£
chess((player))  ‘Õº–¥»Î /data/FENG  ß∞‹°£
pingan((player))  ‘Õº–¥»Î /data/diary/y  ß∞‹°£
pingan((player))  ‘Õº–¥»Î /data/diary/y/yuwen  ß∞‹°£
pingan((player))  ‘Õº–¥»Î /data/diary/g  ß∞‹°£
pingan((player))  ‘Õº–¥»Î /data/diary/g/guqing  ß∞‹°£
dancer((player))  ‘Õº–¥»Î /data/FENG  ß∞‹°£
xch((player))  ‘Õº–¥»Î /data/FENG  ß∞‹°£
pingan((player))  ‘Õº–¥»Î /data/diary/s  ß∞‹°£
pingan((player))  ‘Õº–¥»Î /data/diary/s/sadsky  ß∞‹°£
pingan((player))  ‘Õº–¥»Î /data/diary/b  ß∞‹°£
pingan((player))  ‘Õº–¥»Î /data/diary/b/bite  ß∞‹°£
city4((player))  ‘Õº–¥»Î /data/user/t/tiandi.pet.o  ß∞‹°£
smanhua((player))  ‘Õº–¥»Î /data/FENG  ß∞‹°£
spray((player))  ‘Õº–¥»Î /data/FENG  ß∞‹°£
mier((player))  ‘Õº–¥»Î /data/FENG  ß∞‹°£
pingan((player))  ‘Õº–¥»Î /data/diary/w  ß∞‹°£
pingan((player))  ‘Õº–¥»Î /data/diary/w/wniu  ß∞‹°£
pingan((player))  ‘Õº–¥»Î /data/diary/w  ß∞‹°£
pingan((player))  ‘Õº–¥»Î /data/diary/w/wzliu  ß∞‹°£
city4((player))  ‘Õº–¥»Î /data/user/t/tiandi.pet.o  ß∞‹°£
city4((player))  ‘Õº–¥»Î /data/user/t/tiandi.pet.o  ß∞‹°£
city4((player))  ‘Õº–¥»Î /data/user/t/tiandi.pet.o  ß∞‹°£
city4((player))  ‘Õº–¥»Î /data/user/t/tiandi.pet.o  ß∞‹°£
city4((player))  ‘Õº–¥»Î /data/user/t/tiandi.pet.o  ß∞‹°£
city4((player))  ‘Õº–¥»Î /data/user/t/tiandi.pet.o  ß∞‹°£
city4((player))  ‘Õº–¥»Î /data/user/t/tiandi.pet.o  ß∞‹°£
city4((player))  ‘Õº–¥»Î /data/user/t/tiandi.pet.o  ß∞‹°£
icefoxb((player))  ‘Õº–¥»Î /data/FENG  ß∞‹°£
city4((player))  ‘Õº–¥»Î /data/user/t/tiandi.pet.o  ß∞‹°£
city4((player))  ‘Õº–¥»Î /data/user/t/tiandi.pet.o  ß∞‹°£
city4((player))  ‘Õº–¥»Î /data/user/t/tiandi.pet.o  ß∞‹°£
city4((player))  ‘Õº–¥»Î /data/user/t/tiandi.pet.o  ß∞‹°£
city4((player))  ‘Õº–¥»Î /data/user/t/tiandi.pet.o  ß∞‹°£
city4((player))  ‘Õº–¥»Î /data/user/t/tiandi.pet.o  ß∞‹°£
city4((player))  ‘Õº–¥»Î /data/user/t/tiandi.pet.o  ß∞‹°£
city4((player))  ‘Õº–¥»Î /data/user/t/tiandi.pet.o  ß∞‹°£
city4((player))  ‘Õº–¥»Î /data/user/t/tiandi.pet.o  ß∞‹°£
city4((player))  ‘Õº–¥»Î /data/user/t/tiandi.pet.o  ß∞‹°£
nzhak((player))  ‘Õº–¥»Î /data/FENG  ß∞‹°£
city4((player))  ‘Õº–¥»Î /data/user/t/tiandi.pet.o  ß∞‹°£
xxxxh((player))  ‘Õº–¥»Î /data/FENG  ß∞‹°£
spray((player))  ‘Õº–¥»Î /data/FENG  ß∞‹°£
city4((player))  ‘Õº–¥»Î /data/user/t/tiandi.pet.o  ß∞‹°£
city4((player))  ‘Õº–¥»Î /data/user/t/tiandi.pet.o  ß∞‹°£
city4((player))  ‘Õº–¥»Î /data/user/t/tiandi.pet.o  ß∞‹°£
city4((player))  ‘Õº–¥»Î /data/user/t/tiandi.pet.o  ß∞‹°£
xyanhu((arch))  ‘Õº–¥»Î /data/user/c/chenying.o  ß∞‹°£
city4((player))  ‘Õº–¥»Î /data/user/t/tiandi.pet.o  ß∞‹°£
city4((player))  ‘Õº–¥»Î /data/user/t/tiandi.pet.o  ß∞‹°£
city4((player))  ‘Õº–¥»Î /data/user/t/tiandi.pet.o  ß∞‹°£
city4((player))  ‘Õº–¥»Î /data/user/t/tiandi.pet.o  ß∞‹°£
city4((player))  ‘Õº–¥»Î /data/user/t/tiandi.pet.o  ß∞‹°£
lisa((player))  ‘Õº–¥»Î /data/FENG  ß∞‹°£
nzhab((player))  ‘Õº–¥»Î /data/FENG  ß∞‹°£
city((player))  ‘Õº–¥»Î /data/mj3_data.o  ß∞‹°£
city((player))  ‘Õº–¥»Î /data/mj3_data.o  ß∞‹°£
city((player))  ‘Õº–¥»Î /data/mj3_data.o  ß∞‹°£
city((player))  ‘Õº–¥»Î /data/mj3_data.o  ß∞‹°£
city((player))  ‘Õº–¥»Î /data/mj3_data.o  ß∞‹°£
city((player))  ‘Õº–¥»Î /data/mj3_data.o  ß∞‹°£
city((player))  ‘Õº–¥»Î /data/mj3_data.o  ß∞‹°£
city((player))  ‘Õº–¥»Î /data/mj3_data.o  ß∞‹°£
city((player))  ‘Õº–¥»Î /data/mj3_data.o  ß∞‹°£
city((player))  ‘Õº–¥»Î /data/mj3_data.o  ß∞‹°£
city((player))  ‘Õº–¥»Î /data/mj3_data.o  ß∞‹°£
city((player))  ‘Õº–¥»Î /data/mj3_data.o  ß∞‹°£
city((player))  ‘Õº–¥»Î /data/mj3_data.o  ß∞‹°£
city((player))  ‘Õº–¥»Î /data/mj3_data.o  ß∞‹°£
city((player))  ‘Õº–¥»Î /data/mj3_data.o  ß∞‹°£
city((player))  ‘Õº–¥»Î /data/mj3_data.o  ß∞‹°£
city((player))  ‘Õº–¥»Î /data/mj3_data.o  ß∞‹°£
city((player))  ‘Õº–¥»Î /data/mj3_data.o  ß∞‹°£
city((player))  ‘Õº–¥»Î /data/mj3_data.o  ß∞‹°£
city((player))  ‘Õº–¥»Î /data/mj3_data.o  ß∞‹°£
city((player))  ‘Õº–¥»Î /data/mj3_data.o  ß∞‹°£
city((player))  ‘Õº–¥»Î /data/mj3_data.o  ß∞‹°£
bmr((player))  ‘Õº–¥»Î /data/FENG  ß∞‹°£
xyanhu((arch))  ‘Õº–¥»Î /data/user/y/yanhuz.o  ß∞‹°£
xyanhu((arch))  ‘Õº–¥»Î /data/login/y/yanhuz.o  ß∞‹°£
xyanhu((arch))  ‘Õº–¥»Î /data/user/y/yanhuz.o  ß∞‹°£
xyanhu((arch))  ‘Õº–¥»Î /data/login/y/yanhuz.o  ß∞‹°£
xyanhu((arch))  ‘Õº–¥»Î /data/user/m/maliyu.o  ß∞‹°£
xyanhu((arch))  ‘Õº–¥»Î /data/login/m/maliyu.o  ß∞‹°£
xyanhu((arch))  ‘Õº–¥»Î /data/user/z/zhenqian.o  ß∞‹°£
xyanhu((arch))  ‘Õº–¥»Î /data/login/z/zhenqian.o  ß∞‹°£
xyanhu((arch))  ‘Õº–¥»Î /data/user/d/ddbb.o  ß∞‹°£
xyanhu((arch))  ‘Õº–¥»Î /data/login/d/ddbb.o  ß∞‹°£
xyanhu((arch))  ‘Õº–¥»Î /data/user/n/npc.o  ß∞‹°£
xyanhu((arch))  ‘Õº–¥»Î /data/login/n/npc.o  ß∞‹°£
xyanhu((arch))  ‘Õº–¥»Î /data/user/g/game.o  ß∞‹°£
xyanhu((arch))  ‘Õº–¥»Î /data/login/g/game.o  ß∞‹°£
city((player))  ‘Õº–¥»Î /data/mj3_data.o  ß∞‹°£
city((player))  ‘Õº–¥»Î /data/mj3_data.o  ß∞‹°£
city((player))  ‘Õº–¥»Î /data/mj3_data.o  ß∞‹°£
city((player))  ‘Õº–¥»Î /data/mj3_data.o  ß∞‹°£
city((player))  ‘Õº–¥»Î /data/mj3_data.o  ß∞‹°£
city((player))  ‘Õº–¥»Î /data/mj3_data.o  ß∞‹°£
gmdami((player))  ‘Õº–¥»Î /data/FENG  ß∞‹°£
zkankan((player))  ‘Õº–¥»Î /data/FENG  ß∞‹°£
lyj((player))  ‘Õº–¥»Î /data/FENG  ß∞‹°£
pingan((player))  ‘Õº–¥»Î /data/diary/c  ß∞‹°£
pingan((player))  ‘Õº–¥»Î /data/diary/c/chirs  ß∞‹°£
pingan((player))  ‘Õº–¥»Î /data/diary/n  ß∞‹°£
pingan((player))  ‘Õº–¥»Î /data/diary/n/npc  ß∞‹°£
pingan((player))  ‘Õº–¥»Î /data/diary/n  ß∞‹°£
pingan((player))  ‘Õº–¥»Î /data/diary/n/npc  ß∞‹°£
pingan((player))  ‘Õº–¥»Î /data/diary/c  ß∞‹°£
pingan((player))  ‘Õº–¥»Î /data/diary/c/chirs  ß∞‹°£
city((player))  ‘Õº–¥»Î /data/mj3_data.o  ß∞‹°£
city((player))  ‘Õº–¥»Î /data/mj3_data.o  ß∞‹°£
city((player))  ‘Õº–¥»Î /data/mj3_data.o  ß∞‹°£
city((player))  ‘Õº–¥»Î /data/mj3_data.o  ß∞‹°£
city((player))  ‘Õº–¥»Î /data/mj3_data.o  ß∞‹°£
city((player))  ‘Õº–¥»Î /data/mj3_data.o  ß∞‹°£
kanfeng((player))  ‘Õº–¥»Î /data/FENG  ß∞‹°£
pingan((player))  ‘Õº–¥»Î /data/diary/q  ß∞‹°£
pingan((player))  ‘Õº–¥»Î /data/diary/q/qzz  ß∞‹°£
pingan((player))  ‘Õº–¥»Î /data/diary/q  ß∞‹°£
pingan((player))  ‘Õº–¥»Î /data/diary/q/qazqaz  ß∞‹°£
zhmb((player))  ‘Õº–¥»Î /data/FENG  ß∞‹°£
zhmd((player))  ‘Õº–¥»Î /data/FENG  ß∞‹°£
pingan((player))  ‘Õº–¥»Î /data/diary/c  ß∞‹°£
pingan((player))  ‘Õº–¥»Î /data/diary/c/chirs  ß∞‹°£
pingan((player))  ‘Õº–¥»Î /data/diary/s  ß∞‹°£
pingan((player))  ‘Õº–¥»Î /data/diary/s/spray  ß∞‹°£
pingan((player))  ‘Õº–¥»Î /data/diary/c  ß∞‹°£
pingan((player))  ‘Õº–¥»Î /data/diary/c/chirs  ß∞‹°£
pingan((player))  ‘Õº–¥»Î /data/diary/s  ß∞‹°£
pingan((player))  ‘Õº–¥»Î /data/diary/s/spray  ß∞‹°£
pingan((player))  ‘Õº–¥»Î /data/diary/c  ß∞‹°£
pingan((player))  ‘Õº–¥»Î /data/diary/c/chijd  ß∞‹°£
pingan((player))  ‘Õº–¥»Î /data/diary/y  ß∞‹°£
pingan((player))  ‘Õº–¥»Î /data/diary/y/yanhuz  ß∞‹°£
