99.03.14 13:20 B f:\mirror1\d\jyguan\beimen.c --> www1.yn.cninfo.net /mudcctx/mudlib/d/jyguan beimen.c
99.03.14 13:20 B f:\mirror1\d\jyguan\dangpu.c --> www1.yn.cninfo.net /mudcctx/mudlib/d/jyguan dangpu.c
99.03.14 13:20 B f:\mirror1\d\jyguan\dongmen.c --> www1.yn.cninfo.net /mudcctx/mudlib/d/jyguan dongmen.c
99.03.14 13:20 B f:\mirror1\d\jyguan\guangchang.c --> www1.yn.cninfo.net /mudcctx/mudlib/d/jyguan guangchang.c
99.03.14 13:20 B f:\mirror1\d\jyguan\huangmo.c --> www1.yn.cninfo.net /mudcctx/mudlib/d/jyguan huangmo.c
99.03.14 13:20 B f:\mirror1\d\jyguan\huangmo1.c --> www1.yn.cninfo.net /mudcctx/mudlib/d/jyguan huangmo1.c
99.03.14 13:20 B f:\mirror1\d\jyguan\huangmo2.c --> www1.yn.cninfo.net /mudcctx/mudlib/d/jyguan huangmo2.c
99.03.14 13:20 B f:\mirror1\d\jyguan\huangmo3.c --> www1.yn.cninfo.net /mudcctx/mudlib/d/jyguan huangmo3.c
99.03.14 13:20 B f:\mirror1\d\jyguan\huangmo4.c --> www1.yn.cninfo.net /mudcctx/mudlib/d/jyguan huangmo4.c
99.03.14 13:20 B f:\mirror1\d\jyguan\huangmo5.c --> www1.yn.cninfo.net /mudcctx/mudlib/d/jyguan huangmo5.c
99.03.14 13:20 B f:\mirror1\d\jyguan\huangmo6.c --> www1.yn.cninfo.net /mudcctx/mudlib/d/jyguan huangmo6.c
99.03.14 13:20 B f:\mirror1\d\jyguan\hutiao8.c --> www1.yn.cninfo.net /mudcctx/mudlib/d/jyguan hutiao8.c
99.03.14 13:20 B f:\mirror1\d\jyguan\hutiaoshi.c --> www1.yn.cninfo.net /mudcctx/mudlib/d/jyguan hutiaoshi.c
99.03.14 13:20 B f:\mirror1\d\jyguan\jiudian.c --> www1.yn.cninfo.net /mudcctx/mudlib/d/jyguan jiudian.c
99.03.14 13:20 B f:\mirror1\d\jyguan\kedian.c --> www1.yn.cninfo.net /mudcctx/mudlib/d/jyguan kedian.c
99.03.14 13:20 B f:\mirror1\d\jyguan\kedian2.c --> www1.yn.cninfo.net /mudcctx/mudlib/d/jyguan kedian2.c
99.03.14 13:20 B f:\mirror1\d\jyguan\kedian3.c --> www1.yn.cninfo.net /mudcctx/mudlib/d/jyguan kedian3.c
99.03.14 13:20 B f:\mirror1\d\jyguan\longwangmiao.c --> www1.yn.cninfo.net /mudcctx/mudlib/d/jyguan longwangmiao.c
99.03.14 13:20 B f:\mirror1\d\jyguan\luzhou.c --> www1.yn.cninfo.net /mudcctx/mudlib/d/jyguan luzhou.c
99.03.14 13:21 B f:\mirror1\d\jyguan\luzhou1.c --> www1.yn.cninfo.net /mudcctx/mudlib/d/jyguan luzhou1.c
99.03.14 13:21 B f:\mirror1\d\jyguan\nanmen.c --> www1.yn.cninfo.net /mudcctx/mudlib/d/jyguan nanmen.c
99.03.14 13:21 B f:\mirror1\d\jyguan\road1.c --> www1.yn.cninfo.net /mudcctx/mudlib/d/jyguan road1.c
99.03.14 13:21 B f:\mirror1\d\jyguan\road2.c --> www1.yn.cninfo.net /mudcctx/mudlib/d/jyguan road2.c
99.03.14 13:21 B f:\mirror1\d\jyguan\road3.c --> www1.yn.cninfo.net /mudcctx/mudlib/d/jyguan road3.c
99.03.14 13:21 B f:\mirror1\d\jyguan\road4.c --> www1.yn.cninfo.net /mudcctx/mudlib/d/jyguan road4.c
99.03.14 13:21 B f:\mirror1\d\jyguan\road5.c --> www1.yn.cninfo.net /mudcctx/mudlib/d/jyguan road5.c
99.03.14 13:21 B f:\mirror1\d\jyguan\roadjyg.c --> www1.yn.cninfo.net /mudcctx/mudlib/d/jyguan roadjyg.c
99.03.14 13:21 B f:\mirror1\d\jyguan\shamo.c --> www1.yn.cninfo.net /mudcctx/mudlib/d/jyguan shamo.c
99.03.14 13:21 B f:\mirror1\d\jyguan\shamo1.c --> www1.yn.cninfo.net /mudcctx/mudlib/d/jyguan shamo1.c
99.03.14 13:21 B f:\mirror1\d\jyguan\shaqiu.c --> www1.yn.cninfo.net /mudcctx/mudlib/d/jyguan shaqiu.c
99.03.14 13:21 B f:\mirror1\d\jyguan\shaqiu1.c --> www1.yn.cninfo.net /mudcctx/mudlib/d/jyguan shaqiu1.c
99.03.14 13:21 B f:\mirror1\d\jyguan\shaqiu2.c --> www1.yn.cninfo.net /mudcctx/mudlib/d/jyguan shaqiu2.c
99.03.14 13:21 B f:\mirror1\d\jyguan\town.c --> www1.yn.cninfo.net /mudcctx/mudlib/d/jyguan town.c
99.03.14 13:21 B f:\mirror1\d\jyguan\townroad.c --> www1.yn.cninfo.net /mudcctx/mudlib/d/jyguan townroad.c
99.03.14 13:21 B f:\mirror1\d\jyguan\townroad1.c --> www1.yn.cninfo.net /mudcctx/mudlib/d/jyguan townroad1.c
99.03.14 13:21 B f:\mirror1\d\jyguan\wall.c --> www1.yn.cninfo.net /mudcctx/mudlib/d/jyguan wall.c
99.03.14 13:21 B f:\mirror1\d\jyguan\ximen.c --> www1.yn.cninfo.net /mudcctx/mudlib/d/jyguan ximen.c
99.03.14 13:21 B f:\mirror1\d\jyguan\zahuopu.c --> www1.yn.cninfo.net /mudcctx/mudlib/d/jyguan zahuopu.c
99.03.14 13:21 B f:\mirror1\d\jyguan\zuixianlou2.c --> www1.yn.cninfo.net /mudcctx/mudlib/d/jyguan zuixianlou2.c
