99.03.14 13:19 B f:\mirror1\d\jingzhou\obj\armor.c --> www1.yn.cninfo.net /mudcctx/mudlib/d/jingzhou/obj armor.c
99.03.14 13:19 B f:\mirror1\d\jingzhou\obj\baozi.c --> www1.yn.cninfo.net /mudcctx/mudlib/d/jingzhou/obj baozi.c
99.03.14 13:19 B f:\mirror1\d\jingzhou\obj\beixin.c --> www1.yn.cninfo.net /mudcctx/mudlib/d/jingzhou/obj beixin.c
99.03.14 13:19 B f:\mirror1\d\jingzhou\obj\caoxie.c --> www1.yn.cninfo.net /mudcctx/mudlib/d/jingzhou/obj caoxie.c
99.03.14 13:19 B f:\mirror1\d\jingzhou\obj\changjian.c --> www1.yn.cninfo.net /mudcctx/mudlib/d/jingzhou/obj changjian.c
99.03.14 13:19 B f:\mirror1\d\jingzhou\obj\cloth.c --> www1.yn.cninfo.net /mudcctx/mudlib/d/jingzhou/obj cloth.c
99.03.14 13:19 B f:\mirror1\d\jingzhou\obj\cycle.c --> www1.yn.cninfo.net /mudcctx/mudlib/d/jingzhou/obj cycle.c
99.03.14 13:19 B f:\mirror1\d\jingzhou\obj\dagger.c --> www1.yn.cninfo.net /mudcctx/mudlib/d/jingzhou/obj dagger.c
99.03.14 13:19 B f:\mirror1\d\jingzhou\obj\duanjian.c --> www1.yn.cninfo.net /mudcctx/mudlib/d/jingzhou/obj duanjian.c
99.03.14 13:19 B f:\mirror1\d\jingzhou\obj\fake-zi.c --> www1.yn.cninfo.net /mudcctx/mudlib/d/jingzhou/obj fake-zi.c
99.03.14 13:19 B f:\mirror1\d\jingzhou\obj\flower_shoe.c --> www1.yn.cninfo.net /mudcctx/mudlib/d/jingzhou/obj flower_shoe.c
99.03.14 13:19 B f:\mirror1\d\jingzhou\obj\gangdao.c --> www1.yn.cninfo.net /mudcctx/mudlib/d/jingzhou/obj gangdao.c
99.03.14 13:19 B f:\mirror1\d\jingzhou\obj\gangjian.c --> www1.yn.cninfo.net /mudcctx/mudlib/d/jingzhou/obj gangjian.c
99.03.14 13:19 B f:\mirror1\d\jingzhou\obj\goldarmor.c --> www1.yn.cninfo.net /mudcctx/mudlib/d/jingzhou/obj goldarmor.c
99.03.14 13:19 B f:\mirror1\d\jingzhou\obj\goupi.c --> www1.yn.cninfo.net /mudcctx/mudlib/d/jingzhou/obj goupi.c
99.03.14 13:19 B f:\mirror1\d\jingzhou\obj\gourou.c --> www1.yn.cninfo.net /mudcctx/mudlib/d/jingzhou/obj gourou.c
99.03.14 13:19 B f:\mirror1\d\jingzhou\obj\guiyuan.c --> www1.yn.cninfo.net /mudcctx/mudlib/d/jingzhou/obj guiyuan.c
99.03.14 13:19 B f:\mirror1\d\jingzhou\obj\hammer.c --> www1.yn.cninfo.net /mudcctx/mudlib/d/jingzhou/obj hammer.c
99.03.14 13:19 B f:\mirror1\d\jingzhou\obj\hdjiudai.c --> www1.yn.cninfo.net /mudcctx/mudlib/d/jingzhou/obj hdjiudai.c
99.03.14 13:19 B f:\mirror1\d\jingzhou\obj\huwan.c --> www1.yn.cninfo.net /mudcctx/mudlib/d/jingzhou/obj huwan.c
99.03.14 13:19 B f:\mirror1\d\jingzhou\obj\huyao.c --> www1.yn.cninfo.net /mudcctx/mudlib/d/jingzhou/obj huyao.c
99.03.14 13:19 B f:\mirror1\d\jingzhou\obj\jiaohuaji.c --> www1.yn.cninfo.net /mudcctx/mudlib/d/jingzhou/obj jiaohuaji.c
99.03.14 13:19 B f:\mirror1\d\jingzhou\obj\jinchuang.c --> www1.yn.cninfo.net /mudcctx/mudlib/d/jingzhou/obj jinchuang.c
99.03.14 13:19 B f:\mirror1\d\jingzhou\obj\jitui.c --> www1.yn.cninfo.net /mudcctx/mudlib/d/jingzhou/obj jitui.c
99.03.14 13:19 B f:\mirror1\d\jingzhou\obj\jiudai.c --> www1.yn.cninfo.net /mudcctx/mudlib/d/jingzhou/obj jiudai.c
99.03.14 13:19 B f:\mirror1\d\jingzhou\obj\junfu.c --> www1.yn.cninfo.net /mudcctx/mudlib/d/jingzhou/obj junfu.c
99.03.14 13:19 B f:\mirror1\d\jingzhou\obj\kaoya.c --> www1.yn.cninfo.net /mudcctx/mudlib/d/jingzhou/obj kaoya.c
99.03.14 13:19 B f:\mirror1\d\jingzhou\obj\lvju.c --> www1.yn.cninfo.net /mudcctx/mudlib/d/jingzhou/obj lvju.c
99.03.14 13:19 B f:\mirror1\d\jingzhou\obj\mabudai.c --> www1.yn.cninfo.net /mudcctx/mudlib/d/jingzhou/obj mabudai.c
99.03.14 13:19 B f:\mirror1\d\jingzhou\obj\mian.c --> www1.yn.cninfo.net /mudcctx/mudlib/d/jingzhou/obj mian.c
99.03.14 13:19 B f:\mirror1\d\jingzhou\obj\mianju.c --> www1.yn.cninfo.net /mudcctx/mudlib/d/jingzhou/obj mianju.c
99.03.14 13:19 B f:\mirror1\d\jingzhou\obj\necklace.c --> www1.yn.cninfo.net /mudcctx/mudlib/d/jingzhou/obj necklace.c
99.03.14 13:19 B f:\mirror1\d\jingzhou\obj\peanut.c --> www1.yn.cninfo.net /mudcctx/mudlib/d/jingzhou/obj peanut.c
99.03.14 13:19 B f:\mirror1\d\jingzhou\obj\pink_cloth.c --> www1.yn.cninfo.net /mudcctx/mudlib/d/jingzhou/obj pink_cloth.c
99.03.14 13:19 B f:\mirror1\d\jingzhou\obj\pixue.c --> www1.yn.cninfo.net /mudcctx/mudlib/d/jingzhou/obj pixue.c
99.03.14 13:19 B f:\mirror1\d\jingzhou\obj\shanshen.c --> www1.yn.cninfo.net /mudcctx/mudlib/d/jingzhou/obj shanshen.c
99.03.14 13:19 B f:\mirror1\d\jingzhou\obj\shield.c --> www1.yn.cninfo.net /mudcctx/mudlib/d/jingzhou/obj shield.c
99.03.14 13:19 B f:\mirror1\d\jingzhou\obj\shoutao.c --> www1.yn.cninfo.net /mudcctx/mudlib/d/jingzhou/obj shoutao.c
99.03.14 13:19 B f:\mirror1\d\jingzhou\obj\shouwu.c --> www1.yn.cninfo.net /mudcctx/mudlib/d/jingzhou/obj shouwu.c
99.03.14 13:19 B f:\mirror1\d\jingzhou\obj\silverarmor.c --> www1.yn.cninfo.net /mudcctx/mudlib/d/jingzhou/obj silverarmor.c
99.03.14 13:19 B f:\mirror1\d\jingzhou\obj\surcoat.c --> www1.yn.cninfo.net /mudcctx/mudlib/d/jingzhou/obj surcoat.c
99.03.14 13:19 B f:\mirror1\d\jingzhou\obj\tiejia.c --> www1.yn.cninfo.net /mudcctx/mudlib/d/jingzhou/obj tiejia.c
99.03.14 13:19 B f:\mirror1\d\jingzhou\obj\tieshou.c --> www1.yn.cninfo.net /mudcctx/mudlib/d/jingzhou/obj tieshou.c
99.03.14 13:19 B f:\mirror1\d\jingzhou\obj\tofu.c --> www1.yn.cninfo.net /mudcctx/mudlib/d/jingzhou/obj tofu.c
99.03.14 13:19 B f:\mirror1\d\jingzhou\obj\toukui.c --> www1.yn.cninfo.net /mudcctx/mudlib/d/jingzhou/obj toukui.c
99.03.14 13:19 B f:\mirror1\d\jingzhou\obj\xblade.c --> www1.yn.cninfo.net /mudcctx/mudlib/d/jingzhou/obj xblade.c
99.03.14 13:19 B f:\mirror1\d\jingzhou\obj\xuedao-jing.c --> www1.yn.cninfo.net /mudcctx/mudlib/d/jingzhou/obj xuedao-jing.c
99.03.14 13:19 B f:\mirror1\d\jingzhou\obj\yang.c --> www1.yn.cninfo.net /mudcctx/mudlib/d/jingzhou/obj yang.c
99.03.14 13:19 B f:\mirror1\d\jingzhou\obj\yangjing.c --> www1.yn.cninfo.net /mudcctx/mudlib/d/jingzhou/obj yangjing.c
99.03.14 13:19 B f:\mirror1\d\jingzhou\obj\yangxin.c --> www1.yn.cninfo.net /mudcctx/mudlib/d/jingzhou/obj yangxin.c
99.03.14 13:19 B f:\mirror1\d\jingzhou\obj\yaoshi.c --> www1.yn.cninfo.net /mudcctx/mudlib/d/jingzhou/obj yaoshi.c
99.03.14 13:19 B f:\mirror1\d\jingzhou\obj\yayifu.c --> www1.yn.cninfo.net /mudcctx/mudlib/d/jingzhou/obj yayifu.c
99.03.14 13:19 B f:\mirror1\d\jingzhou\obj\zaisheng.c --> www1.yn.cninfo.net /mudcctx/mudlib/d/jingzhou/obj zaisheng.c
99.03.14 13:19 B f:\mirror1\d\jingzhou\obj\zhitao.c --> www1.yn.cninfo.net /mudcctx/mudlib/d/jingzhou/obj zhitao.c
99.03.14 13:19 B f:\mirror1\d\jingzhou\obj\zhubang.c --> www1.yn.cninfo.net /mudcctx/mudlib/d/jingzhou/obj zhubang.c
