天下有敌(tod) 删除 /u/tod/obj/gem.c on Mon Oct 07 10:11:10 2002
天下有敌(tod) 删除 /u/tod/obj/cloth.c on Mon Oct 07 10:19:01 2002
小人物(hxsd) 删除 /backup/2002-10-3 on Mon Oct 07 19:46:35 2002
小人物(hxsd) 删除 /backup/2002-10-4 on Mon Oct 07 19:46:47 2002
小人物(hxsd) 删除 /backup/2002-10-5 on Mon Oct 07 19:47:30 2002
小人物(hxsd) 删除 /backup/2002-10-6 on Mon Oct 07 19:47:42 2002
小人物(hxsd) 删除 /backup/2002-10-7 on Mon Oct 07 19:48:42 2002
天下有敌(tod) 删除 /u/tod/obj/skysword1.c on Fri Oct 11 07:57:44 2002
天下有敌(tod) 删除 /u/tod/obj/skysword1.c on Sat Oct 12 13:29:59 2002
天下有敌(tod) 删除 /u/tod/obj/gem.c on Sat Oct 12 13:30:02 2002
小人物(hxsd) 删除 /data/npc/champion.o on Sun Oct 13 19:42:00 2002
小人物(hxsd) 删除 /data/npc/champion1.o on Sun Oct 13 19:42:22 2002
小人物(hxsd) 删除 /backup/2002-10-10 on Sun Oct 13 21:03:21 2002
小人物(hxsd) 删除 /backup/2002-10-11 on Sun Oct 13 21:03:39 2002
小人物(hxsd) 删除 /backup/2002-10-12 on Sun Oct 13 21:04:29 2002
小人物(hxsd) 删除 /backup/2002-10-9 on Sun Oct 13 21:04:56 2002
小人物(hxsd) 删除 /backup/2002-10-13 on Sun Oct 13 21:06:49 2002
小人物(hxsd) 删除 /binaries/d on Sun Oct 13 21:10:40 2002
小人物(hxsd) 删除 /binaries/kungfu on Sun Oct 13 21:11:07 2002
小人物(hxsd) 删除 /binaries/quest on Sun Oct 13 21:11:27 2002
小人物(hxsd) 删除 /data/npc/champion_lx.o on Wed Oct 16 02:05:56 2002
小人物(hxsd) 删除 /data/npc/champion_wdj.o on Wed Oct 16 02:06:06 2002
小人物(hxsd) 删除 /data/npc/champion_qz.o on Wed Oct 16 02:06:10 2002
小人物(hxsd) 删除 /data/npc/champion_xy.o on Wed Oct 16 02:06:21 2002
小人物(hxsd) 删除 /data/npc/champion_dali.o on Wed Oct 16 02:06:52 2002
小人物(hxsd) 删除 /data/npc/champion_dl.o on Wed Oct 16 02:06:57 2002
小人物(hxsd) 删除 /data/npc/champion_kl.o on Wed Oct 16 02:10:19 2002
小人物(hxsd) 删除 /login on Tue Oct 22 03:35:34 2002
小人物(hxsd) 删除 /data/npc/champion1.o on Mon Oct 28 02:16:47 2002
小人物(hxsd) 删除 /data/npc/champion.o on Mon Oct 28 02:16:49 2002
小人物(hxsd) 删除 /backup/2002-10-24] on Mon Oct 28 21:06:15 2002
小人物(hxsd) 删除 /backup/2002-10-24 on Mon Oct 28 21:06:17 2002
小人物(hxsd) 删除 /backup/2002-10-28 on Mon Oct 28 21:06:37 2002
小人物(hxsd) 删除 /backup/2002-10-25 on Mon Oct 28 21:07:05 2002
小人物(hxsd) 删除 /backup/2002-10-26 on Mon Oct 28 21:07:21 2002
小人物(hxsd) 删除 /backup/2002-10-27 on Mon Oct 28 21:07:37 2002
小人物(hxsd) 删除 /binaries/d on Mon Oct 28 21:08:35 2002
小人物(hxsd) 删除 /binaries/kungfu on Mon Oct 28 21:09:54 2002
小人物(hxsd) 删除 /binaries/quest on Mon Oct 28 21:09:59 2002
小人物(hxsd) 删除 /backup/2002-11-13 on Sun Nov 17 20:49:43 2002
小人物(hxsd) 删除 /backup/2002-11-14 on Sun Nov 17 20:49:58 2002
小人物(hxsd) 删除 /backup/2002-11-15 on Sun Nov 17 20:50:23 2002
小人物(hxsd) 删除 /backup/2002-11-16 on Sun Nov 17 20:50:41 2002
小人物(hxsd) 删除 /backup/2002-11-17 on Sun Nov 17 20:50:58 2002
小人物(hxsd) 删除 /binaries/d on Sun Nov 17 20:51:41 2002
小人物(hxsd) 删除 /binaries/kungfu on Sun Nov 17 20:52:08 2002
小人物(hxsd) 删除 /binaries/quest on Sun Nov 17 20:52:14 2002
小人物(hxsd) 删除 /login on Thu Nov 21 23:22:30 2002
小人物(hxsd) 删除 /login on Tue Dec 03 21:42:49 2002
小人物(hxsd) 删除 /backup/2002-12-3 on Tue Dec 03 21:43:17 2002
小人物(hxsd) 删除 /backup/2002-12-2 on Tue Dec 03 21:43:44 2002
小人物(hxsd) 删除 /backup/2002-12-1 on Tue Dec 03 21:44:09 2002
小人物(hxsd) 删除 /backup/2002-12-15 on Thu Dec 19 20:03:19 2002
小人物(hxsd) 删除 /backup/2002-12-16 on Thu Dec 19 20:03:44 2002
小人物(hxsd) 删除 /backup/2002-12-18 on Thu Dec 19 20:04:11 2002
小人物(hxsd) 删除 /backup/2002-12-19 on Thu Dec 19 20:05:00 2002
小人物(hxsd) 删除 /binaries/kungfu on Thu Dec 19 20:05:31 2002
小人物(hxsd) 删除 /binaries/quest on Thu Dec 19 20:05:36 2002
小人物(hxsd) 删除 /binaries/d on Thu Dec 19 20:05:41 2002
小人物(hxsd) 删除 /backup/2002-12-17 on Thu Dec 19 21:58:54 2002
小人物(hxsd) 删除 /binaries/kungfu on Mon Dec 23 02:00:58 2002
小人物(hxsd) 删除 /binaries/inherit on Sat Dec 28 04:06:52 2002
小人物(hxsd) 删除 /binaries/u on Sun Dec 29 19:55:48 2002
小人物(hxsd) 删除 /binaries/d on Sun Dec 29 19:55:50 2002
小人物(hxsd) 删除 /binaries/kungfu on Sun Dec 29 19:56:12 2002
小人物(hxsd) 删除 /binaries/quest on Sun Dec 29 19:56:19 2002
小人物(hxsd) 删除 /backup/2002-12-26 on Sun Dec 29 19:56:36 2002
小人物(hxsd) 删除 /backup/2002-12-27 on Sun Dec 29 19:57:02 2002
小人物(hxsd) 删除 /backup/2002-12-25 on Sun Dec 29 21:33:56 2002
小人物(hxsd) 删除 /backup/2002-12-28 on Sun Dec 29 21:34:19 2002
小人物(hxsd) 删除 /backup/2002-12-29 on Sun Dec 29 21:34:45 2002
某人(hxsd) 删除 /data/npc/champion_bt on Sat Nov 22 07:38:19 2003
某人(hxsd) 删除 /data/npc/champion_bt.o on Sat Nov 22 07:39:22 2003
某人(hxsd) 删除 /binaries on Thu Jan 29 14:57:22 2004
某人(hxsd) 删除 /data/user/arcao.o on Thu Jan 29 15:24:12 2004
某人(hxsd) 删除 /data/user/bullet.o on Thu Jan 29 15:24:13 2004
某人(hxsd) 删除 /data/user/xiamiwd.o on Thu Jan 29 15:24:16 2004
某人(hxsd) 删除 /backup/2004-2-8 on Thu Feb 12 07:12:07 2004
某人(hxsd) 删除 /backup/2004-2-9 on Thu Feb 12 07:12:37 2004
某人(hxsd) 删除 /data/user/b/sug.o on Sun Feb 15 10:06:58 2004
某人(hxsd) 删除 /backup/2004-2-15 on Sun Feb 15 10:13:36 2004
某人(hxsd) 删除 /backup/2004-2-14 on Sun Feb 15 10:13:58 2004
某人(hxsd) 删除 /backup/2004-2-13 on Sun Feb 15 10:14:29 2004
某人(hxsd) 删除 /binaries/d on Sun Feb 15 10:15:42 2004
某人(hxsd) 删除 /binaries/data on Sun Feb 15 10:16:03 2004
某人(hxsd) 删除 /binaries/quest on Sun Feb 15 10:16:03 2004
某人(hxsd) 删除 /binaries/adm on Sun Feb 15 10:16:05 2004
某人(hxsd) 删除 /binaries/u on Sun Feb 15 10:16:05 2004
某人(hxsd) 删除 /u/yqh/suit.c on Tue Mar 02 10:28:45 2004
某人(hxsd) 删除 /binaries/u on Tue Apr 20 13:02:29 2004
某人(hxsd) 删除 /cmds/std/lookt.c on Tue Apr 20 13:10:04 2004
刮风(guaf) 删除 /u/dhxy/red1.c1083661167 on Wed May 12 13:42:33 2004
刮风(guaf) 删除 /u/xyanhu/3qing.c on Thu Jun 17 10:09:52 2004
某人(hxsd) 删除 /kungfu/skill/spells-unarmed.c on Sat Jul 31 11:47:54 2004
某人(hxsd) 删除 /data/login/d/dust.o on Thu Aug 19 12:22:08 2004
某人(hxsd) 删除 /data/user/a/jinby.o on Tue Dec 21 16:25:44 2004
某人(hxsd) 删除 /data/user/a on Thu Feb 24 07:48:25 2005
某人(hxsd) 删除 /data/user/b on Thu Feb 24 07:48:27 2005
某人(hxsd) 删除 /data/user/c on Thu Feb 24 07:48:28 2005
某人(hxsd) 删除 /data/user/d on Thu Feb 24 07:48:28 2005
某人(hxsd) 删除 /data/user/e on Thu Feb 24 07:48:29 2005
某人(hxsd) 删除 /data/user/f on Thu Feb 24 07:48:29 2005
某人(hxsd) 删除 /data/user/g on Thu Feb 24 07:48:32 2005
某人(hxsd) 删除 /data/user/i on Thu Feb 24 07:48:35 2005
某人(hxsd) 删除 /data/user/j on Thu Feb 24 07:48:37 2005
某人(hxsd) 删除 /data/user/k on Thu Feb 24 07:48:37 2005
某人(hxsd) 删除 /data/user/l on Thu Feb 24 07:48:37 2005
某人(hxsd) 删除 /data/user/m on Thu Feb 24 07:48:38 2005
某人(hxsd) 删除 /data/user/n on Thu Feb 24 07:48:39 2005
某人(hxsd) 删除 /data/user/o on Thu Feb 24 07:48:40 2005
某人(hxsd) 删除 /data/user/p on Thu Feb 24 07:48:41 2005
某人(hxsd) 删除 /data/user/q on Thu Feb 24 07:48:41 2005
某人(hxsd) 删除 /data/user/r on Thu Feb 24 07:48:42 2005
某人(hxsd) 删除 /data/user/s on Thu Feb 24 07:48:42 2005
某人(hxsd) 删除 /data/user/t on Thu Feb 24 07:48:43 2005
某人(hxsd) 删除 /data/user/u on Thu Feb 24 07:48:44 2005
某人(hxsd) 删除 /data/user/v on Thu Feb 24 07:49:12 2005
某人(hxsd) 删除 /data/user/w on Thu Feb 24 07:49:12 2005
某人(hxsd) 删除 /data/user/x on Thu Feb 24 07:49:12 2005
某人(hxsd) 删除 /data/user/y on Thu Feb 24 07:49:12 2005
某人(hxsd) 删除 /data/user/z on Thu Feb 24 07:49:12 2005
某人(hxsd) 删除 /data/user/h/*.* on Thu Feb 24 07:49:36 2005
某人(hxsd) 删除 /data/user/user on Thu Feb 24 07:51:25 2005
某人(hxsd) 删除 /backup/2005-2-23/user/login on Thu Feb 24 07:52:16 2005
某人(hxsd) 删除 /data/user/login on Thu Feb 24 07:53:26 2005
某人(hxsd) 删除 /data/user/h on Thu Feb 24 07:53:35 2005
刮风(guaf) 删除 /u/guaf/hxsd/编辑 on Tue Aug 01 14:22:34 2006
刮风(guaf) 删除 /u/guaf/hxsd/结果.htm on Tue Aug 01 14:22:39 2006
刮风(guaf) 删除 /u/guaf/hxsd on Tue Aug 01 14:26:33 2006
某人(hxsd) 删除 /cmds/usr/8104caob on Wed Sep 13 10:51:19 2006
某人(hxsd) 删除 /cmds/usr/tpwd.c on Wed Sep 13 10:51:31 2006
某人(hxsd) 删除 /data/user/board on Tue Jan 16 09:03:29 2007
某人(hxsd) 删除 /data/user/login on Tue Jan 16 09:03:30 2007
某人(hxsd) 删除 /data/user/user on Tue Jan 16 09:03:32 2007
某人(hxsd) 删除 /data/s on Tue Jan 16 09:08:43 2007
某人(hxsd) 删除 /data/data.rar on Tue Jan 16 09:09:02 2007
某人(hxsd) 删除 /data/npc/champion_* on Tue May 29 10:04:58 2007
某人(hxsd) 删除 /data/npc/champion_qz.o on Mon Jun 30 15:36:21 2008
某人(hxsd) 删除 /binaries/d/city2 on Fri Nov 07 11:00:22 2008
某人(hxsd) 删除 /binaries/d/yunhe on Fri Nov 07 11:16:57 2008
某人(hxsd) 删除 /binaries/feature on Fri Nov 07 15:02:36 2008
某人(hxsd) 删除 /binaries/inherit on Fri Nov 07 15:03:43 2008
某人(hxsd) 删除 /binaries/inherit on Fri Nov 07 15:06:04 2008
某人(hxsd) 删除 /binaries/feature on Fri Nov 07 15:06:07 2008
某人(hxsd) 删除 /d/hainan/obj/liusha.c on Sat Nov 15 16:48:20 2008
某人(hxsd) 删除 /d/hainan/obj/liusha.c on Sat Nov 15 16:51:50 2008
某人(hxsd) 删除 /d/hainan/obj/liusha.c on Sat Nov 15 16:52:05 2008
某人(hxsd) 删除 /d/hainan/obj/liusha.c on Sat Nov 15 16:52:06 2008
某人(hxsd) 删除 /d/hainan/obj/liusha.c on Sat Nov 15 16:52:45 2008
某人(hxsd) 删除 /d/hainan/obj/liusha.c on Sat Nov 15 16:52:47 2008
某人(hxsd) 删除 /d/hainan/obj/liusha.c on Sat Nov 15 16:53:37 2008
某人(hxsd) 删除 /d/quanzhou.old on Tue Nov 18 22:33:46 2008
某人(hxsd) 删除 /binaries/kungfu on Tue Nov 18 23:10:49 2008
某人(hxsd) 删除 /d/lanzhouxx on Wed Nov 19 15:14:13 2008
某人(hxsd) 删除 /d/chengdu/eastgate.c on Fri Nov 21 18:45:15 2008
某人(hxsd) 删除 /d/chengdu/fuheqiaon.c on Fri Nov 21 18:45:21 2008
某人(hxsd) 删除 /d/chengdu/eastgate.c on Fri Nov 21 18:46:06 2008
某人(hxsd) 删除 /d/chengdu/eastgate.c on Fri Nov 21 18:48:21 2008
某人(hxsd) 删除 /d/chengdu/eastgate.c on Fri Nov 21 18:50:35 2008
某人(hxsd) 删除 /d/chengdu/eastgate.c on Fri Nov 21 18:50:38 2008
某人(hxsd) 删除 /d/chengdu/eastgate.c on Fri Nov 21 18:50:39 2008
某人(hxsd) 删除 /d/chengdu/eastgate.c on Fri Nov 21 18:50:40 2008
某人(hxsd) 删除 /d/chengdu/eastgate.c on Fri Nov 21 18:50:40 2008
某人(hxsd) 删除 /d/chengdu/eastgate.c on Fri Nov 21 18:50:40 2008
某人(hxsd) 删除 /d/chengdu/eastgate.c on Fri Nov 21 18:50:40 2008
某人(hxsd) 删除 /d/chengdu/eastgate.c on Fri Nov 21 18:50:41 2008
某人(hxsd) 删除 /d/chengdu/eastgate.c on Fri Nov 21 18:51:29 2008
某人(hxsd) 删除 /d/fuzhou/nanhoujie3.c on Sun Nov 23 16:30:29 2008
某人(hxsd) 删除 /d/gaoli/dadi.c on Wed Nov 26 20:49:06 2008
某人(hxsd) 删除 /zangbei on Thu Nov 27 21:05:19 2008
某人(hxsd) 删除 /binaries/d/xizang on Thu Nov 27 21:29:22 2008
某人(hxsd) 删除 /d/annan/npc/xiaoer on Sat Nov 29 21:15:28 2008
某人(hxsd) 删除 /d/annan/npc/xiaoer.c on Sat Nov 29 21:15:31 2008
某人(hxsd) 删除 /d/annan/npc/xiaoer.c on Sat Nov 29 21:17:12 2008
某人(hxsd) 删除 /d/annan/npc/xiaoer.c on Sat Nov 29 21:17:43 2008
某人(hxsd) 删除 /d/annan/npc/xiaoer.c on Sat Nov 29 21:19:26 2008
某人(hxsd) 删除 /d/annan/npc/xiaoer.c on Sat Nov 29 21:23:51 2008
某人(hxsd) 删除 /binaries/d/hainan on Sat Nov 29 21:36:50 2008
某人(hxsd) 删除 /d/binghuo/npc/jiang.c on Wed Dec 03 22:14:37 2008
某人(hxsd) 删除 /d/binghuo/npc/jiang.c on Wed Dec 03 22:14:44 2008
某人(hxsd) 删除 /d/binghuo/npc/jiang.c on Wed Dec 03 22:14:45 2008
某人(hxsd) 删除 /d/binghuo/npc/jiang.c on Wed Dec 03 22:14:45 2008
某人(hxsd) 删除 /d/binghuo/npc/jiang.c on Wed Dec 03 22:14:45 2008
某人(hxsd) 删除 /d/binghuo/npc/jiang.c on Wed Dec 03 22:14:45 2008
某人(hxsd) 删除 /d/binghuo/npc/jiang.c on Wed Dec 03 22:14:45 2008
某人(hxsd) 删除 /d/binghuo/npc/jiang.c on Wed Dec 03 22:14:45 2008
某人(hxsd) 删除 /d/binghuo/npc/jiang.c on Wed Dec 03 22:16:46 2008
某人(hxsd) 删除 /d/binghuo/npc/jiang.c on Wed Dec 03 22:16:59 2008
某人(hxsd) 删除 /d/binghuo/npc/jiang.c on Wed Dec 03 22:18:35 2008
某人(hxsd) 删除 /kungfu/skill/taishan-sword on Fri Dec 05 20:41:38 2008
某人(hxsd) 删除 /kungfu/skill/taishan-sword.c on Fri Dec 05 20:41:42 2008
某人(hxsd) 删除 /kungfu/skill/taishan-sword.c on Fri Dec 05 20:41:52 2008
某人(hxsd) 删除 /kungfu/skill/taishan-sword.c on Fri Dec 05 20:41:52 2008
某人(hxsd) 删除 /kungfu/skill/taishan-sword.c on Fri Dec 05 20:41:52 2008
某人(hxsd) 删除 /kungfu/skill/taishan-sword.c on Fri Dec 05 20:41:52 2008
某人(hxsd) 删除 /kungfu/skill/taishan-sword.c on Fri Dec 05 20:42:15 2008
某人(hxsd) 删除 /kungfu/skill/taishan-sword.c on Fri Dec 05 20:42:15 2008
某人(hxsd) 删除 /kungfu/skill/taishan-sword.c on Fri Dec 05 20:42:15 2008
某人(hxsd) 删除 /kungfu/skill/taishan-sword.c on Fri Dec 05 20:42:16 2008
某人(hxsd) 删除 /kungfu/skill/taishan-sword.c on Fri Dec 05 20:42:16 2008
某人(hxsd) 删除 /kungfu/skill/taishan-sword.c on Fri Dec 05 20:42:16 2008
某人(hxsd) 删除 /kungfu/skill/taishan-sword.c on Fri Dec 05 20:42:16 2008
某人(hxsd) 删除 /kungfu/skill/taishan-sword.c on Fri Dec 05 20:42:16 2008
某人(hxsd) 删除 /kungfu/skill/taishan-sword.c on Fri Dec 05 20:42:17 2008
某人(hxsd) 删除 /kungfu/skill/taishan-sword.c on Fri Dec 05 20:42:17 2008
某人(hxsd) 删除 /kungfu/skill/taishan-sword.c on Fri Dec 05 20:42:17 2008
某人(hxsd) 删除 /kungfu/skill/taishan-sword.c on Fri Dec 05 20:42:17 2008
某人(hxsd) 删除 /kungfu/skill/taishan-sword.c on Fri Dec 05 20:42:17 2008
某人(hxsd) 删除 /kungfu/skill/taishan-sword.c on Fri Dec 05 20:42:34 2008
某人(hxsd) 删除 /kungfu/skill/taishan-sword.c on Fri Dec 05 20:42:34 2008
某人(hxsd) 删除 /kungfu/skill/taishan-sword.c on Fri Dec 05 20:42:34 2008
某人(hxsd) 删除 /kungfu/skill/taishan-sword.c on Fri Dec 05 20:43:14 2008
某人(hxsd) 删除 /kungfu/skill/taishan-sword.c on Fri Dec 05 20:43:18 2008
某人(hxsd) 删除 /kungfu/skill/taishan-sword.c on Fri Dec 05 20:50:17 2008
某人(hxsd) 删除 /kungfu/skill/taishan-sword.c on Fri Dec 05 20:50:19 2008
某人(hxsd) 删除 /kungfu/skill/taishan-sword.c on Fri Dec 05 20:50:19 2008
某人(hxsd) 删除 /kungfu/skill/taishan-sword.c on Fri Dec 05 20:50:19 2008
某人(hxsd) 删除 /kungfu/skill/taishan-sword.c on Fri Dec 05 20:50:20 2008
某人(hxsd) 删除 /kungfu/skill/taishan-sword.c on Fri Dec 05 20:50:20 2008
某人(hxsd) 删除 /kungfu/skill/taishan-sword.c on Fri Dec 05 20:50:20 2008
某人(hxsd) 删除 /kungfu/skill/taishan-sword.c on Fri Dec 05 20:50:20 2008
某人(hxsd) 删除 /kungfu/skill/taishan-sword.c on Fri Dec 05 20:50:20 2008
某人(hxsd) 删除 /kungfu/skill/taishan-sword.c on Fri Dec 05 20:50:21 2008
某人(hxsd) 删除 /kungfu/skill/taishan-sword.c on Fri Dec 05 20:50:59 2008
某人(hxsd) 删除 /d/taishan/npc/chi.c on Fri Dec 05 20:51:09 2008
某人(hxsd) 删除 /d/taishan/npc/chi.c on Fri Dec 05 20:51:16 2008
某人(hxsd) 删除 /kungfu/skill/hanbing-zhenqi.c on Sat Dec 06 22:22:49 2008
某人(hxsd) 删除 /kungfu/skill/hanbing-zhenqi.c on Sat Dec 06 22:22:49 2008
某人(hxsd) 删除 /kungfu/skill/hanbing-zhenqi.c on Sat Dec 06 22:22:49 2008
某人(hxsd) 删除 /kungfu/skill/hanbing-zhenqi.c on Sat Dec 06 22:22:49 2008
某人(hxsd) 删除 /kungfu/skill/hanbing-zhenqi.c on Sat Dec 06 22:22:49 2008
某人(hxsd) 删除 /kungfu/skill/hanbing-zhenqi.c on Sat Dec 06 22:22:49 2008
某人(hxsd) 删除 /kungfu/skill/hanbing-zhenqi.c on Sat Dec 06 22:22:49 2008
某人(hxsd) 删除 /kungfu/class/songshan/obj/yellow-cloth.c on Sat Dec 06 22:31:59 2008
某人(hxsd) 删除 /kungfu/class/songshan/obj/yellow-cloth.c on Sat Dec 06 22:32:02 2008
某人(hxsd) 删除 /d/hengshanOLD on Fri Dec 12 23:02:50 2008
某人(hxsd) 删除 /d/henshanold on Fri Dec 12 23:03:01 2008
某人(hxsd) 删除 /d/kaifengold on Fri Dec 12 23:03:12 2008
某人(hxsd) 删除 /d/luoyangold on Fri Dec 12 23:03:41 2008
某人(hxsd) 删除 /d/qingchengold on Fri Dec 12 23:03:52 2008
某人(hxsd) 删除 /d/songshanold on Fri Dec 12 23:04:01 2008
某人(hxsd) 删除 /d/taishanold on Fri Dec 12 23:04:07 2008
某人(hxsd) 删除 /d/test on Fri Dec 12 23:05:46 2008
某人(hxsd) 删除 /d/jqgold on Fri Dec 12 23:07:36 2008
某人(hxsd) 删除 /d/haapy on Fri Dec 12 23:08:19 2008
某人(hxsd) 删除 /d/happy on Fri Dec 12 23:08:27 2008
某人(hxsd) 删除 /d/hxsd on Fri Dec 12 23:08:55 2008
某人(hxsd) 删除 /data/toptennew.o on Wed Dec 24 21:12:58 2008
某人(hxsd) 删除 /d/taiyuan/qibaozhai.c on Thu Jan 01 19:47:44 2009
某人(hxsd) 删除 /d/taiyuan/road8a.c on Thu Jan 01 19:54:24 2009
某人(hxsd) 删除 /d/taiyuan/road8a.c on Thu Jan 01 19:55:49 2009
某人(hxsd) 删除 /d/taiyuan/road8a.c on Thu Jan 01 19:57:57 2009
某人(hxsd) 删除 /d/suiye/npc/npc on Sat Jan 03 20:21:08 2009
某人(hxsd) 删除 /d/huanggon on Sat Jan 03 20:44:36 2009
某人(hxsd) 删除 /d/xinjiang/npc/obj/hat.c on Sat Jan 03 22:22:15 2009
某人(hxsd) 删除 /d/xinjiang/npc/obj/hat.c on Sat Jan 03 22:24:02 2009
某人(hxsd) 删除 /d/xinjiang/npc/obj/hat.c on Sat Jan 03 22:25:36 2009
某人(hxsd) 删除 /d/xinjiang/npc/obj/hat.c on Sat Jan 03 22:27:01 2009
某人(hxsd) 删除 /d/xinjiang/npc/baiyi.c on Sat Jan 03 22:27:35 2009
某人(hxsd) 删除 /d/xinjiang/npc/obj/hat.c on Sat Jan 03 22:31:59 2009
某人(hxsd) 删除 /d/working on Wed Jan 07 20:26:48 2009
某人(hxsd) 删除 /d/wizard on Sat Jan 10 10:21:10 2009
某人(hxsd) 删除 /d/hg on Sat Jan 10 10:30:13 2009
某人(hxsd) 删除 /d/unpker on Sat Jan 10 10:31:32 2009
某人(hxsd) 删除 /d/yongdeng on Sat Jan 24 10:54:50 2009
某人(hxsd) 删除 /data/npc/champion_hj.c on Tue Jan 27 20:29:32 2009
某人(hxsd) 删除 /data/npc/champion_hj.o on Tue Jan 27 20:29:46 2009
某人(hxsd) 删除 /data/npc/champion_mz.o on Tue Jan 27 20:34:46 2009
某人(hxsd) 删除 /code.rar on Mon Feb 16 08:09:19 2009
某人(hxsd) 删除 /login on Mon Feb 16 08:09:32 2009
某人(hxsd) 删除 /kungfu/skill/enmeiryu.c on Thu Feb 19 21:31:04 2009
某人(hxsd) 删除 /kungfu/skill/enmeiryu.c on Thu Feb 19 21:33:25 2009
